id,subject,file_path,line_number,content
34020,hadoop-trunk,/Users/holen/DegreeProject/mstracker-RQ3/hadoop-trunk/hadoop-yarn-project/hadoop-yarn/hadoop-yarn-common/target/surefire-reports/org.apache.hadoop.yarn.TestContainerResourceIncreaseRPC-output.txt,9,"2021-01-27 17:15:04,568 INFO  [Listener at localhost/39437] yarn.TestContainerResourceIncreaseRPC (TestContainerResourceIncreaseRPC.java:testRPCTimeout(124)) - java.net.SocketTimeoutException: Call From sense02.encs.concordia.ca/192.168.165.202 to localhost:39437 failed on socket timeout exception: java.net.SocketTimeoutException: 3000 millis timeout while waiting for channel to be ready for read. ch : java.nio.channels.SocketChannel[connected local=/127.0.0.1:33016 remote=/127.0.0.1:39437]; For more details see:  http://wiki.apache.org/hadoop/SocketTimeout"
626287,hbase-master,/Users/holen/DegreeProject/mstracker-RQ3/hbase-master/hbase-server/target/surefire-reports/org.apache.hadoop.hbase.util.TestRegionSplitCalculator-output.txt,97,"2021-03-01 22:30:21,444 INFO  [Time-limited test] util.TestRegionSplitCalculator(289): 91c2b751-e02a-ed50-572a-616c4ec62420 - 94c41cbd-e327-6862-bfa0-23d16b86fc5e"
57833,hadoop-trunk,/Users/holen/DegreeProject/mstracker-RQ3/hadoop-trunk/hadoop-hdfs-project/hadoop-hdfs/target/surefire-reports/org.apache.hadoop.fs.TestUnbuffer-output.txt,1707,"2021-01-27 10:57:03,126 [Listener at localhost/40265] INFO  fs.TestUnbuffer (TestUnbuffer.java:testOpenManyFilesViaTcp(119)) - opening file 498..."
20501,hadoop-trunk,/Users/holen/DegreeProject/mstracker-RQ3/hadoop-trunk/hadoop-yarn-project/hadoop-yarn/hadoop-yarn-server/hadoop-yarn-server-nodemanager/target/surefire-reports/org.apache.hadoop.yarn.server.nodemanager.containermanager.monitor.TestContainersMonitor-output.txt,383,"2021-01-27 17:36:56,068 INFO  [NM ContainerManager dispatcher] monitor.TestContainersMonitor (BaseContainerManagerTest.java:delete(303)) - Psuedo delete: user - nobody, type - FILE"
1586,activemq-master,/Users/holen/DegreeProject/mstracker-RQ3/activemq-master/activemq-unit-tests/target/surefire-reports/org.apache.activemq.usecases.ConsumeTopicPrefetchTest-output.txt,28,"2020-12-10 18:16:49,959 [main           ] - INFO  ConsumeTopicPrefetchTest       - inflight for : org.apache.activemq.usecases.ConsumeTopicPrefetchTest.testSendDoublePrefetchSize: 100"
83330,hadoop-trunk,/Users/holen/DegreeProject/mstracker-RQ3/hadoop-trunk/hadoop-hdfs-project/hadoop-hdfs/target/surefire-reports/org.apache.hadoop.hdfs.server.namenode.TestQuotaByStorageType-output.txt,7389,"2021-01-27 13:43:59,576 [Time-limited test] INFO  namenode.TestQuotaByStorageType (TestQuotaByStorageType.java:testQuotaByStorageTypeExceptionWithFileCreate(307)) - Got expected exception "
37126,hadoop-trunk,/Users/holen/DegreeProject/mstracker-RQ3/hadoop-trunk/hadoop-mapreduce-project/hadoop-mapreduce-client/hadoop-mapreduce-client-app/target/surefire-reports/org.apache.hadoop.mapreduce.v2.app.TestMRAppMaster-output.txt,11378,"2021-01-27 20:35:56,036 INFO  [Listener at 0.0.0.0/36029] app.TestMRAppMaster (TestMRAppMaster.java:testMRAppMasterFailLock(297)) - Caught expected Exception"
637700,zookeeper-master,/Users/holen/DegreeProject/mstracker-RQ3/zookeeper-master/zookeeper-server/target/surefire-reports/org.apache.zookeeper.test.LoadFromLogTest-output.txt,725,"2021-03-02 00:32:13,579 [myid:] - INFO  [main:LoadFromLogTest@84] - Txnlog size: 819328 bytes"
626192,hbase-master,/Users/holen/DegreeProject/mstracker-RQ3/hbase-master/hbase-server/target/surefire-reports/org.apache.hadoop.hbase.io.hfile.TestFixedFileTrailer-output.txt,74,"2021-03-01 22:23:51,721 INFO  [Time-limited test] hfile.TestFixedFileTrailer(218): Got an expected exception: Invalid HFile version: 1 (expected to be between 2 and 3)"
634782,tomcat-master,/Users/holen/DegreeProject/mstracker-RQ3/tomcat-master/output/build/logs/TEST-org.apache.catalina.tribes.group.interceptors.TestNonBlockingCoordinator.APR.txt,655,"Mar 03, 2021 1:18:04 AM org.apache.catalina.tribes.group.interceptors.TestNonBlockingCoordinator setUp"
35597,hadoop-trunk,/Users/holen/DegreeProject/mstracker-RQ3/hadoop-trunk/hadoop-common-project/hadoop-common/target/surefire-reports/org.apache.hadoop.fs.TestLocalFileSystemPermission-output.txt,15,"2021-01-27 10:27:13,483 INFO  fs.TestFcLocalFsPermission (TestLocalFileSystemPermission.java:testSetUmaskInRealTime(231)) - Current umask is 022"
17474,hadoop-trunk,/Users/holen/DegreeProject/mstracker-RQ3/hadoop-trunk/hadoop-yarn-project/hadoop-yarn/hadoop-yarn-applications/hadoop-yarn-applications-unmanaged-am-launcher/target/surefire-reports/org.apache.hadoop.yarn.applications.unmanagedamlauncher.TestUnmanagedAMLauncher-output.txt,1,"2021-01-27 20:25:25,497 INFO  [main] unmanagedamlauncher.TestUnmanagedAMLauncher (TestUnmanagedAMLauncher.java:setup(60)) - Starting up YARN cluster"
20185,hadoop-trunk,/Users/holen/DegreeProject/mstracker-RQ3/hadoop-trunk/hadoop-yarn-project/hadoop-yarn/hadoop-yarn-server/hadoop-yarn-server-common/target/surefire-reports/org.apache.hadoop.yarn.server.uam.TestUnmanagedApplicationManager-output.txt,188,"2021-01-27 17:17:20,616 INFO  [Time-limited test] uam.TestUnmanagedApplicationManager (TestUnmanagedApplicationManager.java:testSlowRegisterCall(224)) - Register thread finished"
84999,hadoop-trunk,/Users/holen/DegreeProject/mstracker-RQ3/hadoop-trunk/hadoop-hdfs-project/hadoop-hdfs/target/surefire-reports/org.apache.hadoop.hdfs.server.namenode.ha.TestStandbyInProgressTail-output.txt,12461,"2021-01-27 12:43:21,843 [Listener at localhost/10174] INFO  ha.TestStandbyInProgressTail (TestStandbyInProgressTail.java:assertEditFiles(445)) - Checking no edit files exist in /home/users/hzhang/project/repo2test/hadoop-trunk/hadoop-hdfs-project/hadoop-hdfs/target/test/data/dfs/name-0-4/current"
20474,hadoop-trunk,/Users/holen/DegreeProject/mstracker-RQ3/hadoop-trunk/hadoop-yarn-project/hadoop-yarn/hadoop-yarn-server/hadoop-yarn-server-nodemanager/target/surefire-reports/org.apache.hadoop.yarn.server.nodemanager.webapp.TestNMContainerWebSocket-output.txt,45,"2021-01-27 17:20:57,690 INFO  [main] webapp.TestNMContainerWebSocket (TestNMContainerWebSocket.java:testWebServerWithServlet(129)) - bind to port: 36013"
85905,hadoop-trunk,/Users/holen/DegreeProject/mstracker-RQ3/hadoop-trunk/hadoop-hdfs-project/hadoop-hdfs/target/surefire-reports/org.apache.hadoop.hdfs.TestDFSPermission-output.txt,2,"2021-01-27 16:25:29,994 [main] INFO  hdfs.TestDFSPermission (TestDFSPermission.java:<clinit>(93)) - NUM_TEST_PERMISSIONS=51"
81934,hadoop-trunk,/Users/holen/DegreeProject/mstracker-RQ3/hadoop-trunk/hadoop-hdfs-project/hadoop-hdfs/target/surefire-reports/org.apache.hadoop.hdfs.server.datanode.TestDataNodeVolumeFailure-output.txt,3762,"2021-01-27 11:59:31,452 [Time-limited test] INFO  datanode.TestDataNodeVolumeFailure (TestDataNodeVolumeFailure.java:startNewDataNodeWithDiskFailure(614)) - Setting dfs.datanode.data.dir for new DataNode as /home/users/hzhang/project/repo2test/hadoop-trunk/hadoop-hdfs-project/hadoop-hdfs/target/test/data/dfs/data/failedDir/newDir1,/home/users/hzhang/project/repo2test/hadoop-trunk/hadoop-hdfs-project/hadoop-hdfs/target/test/data/dfs/data/data5"
637774,zookeeper-master,/Users/holen/DegreeProject/mstracker-RQ3/zookeeper-master/zookeeper-server/target/surefire-reports/org.apache.zookeeper.test.AsyncTest-output.txt,1065,"2021-03-02 00:34:40,972 [myid:] - INFO  [main:AsyncTest@54] - Test clients shutting down"
60507,hadoop-trunk,/Users/holen/DegreeProject/mstracker-RQ3/hadoop-trunk/hadoop-hdfs-project/hadoop-hdfs/target/surefire-reports/org.apache.hadoop.hdfs.TestDatanodeReport-output.txt,3308,"2021-01-27 16:16:22,153 [Listener at localhost/38121] INFO  hdfs.TestDatanodeReport (TestDatanodeReport.java:testDatanodeReport(129)) - XXX shutdown datanode 40fb06b5-e921-4740-be7c-7627808ff0f8"
85942,hadoop-trunk,/Users/holen/DegreeProject/mstracker-RQ3/hadoop-trunk/hadoop-hdfs-project/hadoop-hdfs/target/surefire-reports/org.apache.hadoop.hdfs.server.namenode.ha.TestRetryCacheWithHA-output.txt,31306,"2021-01-27 12:32:40,983 [Time-limited test] INFO  ha.TestRetryCacheWithHA (TestRetryCacheWithHA.java:testClientRetryWithFailover(1336)) - Got the result of concat: SUCCESS"
1791,activemq-master,/Users/holen/DegreeProject/mstracker-RQ3/activemq-master/activemq-unit-tests/target/surefire-reports/org.apache.activemq.JmsTopicSendReceiveTest-output.txt,13,"2020-12-10 14:37:04,845 [main           ] - INFO  JmsTopicSendReceiveTest        - Created  producer destination: topic://testSendReceive of type: class org.apache.activemq.command.ActiveMQTopic"
17550,hadoop-trunk,/Users/holen/DegreeProject/mstracker-RQ3/hadoop-trunk/hadoop-yarn-project/hadoop-yarn/hadoop-yarn-server/hadoop-yarn-server-resourcemanager/target/surefire-reports/org.apache.hadoop.yarn.server.resourcemanager.scheduler.capacity.TestApplicationLimits-output.txt,2578,"2021-01-27 17:56:04,353 INFO  [main] capacity.TestApplicationLimits (TestApplicationLimits.java:testLimitsComputation(307)) - Queue 'A' - aMResourceLimit=<memory:163840, vCores:1> UserAMResourceLimit=<memory:81920, vCores:1>"
16573,activemq-master,/Users/holen/DegreeProject/mstracker-RQ3/activemq-master/activemq-unit-tests/target/surefire-reports/org.apache.activemq.ExpiredAckAsyncConsumerTest-output.txt,21,"2020-12-10 14:32:46,613 [Thread-11      ] - INFO  ExpiredAckAsyncConsumerTest    - got message: Hello World: 1"
36840,hadoop-trunk,/Users/holen/DegreeProject/mstracker-RQ3/hadoop-trunk/hadoop-mapreduce-project/hadoop-mapreduce-client/hadoop-mapreduce-client-common/target/surefire-reports/org.apache.hadoop.mapred.TestMRWithDistributedCache-output.txt,34,"2021-01-27 20:31:03,241 INFO  [LocalJobRunner Map Task Executor #0] mapred.TestMRWithDistributedCache (TestMRWithDistributedCache.java:setup(119)) - Java Classpath: /home/users/hzhang/project/repo2test/hadoop-trunk/hadoop-mapreduce-project/hadoop-mapreduce-client/hadoop-mapreduce-client-common/target/test-classes:/home/users/hzhang/project/repo2test/hadoop-trunk/hadoop-mapreduce-project/hadoop-mapreduce-client/hadoop-mapreduce-client-common/target/classes:/home/users/hzhang/project/repo2test/hadoop-trunk/hadoop-yarn-project/hadoop-yarn/hadoop-yarn-common/target/hadoop-yarn-common-3.4.0-SNAPSHOT.jar:/home/users/hzhang/project/repo2test/hadoop-trunk/hadoop-yarn-project/hadoop-yarn/hadoop-yarn-api/target/hadoop-yarn-api-3.4.0-SNAPSHOT.jar:/home/users/hzhang/project/repo2test/hadoop-trunk/hadoop-common-project/hadoop-auth/target/hadoop-auth-3.4.0-SNAPSHOT.jar:/home/users/hzhang/.m2/repository/com/nimbusds/nimbus-jose-jwt/7.9/nimbus-jose-jwt-7.9.jar:/home/users/hzhang/.m2/repository/com/github/stephenc/jcip/jcip-annotations/1.0-1/jcip-annotations-1.0-1.jar:/home/users/hzhang/.m2/repository/net/minidev/json-smart/2.3/json-smart-2.3.jar:/home/users/hzhang/.m2/repository/net/minidev/accessors-smart/1.2/accessors-smart-1.2.jar:/home/users/hzhang/.m2/repository/org/ow2/asm/asm/5.0.4/asm-5.0.4.jar:/home/users/hzhang/.m2/repository/org/apache/curator/curator-framework/4.2.0/curator-framework-4.2.0.jar:/home/users/hzhang/.m2/repository/org/apache/kerby/kerb-simplekdc/1.0.1/kerb-simplekdc-1.0.1.jar:/home/users/hzhang/.m2/repository/org/apache/kerby/kerb-client/1.0.1/kerb-client-1.0.1.jar:/home/users/hzhang/.m2/repository/org/apache/kerby/kerby-config/1.0.1/kerby-config-1.0.1.jar:/home/users/hzhang/.m2/repository/org/apache/kerby/kerb-common/1.0.1/kerb-common-1.0.1.jar:/home/users/hzhang/.m2/repository/org/apache/kerby/kerb-crypto/1.0.1/kerb-crypto-1.0.1.jar:/home/users/hzhang/.m2/repository/org/apache/kerby/kerb-util/1.0.1/kerb-util-1.0.1.jar:/home/users/hzhang/.m2/repository/org/apache/kerby/token-provider/1.0.1/token-provider-1.0.1.jar:/home/users/hzhang/.m2/repository/org/apache/kerby/kerb-admin/1.0.1/kerb-admin-1.0.1.jar:/home/users/hzhang/.m2/repository/org/apache/kerby/kerb-server/1.0.1/kerb-server-1.0.1.jar:/home/users/hzhang/.m2/repository/org/apache/kerby/kerb-identity/1.0.1/kerb-identity-1.0.1.jar:/home/users/hzhang/.m2/repository/org/apache/kerby/kerby-xdr/1.0.1/kerby-xdr-1.0.1.jar:/home/users/hzhang/.m2/repository/javax/xml/bind/jaxb-api/2.2.11/jaxb-api-2.2.11.jar:/home/users/hzhang/.m2/repository/org/apache/commons/commons-compress/1.19/commons-compress-1.19.jar:/home/users/hzhang/.m2/repository/javax/servlet/javax.servlet-api/3.1.0/javax.servlet-api-3.1.0.jar:/home/users/hzhang/.m2/repository/org/eclipse/jetty/jetty-util/9.4.20.v20190813/jetty-util-9.4.20.v20190813.jar:/home/users/hzhang/.m2/repository/com/sun/jersey/jersey-core/1.19/jersey-core-1.19.jar:/home/users/hzhang/.m2/repository/javax/ws/rs/jsr311-api/1.1.1/jsr311-api-1.1.1.jar:/home/users/hzhang/.m2/repository/com/sun/jersey/jersey-client/1.19/jersey-client-1.19.jar:/home/users/hzhang/.m2/repository/commons-io/commons-io/2.5/commons-io-2.5.jar:/home/users/hzhang/.m2/repository/com/google/inject/guice/4.0/guice-4.0.jar:/home/users/hzhang/.m2/repository/javax/inject/javax.inject/1/javax.inject-1.jar:/home/users/hzhang/.m2/repository/aopalliance/aopalliance/1.0/aopalliance-1.0.jar:/home/users/hzhang/.m2/repository/com/sun/jersey/jersey-server/1.19/jersey-server-1.19.jar:/home/users/hzhang/.m2/repository/com/sun/jersey/jersey-json/1.19/jersey-json-1.19.jar:/home/users/hzhang/.m2/repository/org/codehaus/jettison/jettison/1.1/jettison-1.1.jar:/home/users/hzhang/.m2/repository/com/sun/xml/bind/jaxb-impl/2.2.3-1/jaxb-impl-2.2.3-1.jar:/home/users/hzhang/.m2/repository/org/codehaus/jackson/jackson-jaxrs/1.9.13/jackson-jaxrs-1.9.13.jar:/home/users/hzhang/.m2/repository/org/codehaus/jackson/jackson-xc/1.9.13/jackson-xc-1.9.13.jar:/home/users/hzhang/.m2/repository/com/sun/jersey/contribs/jersey-guice/1.19/jersey-guice-1.19.jar:/home/users/hzhang/.m2/repository/log4j/log4j/1.2.17/log4j-1.2.17.jar:/home/users/hzhang/.m2/repository/com/fasterxml/jackson/core/jackson-core/2.10.3/jackson-core-2.10.3.jar:/home/users/hzhang/.m2/repository/com/fasterxml/jackson/core/jackson-databind/2.10.3/jackson-databind-2.10.3.jar:/home/users/hzhang/.m2/repository/com/fasterxml/jackson/module/jackson-module-jaxb-annotations/2.10.3/jackson-module-jaxb-annotations-2.10.3.jar:/home/users/hzhang/.m2/repository/jakarta/xml/bind/jakarta.xml.bind-api/2.3.2/jakarta.xml.bind-api-2.3.2.jar:/home/users/hzhang/.m2/repository/com/fasterxml/jackson/jaxrs/jackson-jaxrs-json-provider/2.10.3/jackson-jaxrs-json-provider-2.10.3.jar:/home/users/hzhang/.m2/repository/com/fasterxml/jackson/jaxrs/jackson-jaxrs-base/2.10.3/jackson-jaxrs-base-2.10.3.jar:/home/users/hzhang/project/repo2test/hadoop-trunk/hadoop-yarn-project/hadoop-yarn/hadoop-yarn-client/target/hadoop-yarn-client-3.4.0-SNAPSHOT.jar:/home/users/hzhang/.m2/repository/org/eclipse/jetty/websocket/websocket-client/9.4.20.v20190813/websocket-client-9.4.20.v20190813.jar:/home/users/hzhang/.m2/repository/org/eclipse/jetty/jetty-client/9.4.20.v20190813/jetty-client-9.4.20.v20190813.jar:/home/users/hzhang/.m2/repository/org/eclipse/jetty/jetty-xml/9.4.20.v20190813/jetty-xml-9.4.20.v20190813.jar:/home/users/hzhang/.m2/repository/org/eclipse/jetty/jetty-io/9.4.20.v20190813/jetty-io-9.4.20.v20190813.jar:/home/users/hzhang/.m2/repository/org/eclipse/jetty/websocket/websocket-common/9.4.20.v20190813/websocket-common-9.4.20.v20190813.jar:/home/users/hzhang/.m2/repository/org/eclipse/jetty/websocket/websocket-api/9.4.20.v20190813/websocket-api-9.4.20.v20190813.jar:/home/users/hzhang/.m2/repository/org/jline/jline/3.9.0/jline-3.9.0.jar:/home/users/hzhang/project/repo2test/hadoop-trunk/hadoop-mapreduce-project/hadoop-mapreduce-client/hadoop-mapreduce-client-core/target/hadoop-mapreduce-client-core-3.4.0-SNAPSHOT.jar:/home/users/hzhang/.m2/repository/org/assertj/assertj-core/3.12.2/assertj-core-3.12.2.jar:/home/users/hzhang/.m2/repository/com/google/protobuf/protobuf-java/2.5.0/protobuf-java-2.5.0.jar:/home/users/hzhang/.m2/repository/org/apache/avro/avro/1.7.7/avro-1.7.7.jar:/home/users/hzhang/.m2/repository/org/codehaus/jackson/jackson-core-asl/1.9.13/jackson-core-asl-1.9.13.jar:/home/users/hzhang/.m2/repository/org/codehaus/jackson/jackson-mapper-asl/1.9.13/jackson-mapper-asl-1.9.13.jar:/home/users/hzhang/.m2/repository/com/thoughtworks/paranamer/paranamer/2.3/paranamer-2.3.jar:/home/users/hzhang/.m2/repository/org/xerial/snappy/snappy-java/1.0.5/snappy-java-1.0.5.jar:/home/users/hzhang/project/repo2test/hadoop-trunk/hadoop-common-project/hadoop-common/target/hadoop-common-3.4.0-SNAPSHOT.jar:/home/users/hzhang/.m2/repository/org/apache/hadoop/thirdparty/hadoop-shaded-protobuf_3_7/1.0.0/hadoop-shaded-protobuf_3_7-1.0.0.jar:/home/users/hzhang/.m2/repository/org/apache/commons/commons-math3/3.1.1/commons-math3-3.1.1.jar:/home/users/hzhang/.m2/repository/org/apache/httpcomponents/httpclient/4.5.6/httpclient-4.5.6.jar:/home/users/hzhang/.m2/repository/org/apache/httpcomponents/httpcore/4.4.10/httpcore-4.4.10.jar:/home/users/hzhang/.m2/repository/commons-net/commons-net/3.6/commons-net-3.6.jar:/home/users/hzhang/.m2/repository/jakarta/activation/jakarta.activation-api/1.2.1/jakarta.activation-api-1.2.1.jar:/home/users/hzhang/.m2/repository/org/eclipse/jetty/jetty-server/9.4.20.v20190813/jetty-server-9.4.20.v20190813.jar:/home/users/hzhang/.m2/repository/org/eclipse/jetty/jetty-http/9.4.20.v20190813/jetty-http-9.4.20.v20190813.jar:/home/users/hzhang/.m2/repository/org/eclipse/jetty/jetty-servlet/9.4.20.v20190813/jetty-servlet-9.4.20.v20190813.jar:/home/users/hzhang/.m2/repository/org/eclipse/jetty/jetty-security/9.4.20.v20190813/jetty-security-9.4.20.v20190813.jar:/home/users/hzhang/.m2/repository/org/eclipse/jetty/jetty-webapp/9.4.20.v20190813/jetty-webapp-9.4.20.v20190813.jar:/home/users/hzhang/.m2/repository/javax/servlet/jsp/jsp-api/2.1/jsp-api-2.1.jar:/home/users/hzhang/.m2/repository/com/sun/jersey/jersey-servlet/1.19/jersey-servlet-1.19.jar:/home/users/hzhang/.m2/repository/commons-beanutils/commons-beanutils/1.9.4/commons-beanutils-1.9.4.jar:/home/users/hzhang/.m2/repository/org/apache/commons/commons-configuration2/2.1.1/commons-configuration2-2.1.1.jar:/home/users/hzhang/.m2/repository/org/apache/commons/commons-lang3/3.7/commons-lang3-3.7.jar:/home/users/hzhang/.m2/repository/org/apache/commons/commons-text/1.4/commons-text-1.4.jar:/home/users/hzhang/.m2/repository/com/google/re2j/re2j/1.1/re2j-1.1.jar:/home/users/hzhang/.m2/repository/com/google/code/gson/gson/2.2.4/gson-2.2.4.jar:/home/users/hzhang/.m2/repository/com/jcraft/jsch/0.1.55/jsch-0.1.55.jar:/home/users/hzhang/.m2/repository/org/apache/curator/curator-client/4.2.0/curator-client-4.2.0.jar:/home/users/hzhang/.m2/repository/org/apache/curator/curator-recipes/4.2.0/curator-recipes-4.2.0.jar:/home/users/hzhang/.m2/repository/com/google/code/findbugs/jsr305/3.0.2/jsr305-3.0.2.jar:/home/users/hzhang/.m2/repository/org/apache/htrace/htrace-core4/4.1.0-incubating/htrace-core4-4.1.0-incubating.jar:/home/users/hzhang/.m2/repository/org/apache/zookeeper/zookeeper/3.5.6/zookeeper-3.5.6.jar:/home/users/hzhang/.m2/repository/org/apache/zookeeper/zookeeper-jute/3.5.6/zookeeper-jute-3.5.6.jar:/home/users/hzhang/.m2/repository/org/apache/yetus/audience-annotations/0.5.0/audience-annotations-0.5.0.jar:/home/users/hzhang/.m2/repository/org/apache/kerby/kerb-core/1.0.1/kerb-core-1.0.1.jar:/home/users/hzhang/.m2/repository/org/apache/kerby/kerby-pkix/1.0.1/kerby-pkix-1.0.1.jar:/home/users/hzhang/.m2/repository/org/apache/kerby/kerby-asn1/1.0.1/kerby-asn1-1.0.1.jar:/home/users/hzhang/.m2/repository/org/apache/kerby/kerby-util/1.0.1/kerby-util-1.0.1.jar:/home/users/hzhang/.m2/repository/org/codehaus/woodstox/stax2-api/3.1.4/stax2-api-3.1.4.jar:/home/users/hzhang/.m2/repository/com/fasterxml/woodstox/woodstox-core/5.0.3/woodstox-core-5.0.3.jar:/home/users/hzhang/.m2/repository/dnsjava/dnsjava/2.1.7/dnsjava-2.1.7.jar:/home/users/hzhang/.m2/repository/org/slf4j/slf4j-api/1.7.30/slf4j-api-1.7.30.jar:/home/users/hzhang/.m2/repository/org/slf4j/slf4j-log4j12/1.7.30/slf4j-log4j12-1.7.30.jar:/home/users/hzhang/project/repo2test/hadoop-trunk/hadoop-common-project/hadoop-annotations/target/hadoop-annotations-3.4.0-SNAPSHOT.jar:/home/users/hzhang/java/jdk1.8.0_261/jre/../lib/tools.jar:/home/users/hzhang/.m2/repository/org/mockito/mockito-core/2.28.2/mockito-core-2.28.2.jar:/home/users/hzhang/.m2/repository/net/bytebuddy/byte-buddy/1.9.10/byte-buddy-1.9.10.jar:/home/users/hzhang/.m2/repository/net/bytebuddy/byte-buddy-agent/1.9.10/byte-buddy-agent-1.9.10.jar:/home/users/hzhang/.m2/repository/org/objenesis/objenesis/2.6/objenesis-2.6.jar:/home/users/hzhang/project/repo2test/hadoop-trunk/hadoop-common-project/hadoop-common/target/hadoop-common-3.4.0-SNAPSHOT-tests.jar:/home/users/hzhang/project/repo2test/hadoop-trunk/hadoop-hdfs-project/hadoop-hdfs/target/hadoop-hdfs-3.4.0-SNAPSHOT.jar:/home/users/hzhang/.m2/repository/org/eclipse/jetty/jetty-util-ajax/9.4.20.v20190813/jetty-util-ajax-9.4.20.v20190813.jar:/home/users/hzhang/.m2/repository/commons-daemon/commons-daemon/1.0.13/commons-daemon-1.0.13.jar:/home/users/hzhang/.m2/repository/io/netty/netty-all/4.1.50.Final/netty-all-4.1.50.Final.jar:/home/users/hzhang/.m2/repository/org/fusesource/leveldbjni/leveldbjni-all/1.8/leveldbjni-all-1.8.jar:/home/users/hzhang/project/repo2test/hadoop-trunk/hadoop-hdfs-project/hadoop-hdfs-client/target/hadoop-hdfs-client-3.4.0-SNAPSHOT.jar:/home/users/hzhang/.m2/repository/com/squareup/okhttp/okhttp/2.7.5/okhttp-2.7.5.jar:/home/users/hzhang/.m2/repository/com/squareup/okio/okio/1.6.0/okio-1.6.0.jar:/home/users/hzhang/.m2/repository/com/fasterxml/jackson/core/jackson-annotations/2.10.3/jackson-annotations-2.10.3.jar:/home/users/hzhang/.m2/repository/com/google/inject/extensions/guice-servlet/4.0/guice-servlet-4.0.jar:/home/users/hzhang/.m2/repository/junit/junit/4.12/junit-4.12.jar:/home/users/hzhang/.m2/repository/org/hamcrest/hamcrest-core/1.3/hamcrest-core-1.3.jar:/home/users/hzhang/.m2/repository/io/netty/netty/3.10.6.Final/netty-3.10.6.Final.jar:/home/users/hzhang/.m2/repository/commons-logging/commons-logging/1.1.3/commons-logging-1.1.3.jar:/home/users/hzhang/.m2/repository/com/google/guava/guava/27.0-jre/guava-27.0-jre.jar:/home/users/hzhang/.m2/repository/com/google/guava/failureaccess/1.0/failureaccess-1.0.jar:/home/users/hzhang/.m2/repository/com/google/guava/listenablefuture/9999.0-empty-to-avoid-conflict-with-guava/listenablefuture-9999.0-empty-to-avoid-conflict-with-guava.jar:/home/users/hzhang/.m2/repository/org/checkerframework/checker-qual/2.5.2/checker-qual-2.5.2.jar:/home/users/hzhang/.m2/repository/com/google/j2objc/j2objc-annotations/1.1/j2objc-annotations-1.1.jar:/home/users/hzhang/.m2/repository/org/codehaus/mojo/animal-sniffer-annotations/1.17/animal-sniffer-annotations-1.17.jar:/home/users/hzhang/.m2/repository/commons-codec/commons-codec/1.14/commons-codec-1.14.jar:/home/users/hzhang/.m2/repository/commons-cli/commons-cli/1.2/commons-cli-1.2.jar:/home/users/hzhang/.m2/repository/commons-collections/commons-collections/3.2.2/commons-collections-3.2.2.jar:/home/users/hzhang/.m2/repository/com/sun/jersey/jersey-test-framework/jersey-test-framework-grizzly2/1.19/jersey-test-framework-grizzly2-1.19.jar:/home/users/hzhang/.m2/repository/com/sun/jersey/jersey-test-framework/jersey-test-framework-core/1.19/jersey-test-framework-core-1.19.jar:/home/users/hzhang/.m2/repository/com/sun/jersey/jersey-grizzly2-servlet/1.19/jersey-grizzly2-servlet-1.19.jar:/home/users/hzhang/.m2/repository/org/glassfish/grizzly/grizzly-http-servlet/2.2.21/grizzly-http-servlet-2.2.21.jar:/home/users/hzhang/.m2/repository/org/glassfish/grizzly/grizzly-http-server/2.2.21/grizzly-http-server-2.2.21.jar:/home/users/hzhang/.m2/repository/org/glassfish/grizzly/grizzly-rcm/2.2.21/grizzly-rcm-2.2.21.jar:/home/users/hzhang/.m2/repository/com/sun/jersey/jersey-grizzly2/1.19/jersey-grizzly2-1.19.jar:/home/users/hzhang/.m2/repository/org/glassfish/grizzly/grizzly-http/2.2.21/grizzly-http-2.2.21.jar:/home/users/hzhang/.m2/repository/org/glassfish/grizzly/grizzly-framework/2.2.21/grizzly-framework-2.2.21.jar:"
637773,zookeeper-master,/Users/holen/DegreeProject/mstracker-RQ3/zookeeper-master/zookeeper-server/target/surefire-reports/org.apache.zookeeper.test.QuorumOracleMajTest-output.txt,274,"2021-03-02 00:31:48,378 [myid:] - INFO  [main:QuorumOracleMajTest@43] - Verify QuorumPeer#electionTimeTaken jmx bean attribute"
86580,hbase-master,/Users/holen/DegreeProject/mstracker-RQ3/hbase-master/hbase-client/target/surefire-reports/org.apache.hadoop.hbase.security.TestHBaseSaslRpcClient-output.txt,225,"2021-03-01 22:11:18,262 ERROR [Time-limited test] security.TestHBaseSaslRpcClient(279): "
637083,zookeeper-master,/Users/holen/DegreeProject/mstracker-RQ3/zookeeper-master/zookeeper-server/target/surefire-reports/org.apache.zookeeper.test.NIOConnectionFactoryFdLeakTest-output.txt,354,"2021-03-02 00:31:23,329 [myid:] - INFO  [main:NIOConnectionFactoryFdLeakTest@60] - End fdcount is: 86"
43489,hadoop-trunk,/Users/holen/DegreeProject/mstracker-RQ3/hadoop-trunk/hadoop-hdfs-project/hadoop-hdfs/target/surefire-reports/org.apache.hadoop.hdfs.TestPread-output.txt,67266,"2021-01-27 15:51:22,559 [hedgedRead-4] INFO  hdfs.TestPread (TestPread.java:answer(577)) - -------------- throw Checksum Exception"
85110,hadoop-trunk,/Users/holen/DegreeProject/mstracker-RQ3/hadoop-trunk/hadoop-hdfs-project/hadoop-hdfs/target/surefire-reports/org.apache.hadoop.hdfs.server.datanode.TestBPOfferService-output.txt,1504,"2021-01-27 12:08:49,771 [fake bpid heartbeating to 0.0.0.0/0.0.0.0:0] INFO  datanode.TestBPOfferService (TestBPOfferService.java:answer(1161)) - leaseId = 1"
86505,hbase-master,/Users/holen/DegreeProject/mstracker-RQ3/hbase-master/hbase-client/target/surefire-reports/org.apache.hadoop.hbase.client.TestImmutableScan-output.txt,20,"2021-03-01 22:11:08,340 DEBUG [Time-limited test] client.TestImmutableScan(332): Comparing return values of method: public java.util.Map org.apache.hadoop.hbase.client.Scan.getFingerprint()"
17966,hadoop-trunk,/Users/holen/DegreeProject/mstracker-RQ3/hadoop-trunk/hadoop-yarn-project/hadoop-yarn/hadoop-yarn-server/hadoop-yarn-server-resourcemanager/target/surefire-reports/org.apache.hadoop.yarn.server.resourcemanager.reservation.planning.TestReservationAgents-output.txt,10574,"2021-01-27 17:49:19,887 INFO  [main] planning.TestReservationAgents (TestReservationAgents.java:setup(113)) - Running with seed: -4959463499243013640"
1173,activemq-master,/Users/holen/DegreeProject/mstracker-RQ3/activemq-master/activemq-unit-tests/target/surefire-reports/org.apache.activemq.broker.region.QueuePurgeTest-output.txt,14,"2020-12-10 15:18:11,172 [pool-1-thread-1] - INFO  QueuePurgeTest                 - purge done: 699ms"
32,activemq-master,/Users/holen/DegreeProject/mstracker-RQ3/activemq-master/activemq-unit-tests/target/surefire-reports/org.apache.activemq.bugs.AMQ4656Test-output.txt,10,"2020-12-10 16:12:06,428 [me-limited test] - INFO  AMQ4656Test                    - Pending Queue Size with two receives: 0"
58932,hadoop-trunk,/Users/holen/DegreeProject/mstracker-RQ3/hadoop-trunk/hadoop-hdfs-project/hadoop-hdfs/target/surefire-reports/org.apache.hadoop.hdfs.tools.TestDFSAdmin-output.txt,1392,"2021-01-27 16:28:49,267 [Listener at localhost/37017] INFO  tools.TestDFSAdmin (TestDFSAdmin.java:verifyOpenFilesListing(846)) - dfsadmin -listOpenFiles output: "
1133,activemq-master,/Users/holen/DegreeProject/mstracker-RQ3/activemq-master/activemq-unit-tests/target/surefire-reports/org.apache.activemq.JmsTopicRequestReplyTest-output.txt,30,"2020-12-10 14:37:01,893 [Thread-4       ] - INFO  JmsTopicRequestReplyTest       - Received request."
638894,zookeeper-master,/Users/holen/DegreeProject/mstracker-RQ3/zookeeper-master/zookeeper-server/target/surefire-reports/org.apache.zookeeper.server.quorum.CommitProcessorMetricsTest-output.txt,20,"2021-03-02 00:45:55,185 [myid:] - INFO  [main:CommitProcessorMetricsTest@55] - setup"
637769,zookeeper-master,/Users/holen/DegreeProject/mstracker-RQ3/zookeeper-master/zookeeper-server/target/surefire-reports/org.apache.zookeeper.server.DeserializationPerfTest-output.txt,69,"2021-03-02 00:42:12,526 [myid:] - INFO  [main:DeserializationPerfTest@65] - Deserialized 65646 nodes in 144 ms (2us/node), depth=4 width=40 datalen=20"
11509,activemq-master,/Users/holen/DegreeProject/mstracker-RQ3/activemq-master/activemq-unit-tests/target/surefire-reports/org.apache.activemq.console.command.PurgeCommandTest-output.txt,136,"2020-12-10 16:59:13,169 [main           ] - INFO  PurgeCommandTest               - Purging all messages in queue: null"
18254,hadoop-trunk,/Users/holen/DegreeProject/mstracker-RQ3/hadoop-trunk/hadoop-yarn-project/hadoop-yarn/hadoop-yarn-server/hadoop-yarn-server-resourcemanager/target/surefire-reports/org.apache.hadoop.yarn.server.resourcemanager.scheduler.capacity.TestQueueParsing-output.txt,2078,"2021-01-27 18:10:11,474 INFO  [main] capacity.TestQueueParsing (TestQueueParsing.java:setupQueueConfigurationWithoutLabels(288)) - Setup top-level queues"
626196,hbase-master,/Users/holen/DegreeProject/mstracker-RQ3/hbase-master/hbase-server/target/surefire-reports/org.apache.hadoop.hbase.io.hfile.TestScannerFromBucketCache-output.txt,514,"2021-03-01 22:23:45,738 INFO  [Time-limited test] hfile.TestScannerFromBucketCache(94): Cleaning test directory: /home/users/hzhang/project/repo2test/hbase-master/hbase-server/target/test-data/13363f04-2c9e-99bf-c8ad-1e2cac7c2378"
634241,tomcat-master,/Users/holen/DegreeProject/mstracker-RQ3/tomcat-master/output/build/logs/TEST-org.apache.tomcat.util.net.openssl.TestOpenSSLConf.NIO.txt,8,"03-Mar-2021 00:46:54.660 WARNING [main] org.apache.tomcat.util.net.openssl.TestOpenSSLConf.testOpenSSLConfCmdProtocol OpenSSL not found: Can't load library: /home/users/hzhang/project/repo2test/tomcat-master/bin/libtcnative-1.so, Can't load library: /home/users/hzhang/project/repo2test/tomcat-master/bin/liblibtcnative-1.so, no tcnative-1 in java.library.path, no libtcnative-1 in java.library.path"
83390,hadoop-trunk,/Users/holen/DegreeProject/mstracker-RQ3/hadoop-trunk/hadoop-hdfs-project/hadoop-hdfs/target/surefire-reports/org.apache.hadoop.net.TestNetworkTopology-output.txt,7719,"2021-01-27 16:40:18,119 [Time-limited test] INFO  net.TestNetworkTopology (TestNetworkTopology.java:pickNodesAtRandom(406)) - Result:{2.2.2.2:9866=4, 20.20.20.20:9866=3, 4.4.4.4:9866=3, 15.15.15.15:9866=7, 17.17.17.17:9866=6, 19.19.19.19:9866=8, 16.16.16.16:9866=9, 9.9.9.9:9866=4, 8.8.8.8:9866=9, 14.14.14.14:9866=2, 7.7.7.7:9866=5, 5.5.5.5:9866=4, 6.6.6.6:9866=5, 12.12.12.12:9866=9, 11.11.11.11:9866=4, 10.10.10.10:9866=5, 18.18.18.18:9866=2, 3.3.3.3:9866=3, 1.1.1.1:9866=0, 13.13.13.13:9866=8}"
60515,hadoop-trunk,/Users/holen/DegreeProject/mstracker-RQ3/hadoop-trunk/hadoop-hdfs-project/hadoop-hdfs/target/surefire-reports/org.apache.hadoop.hdfs.TestEncryptedTransfer-output.txt,20339,"2021-01-27 16:25:12,552 [Listener at localhost/35167] INFO  hdfs.TestEncryptedTransfer (TestEncryptedTransfer.java:testLongLivedClient(317)) - Done sleeping."
106,activemq-master,/Users/holen/DegreeProject/mstracker-RQ3/activemq-master/activemq-unit-tests/target/surefire-reports/org.apache.activemq.usage.JobSchedulerStoreUsageTest-output.txt,15,"2020-12-10 18:10:44,821 [main           ] - INFO  JobSchedulerStoreUsageTest     - scheduler store usage %343 producerSent count:0"
637696,zookeeper-master,/Users/holen/DegreeProject/mstracker-RQ3/zookeeper-master/zookeeper-server/target/surefire-reports/org.apache.zookeeper.test.ClientPortBindTest-output.txt,5,"2021-03-02 00:36:13,370 [myid:] - INFO  [main:ClientPortBindTest@79] - Using [0:0:0:0:0:0:0:1%lo]:30073 as the host/port"
36934,hadoop-trunk,/Users/holen/DegreeProject/mstracker-RQ3/hadoop-trunk/hadoop-mapreduce-project/hadoop-mapreduce-client/hadoop-mapreduce-client-core/target/surefire-reports/org.apache.hadoop.mapreduce.lib.input.TestFileInputFormat-output.txt,39,"2021-01-27 20:28:01,698 INFO  [main] input.TestFileInputFormat (TestFileInputFormat.java:<init>(75)) - Running with numThreads: 5"
83342,hadoop-trunk,/Users/holen/DegreeProject/mstracker-RQ3/hadoop-trunk/hadoop-hdfs-project/hadoop-hdfs/target/surefire-reports/org.apache.hadoop.security.TestRefreshUserMappings-output.txt,627,"2021-01-27 11:02:32,093 [IPC Server handler 1 on default port 38261] INFO  security.TestRefreshUserMappings (TestRefreshUserMappings.java:getGroupsSet(93)) - Getting groups in MockUnixGroupsMapping"
630783,hive-master,/Users/holen/DegreeProject/mstracker-RQ3/hive-master/ql/target/surefire-reports/org.apache.hadoop.hive.ql.exec.TestExecDriver-output.txt,1182,"2021-01-27T11:15:33,047 ERROR [main] exec.TestExecDriver: testMapPlan2 execution failed with exit status: 1"
17359,activemq-master,/Users/holen/DegreeProject/mstracker-RQ3/activemq-master/activemq-unit-tests/target/surefire-reports/org.apache.activemq.bugs.AMQ2801Test-output.txt,32,"2020-12-10 15:54:46,870 [main           ] - INFO  AMQ2801Test                    - sent: 2200 @ 16m/ms"
630788,hive-master,/Users/holen/DegreeProject/mstracker-RQ3/hive-master/ql/target/surefire-reports/org.apache.hadoop.hive.ql.TestTxnConcatenate-output.txt,4830,"2021-01-27T12:05:12,034  WARN [main] ql.TestTxnConcatenate: testConcatenatePart: read data(check data): "
9101,activemq-master,/Users/holen/DegreeProject/mstracker-RQ3/activemq-master/activemq-unit-tests/target/surefire-reports/org.apache.activemq.bugs.AMQ3932Test-output.txt,44,"2020-12-10 15:55:22,806 [pool-2-thread-1] - INFO  AMQ3932Test                    - Entering into a timed Sync receive call"
638409,zookeeper-master,/Users/holen/DegreeProject/mstracker-RQ3/zookeeper-master/zookeeper-server/target/surefire-reports/org.apache.zookeeper.test.NonRecoverableErrorTest-output.txt,609,"2021-03-02 00:32:21,137 [myid:] - INFO  [main:NonRecoverableErrorTest@151] - Waiting for new LE cycle.."
11581,activemq-master,/Users/holen/DegreeProject/mstracker-RQ3/activemq-master/activemq-unit-tests/target/surefire-reports/org.apache.activemq.bugs.AMQ3992Test-output.txt,9,"2020-12-10 15:55:54,054 [main           ] - INFO  AMQ3992Test                    - Enqueue counter for sub before pull requests: 0"
11999,activemq-master,/Users/holen/DegreeProject/mstracker-RQ3/activemq-master/activemq-unit-tests/target/surefire-reports/org.apache.activemq.broker.AMQ4351Test-output.txt,338,"2020-12-10 14:39:31,186 [: subscriber-59] - INFO  AMQ4351Test                    - Stopped JMS listener subscriber-59"
638729,zookeeper-master,/Users/holen/DegreeProject/mstracker-RQ3/zookeeper-master/zookeeper-server/target/surefire-reports/org.apache.zookeeper.test.ACLCountTest-output.txt,72,"2021-03-02 00:31:42,576 [myid:] - INFO  [main:ACLCountTest@81] - starting up the zookeeper server .. waiting"
20878,hadoop-trunk,/Users/holen/DegreeProject/mstracker-RQ3/hadoop-trunk/hadoop-yarn-project/hadoop-yarn/hadoop-yarn-server/hadoop-yarn-server-nodemanager/target/surefire-reports/org.apache.hadoop.yarn.server.nodemanager.TestLinuxContainerExecutor-output.txt,6,"2021-01-27 17:19:15,981 WARN  [main] nodemanager.TestLinuxContainerExecutor (TestLinuxContainerExecutor.java:shouldRun(281)) - Not running test because container-executor.path is not set"
12128,activemq-master,/Users/holen/DegreeProject/mstracker-RQ3/activemq-master/activemq-unit-tests/target/surefire-reports/org.apache.activemq.broker.jmx.TransportConnectorMBeanTest-output.txt,83,"2020-12-10 14:53:27,468 [main           ] - INFO  TransportConnectorMBeanTest    - checking for match:45222, with: java.lang:type=Runtime"
11495,activemq-master,/Users/holen/DegreeProject/mstracker-RQ3/activemq-master/activemq-unit-tests/target/surefire-reports/org.apache.activemq.jmx.DLQRetryTest-output.txt,13,"2020-12-10 16:59:28,132 [main           ] - INFO  DLQRetryTest                   - Bean Registered: org.apache.activemq:type=Broker,brokerName=localhost,destinationType=Queue,destinationName=ActiveMQ.DLQ"
11565,activemq-master,/Users/holen/DegreeProject/mstracker-RQ3/activemq-master/activemq-unit-tests/target/surefire-reports/org.apache.activemq.ActiveMQConnectionFactoryTest-output.txt,130,"2020-12-10 14:32:00,254 [main           ] - INFO  ActiveMQConnectionFactoryTest  - connection URI is: tcp://localhost:35403?wireFormat.tcpNoDelayEnabled=true"
1737,activemq-master,/Users/holen/DegreeProject/mstracker-RQ3/activemq-master/activemq-unit-tests/target/surefire-reports/org.apache.activemq.broker.scheduler.ReduceMemoryFootprintTest-output.txt,12,"2020-12-10 15:45:02,738 [me-limited test] - INFO  ReduceMemoryFootprintTest      - Attempting to receive scheduled message"
35757,hadoop-trunk,/Users/holen/DegreeProject/mstracker-RQ3/hadoop-trunk/hadoop-common-project/hadoop-common/target/surefire-reports/org.apache.hadoop.http.TestAuthenticationSessionCookie-output.txt,48,"2021-01-27 10:32:52,604 INFO  util.log (TestAuthenticationSessionCookie.java:testSessionCookie(153)) - hadoop.auth=""token""; Secure; HttpOnly"
634300,tomcat-master,/Users/holen/DegreeProject/mstracker-RQ3/tomcat-master/output/build/logs/TEST-org.apache.tomcat.websocket.server.TestClose.NIO2.txt,741,"Mar 03, 2021 1:11:44 AM org.apache.tomcat.websocket.server.TestClose$TestEndpoint onMessage"
62160,hadoop-trunk,/Users/holen/DegreeProject/mstracker-RQ3/hadoop-trunk/hadoop-hdfs-project/hadoop-hdfs/target/surefire-reports/org.apache.hadoop.hdfs.server.namenode.TestFsck-output.txt,39187,"2021-01-27 13:14:29,034 [Listener at localhost/36571] INFO  namenode.TestFsck (TestFsck.java:runFsck(176)) - OUTPUT = FSCK started by hzhang (auth:SIMPLE) from /127.0.0.1 for path / at Wed Jan 27 13:14:29 EST 2021"
36601,hadoop-trunk,/Users/holen/DegreeProject/mstracker-RQ3/hadoop-trunk/hadoop-common-project/hadoop-common/target/surefire-reports/org.apache.hadoop.ha.TestZKFailoverControllerStress-output.txt,734,"2021-01-27 10:31:12,546 INFO  ha.ClientBaseWithFixes (TestZKFailoverControllerStress.java:testRandomExpirations(104)) - Expiring session 1012a0220640011 for svc 1"
637591,zookeeper-master,/Users/holen/DegreeProject/mstracker-RQ3/zookeeper-master/zookeeper-server/target/surefire-reports/org.apache.zookeeper.test.QuorumMajorityTest-output.txt,946,"2021-03-02 00:36:36,856 [myid:] - INFO  [main:QuorumMajorityTest@43] - Verify QuorumPeer#electionTimeTaken jmx bean attribute"
59047,hadoop-trunk,/Users/holen/DegreeProject/mstracker-RQ3/hadoop-trunk/hadoop-hdfs-project/hadoop-hdfs/target/surefire-reports/org.apache.hadoop.hdfs.server.namenode.TestFileTruncate-output.txt,3688,"2021-01-27 12:53:48,266 [Listener at localhost/37627] INFO  namenode.TestFileTruncate (TestFileTruncate.java:testBasicTruncate(143)) - fileLength=6, newLength=6, toTruncate=0, isReady=true"
36330,hadoop-trunk,/Users/holen/DegreeProject/mstracker-RQ3/hadoop-trunk/hadoop-common-project/hadoop-common/target/surefire-reports/org.apache.hadoop.io.TestSetFile-output.txt,9,"2021-01-27 10:44:39,441 INFO  io.TestSetFile (TestSetFile.java:generate(94)) - generating 10000 records in memory"
37176,hadoop-trunk,/Users/holen/DegreeProject/mstracker-RQ3/hadoop-trunk/hadoop-mapreduce-project/hadoop-mapreduce-client/hadoop-mapreduce-client-app/target/surefire-reports/org.apache.hadoop.mapreduce.v2.app.launcher.TestContainerLauncherImpl-output.txt,40,"2021-01-27 20:36:19,665 INFO  [Time-limited test] launcher.TestContainerLauncherImpl (TestContainerLauncherImpl.java:testHandle(173)) - STARTING testHandle"
627884,hbase-master,/Users/holen/DegreeProject/mstracker-RQ3/hbase-master/hbase-http/target/surefire-reports/org.apache.hadoop.hbase.http.TestPathFilter-output.txt,59,"2021-03-01 22:13:52,736 INFO  [qtp1963084264-13] http.TestPathFilter$RecordingFilter(72): filtering /path/"
79080,hadoop-trunk,/Users/holen/DegreeProject/mstracker-RQ3/hadoop-trunk/hadoop-hdfs-project/hadoop-hdfs/target/surefire-reports/org.apache.hadoop.hdfs.TestDFSUpgrade-output.txt,3466,"2021-01-27 16:15:09,340 [Listener at localhost/37539] INFO  hdfs.TestDFSUpgrade (TestDFSUpgrade.java:log(75)) - ============================================================"
40863,hadoop-trunk,/Users/holen/DegreeProject/mstracker-RQ3/hadoop-trunk/hadoop-tools/hadoop-aws/target/surefire-reports/org.apache.hadoop.fs.s3a.commit.staging.TestStagingCommitter-output.txt,895,"2021-01-28 01:56:05,996 [JUnit-testTaskSingleFileUploadFailure[threads-1-unique-true]] INFO  staging.TestStagingCommitter (TestStagingCommitter.java:describe(116)) - "
632325,pig-trunk,/Users/holen/DegreeProject/mstracker-RQ3/pig-trunk/build/test/logs/TEST-org.apache.pig.test.TestMapSideCogroup.txt,5331,"2021-03-07 22:07:10,608 [JobControl] INFO  org.apache.pig.test.TestMapSideCogroup$DummyCollectableLoader  - Using PigTextInputFormat"
44433,hadoop-trunk,/Users/holen/DegreeProject/mstracker-RQ3/hadoop-trunk/hadoop-hdfs-project/hadoop-hdfs/target/surefire-reports/org.apache.hadoop.hdfs.TestAclsEndToEnd-output.txt,1474,"2021-01-27 16:34:08,368 [Listener at localhost/36563] ERROR hdfs.TestAclsEndToEnd (TestAclsEndToEnd.java:run(1644)) - IOException thrown during doAs() operation"
16217,activemq-master,/Users/holen/DegreeProject/mstracker-RQ3/activemq-master/activemq-unit-tests/target/surefire-reports/org.apache.activemq.JmsTempDestinationTest-output.txt,59,"2020-12-10 14:36:38,269 [main           ] - INFO  JmsTempDestinationTest         - Done with work: true"
20461,hadoop-trunk,/Users/holen/DegreeProject/mstracker-RQ3/hadoop-trunk/hadoop-yarn-project/hadoop-yarn/hadoop-yarn-server/hadoop-yarn-server-nodemanager/target/surefire-reports/org.apache.hadoop.yarn.server.nodemanager.amrmproxy.TestFederationInterceptor-output.txt,855,"2021-01-27 17:19:12,168 INFO  [main] amrmproxy.TestFederationInterceptor (TestFederationInterceptor.java:getContainersAndAssert(231)) - Total number of allocated containers: 6"
16683,activemq-master,/Users/holen/DegreeProject/mstracker-RQ3/activemq-master/activemq-unit-tests/target/surefire-reports/org.apache.activemq.test.JmsTopicSendReceiveTest-output.txt,11,"2020-12-10 18:03:24,283 [main           ] - INFO  JmsTopicSendReceiveTest        - Created consumeSession: ActiveMQSession {id=ID:sense02.encs.concordia.ca-34285-1607641404077-4:1:1,started=false,closed=false} java.lang.Object@c0c2f8d"
46088,hadoop-trunk,/Users/holen/DegreeProject/mstracker-RQ3/hadoop-trunk/hadoop-hdfs-project/hadoop-hdfs/target/surefire-reports/org.apache.hadoop.hdfs.security.token.block.TestBlockToken-output.txt,235334,"2021-01-27 15:13:28,573 [Listener at 0.0.0.0/36577] INFO  block.TestBlockToken (TestBlockToken.java:testBlockTokenRpcLeak(419)) - Num open fds:174"
37139,hadoop-trunk,/Users/holen/DegreeProject/mstracker-RQ3/hadoop-trunk/hadoop-mapreduce-project/hadoop-mapreduce-client/hadoop-mapreduce-client-app/target/surefire-reports/org.apache.hadoop.mapreduce.v2.app.launcher.TestContainerLauncher-output.txt,16,"2021-01-27 20:36:05,878 INFO  [ContainerLauncher #10] launcher.ContainerLauncherImpl (TestContainerLauncher.java:run(353)) - Processing the event EventType: CONTAINER_REMOTE_LAUNCH for container container_12345_0067_03_000010 taskAttempt attempt_12345_0067_m_000009_0"
1284,activemq-master,/Users/holen/DegreeProject/mstracker-RQ3/activemq-master/activemq-unit-tests/target/surefire-reports/org.apache.activemq.bugs.AMQ4595Test-output.txt,46,"2020-12-10 16:11:40,002 [me-limited test] - INFO  AMQ4595Test                    - B[10000]: Message: 10000 sent at: Thu Dec 10 16:11:39 EST 2020                                                "
35594,hadoop-trunk,/Users/holen/DegreeProject/mstracker-RQ3/hadoop-trunk/hadoop-common-project/hadoop-common/target/surefire-reports/org.apache.hadoop.io.compress.TestGzipCodec-output.txt,4,"2021-01-27 10:45:29,400 INFO  compress.TestGzipCodec (TestGzipCodec.java:testWriteOverride(108)) - seed: -4620919110950351587"
86464,hadoop-trunk,/Users/holen/DegreeProject/mstracker-RQ3/hadoop-trunk/hadoop-hdfs-project/hadoop-hdfs-rbf/target/surefire-reports/org.apache.hadoop.hdfs.server.federation.router.TestRouterNamenodeMonitoring-output.txt,22088,"2021-01-27 17:08:34,539 [Listener at 0.0.0.0/38449] INFO  router.TestRouterNamenodeMonitoring (TestRouterNamenodeMonitoring.java:setup(98)) - Set nn0 to active for all nameservices"
57145,hadoop-trunk,/Users/holen/DegreeProject/mstracker-RQ3/hadoop-trunk/hadoop-hdfs-project/hadoop-hdfs/target/surefire-reports/org.apache.hadoop.hdfs.server.datanode.TestBlockScanner-output.txt,15621,"2021-01-27 12:14:05,243 [Listener at localhost/33191] INFO  datanode.TestBlockScanner (TestBlockScanner.java:get(806)) - info = ScanResultHandler.Info{shouldRun=true, blocksScanned=1, sem#availablePermits=9, badBlocks=[], goodBlocks=[BP-277219529-192.168.165.202-1611767643092:blk_1073741830_1006]}.  Waiting for blockScanned to reach 5."
38454,hadoop-trunk,/Users/holen/DegreeProject/mstracker-RQ3/hadoop-trunk/hadoop-mapreduce-project/hadoop-mapreduce-client/hadoop-mapreduce-client-jobclient/target/surefire-reports/org.apache.hadoop.mapreduce.v2.TestMROldApiJobs-output.txt,334,"2021-01-27 21:59:23,585 INFO  [Listener at localhost/35093] v2.TestMROldApiJobs (TestMROldApiJobs.java:testJobFail(132)) - "
18110,hadoop-trunk,/Users/holen/DegreeProject/mstracker-RQ3/hadoop-trunk/hadoop-yarn-project/hadoop-yarn/hadoop-yarn-server/hadoop-yarn-server-resourcemanager/target/surefire-reports/org.apache.hadoop.yarn.server.resourcemanager.scheduler.capacity.TestCapacityScheduler-output.txt,272922,"2021-01-27 18:01:23,675 INFO  [main] capacity.TestCapacityScheduler (TestCapacityScheduler.java:setupQueueConfiguration(680)) - Setup top-level queues a and b"
632228,karaf-master,/Users/holen/DegreeProject/mstracker-RQ3/karaf-master/features/core/target/surefire-reports/org.apache.karaf.features.internal.service.FeaturesProcessorTest-output.txt,44,"2021-03-02 10:52:57,492 [INFO ] {main} FeaturesProcessorTest (FeaturesProcessorTest.java:66) : [2.0.0,3.0.0)"
17534,hadoop-trunk,/Users/holen/DegreeProject/mstracker-RQ3/hadoop-trunk/hadoop-yarn-project/hadoop-yarn/hadoop-yarn-server/hadoop-yarn-server-resourcemanager/target/surefire-reports/org.apache.hadoop.yarn.server.resourcemanager.TestApplicationCleanup-output.txt,10051,"2021-01-27 17:42:04,305 INFO  [main] resourcemanager.TestApplicationCleanup (TestApplicationCleanup.java:testContainerCleanup(218)) - Testing container launch much after release and NM getting cleanup"
83534,hadoop-trunk,/Users/holen/DegreeProject/mstracker-RQ3/hadoop-trunk/hadoop-hdfs-project/hadoop-hdfs/target/surefire-reports/org.apache.hadoop.hdfs.server.datanode.TestDatanodeProtocolRetryPolicy-output.txt,79,"2021-01-27 12:04:57,577 [Command processor] INFO  datanode.TestDatanodeProtocolRetryPolicy (TestDatanodeProtocolRetryPolicy.java:answer(169)) - mockito exception 2"
1510,activemq-master,/Users/holen/DegreeProject/mstracker-RQ3/activemq-master/activemq-unit-tests/target/surefire-reports/org.apache.activemq.transport.tcp.TransportUriTest-output.txt,507,"2020-12-10 18:09:05,799 [main           ] - INFO  TransportUriTest               - Connecting via: tcp://localhost:61616?tcpNoDelay=true&keepAlive=true&soLinger=-1&typeOfService=257"
86779,hbase-master,/Users/holen/DegreeProject/mstracker-RQ3/hbase-master/hbase-procedure/target/surefire-reports/org.apache.hadoop.hbase.procedure2.TestProcedureExecutor-output.txt,44,"2021-03-01 22:15:18,745 INFO  [Time-limited test] procedure2.TestProcedureExecutor(102): new threads got created: 1"
17527,hadoop-trunk,/Users/holen/DegreeProject/mstracker-RQ3/hadoop-trunk/hadoop-yarn-project/hadoop-yarn/hadoop-yarn-applications/hadoop-yarn-services/hadoop-yarn-services-api/target/surefire-reports/org.apache.hadoop.yarn.service.client.TestSecureApiServiceClient-output.txt,56,"2021-01-28 01:28:08,121 INFO  [qtp1473981203-30] client.TestSecureApiServiceClient (TestSecureApiServiceClient.java:doGet(98)) - Host"
1520,activemq-master,/Users/holen/DegreeProject/mstracker-RQ3/activemq-master/activemq-unit-tests/target/surefire-reports/org.apache.activemq.usecases.TransactionTest-output.txt,11,"2020-12-10 18:53:42,306 [main           ] - INFO  TransactionTest                - test completed, destination=Hello, Thu Dec 10 18:53:42 EST 2020"
634243,tomcat-master,/Users/holen/DegreeProject/mstracker-RQ3/tomcat-master/output/build/logs/TEST-org.apache.tomcat.util.net.openssl.TestOpenSSLConf.APR.txt,56,"03-Mar-2021 01:23:17.234 WARNING [main] org.apache.tomcat.util.net.openssl.TestOpenSSLConf.testOpenSSLConfCmdProtocol OpenSSL not found: Can't load library: /home/users/hzhang/project/repo2test/tomcat-master/bin/libtcnative-1.so, Can't load library: /home/users/hzhang/project/repo2test/tomcat-master/bin/liblibtcnative-1.so, no tcnative-1 in java.library.path, no libtcnative-1 in java.library.path"
43751,hadoop-trunk,/Users/holen/DegreeProject/mstracker-RQ3/hadoop-trunk/hadoop-hdfs-project/hadoop-hdfs/target/surefire-reports/org.apache.hadoop.hdfs.server.namenode.TestFsImageValidation-output.txt,95,"2021-01-27 12:22:35,846 [main] INFO  namenode.TestFsImageValidation (TestFsImageValidation.java:runTestToCommaSeparatedNumber(78)) - 1000000001 ?= 1,000,000,001"
628073,hbase-master,/Users/holen/DegreeProject/mstracker-RQ3/hbase-master/hbase-mapreduce/target/surefire-reports/org.apache.hadoop.hbase.mapreduce.TestImportExport-output.txt,3285,"2021-03-01 22:44:43,605 INFO  [Time-limited test] mapreduce.TestImportExport(159): Running testExportScannerBatching"
17980,hadoop-trunk,/Users/holen/DegreeProject/mstracker-RQ3/hadoop-trunk/hadoop-yarn-project/hadoop-yarn/hadoop-yarn-server/hadoop-yarn-server-resourcemanager/target/surefire-reports/org.apache.hadoop.yarn.server.resourcemanager.recovery.TestZKRMStateStorePerf-output.txt,33,"2021-01-27 17:42:10,195 INFO  [main] recovery.TestZKRMStateStore (TestZKRMStateStorePerf.java:run(122)) - Starting ZKRMStateStorePerf ver.0.1"
39025,hadoop-trunk,/Users/holen/DegreeProject/mstracker-RQ3/hadoop-trunk/hadoop-mapreduce-project/hadoop-mapreduce-client/hadoop-mapreduce-client-jobclient/target/surefire-reports/org.apache.hadoop.fs.slive.TestSlive-output.txt,1017,"2021-01-27 20:40:23,537 INFO  [main] slive.TestSlive (TestSlive.java:deleteDir(225)) - Deleting directory /home/users/hzhang/project/repo2test/hadoop-trunk/hadoop-mapreduce-project/hadoop-mapreduce-client/hadoop-mapreduce-client-jobclient/target/test-dir/slive/flow/slive/data/sl_dir_3"
82086,hadoop-trunk,/Users/holen/DegreeProject/mstracker-RQ3/hadoop-trunk/hadoop-hdfs-project/hadoop-hdfs/target/surefire-reports/org.apache.hadoop.hdfs.server.namenode.snapshot.TestRandomOpsWithSnapshots-output.txt,854,"2021-01-27 13:21:34,062 [Time-limited test] INFO  snapshot.TestRandomOpsWithSnapshots (TestRandomOpsWithSnapshots.java:createFiles(650)) - createFiles, file: /WITNESSDIR/15/14/13/12/11/10/9/8/file15was created"
12790,activemq-master,/Users/holen/DegreeProject/mstracker-RQ3/activemq-master/activemq-unit-tests/target/surefire-reports/org.apache.activemq.jmx.TotalMessageCountTest-output.txt,32,"2020-12-10 16:59:49,618 [main           ] - INFO  TotalMessageCountTest          - Message received from testQueue"
81807,hadoop-trunk,/Users/holen/DegreeProject/mstracker-RQ3/hadoop-trunk/hadoop-hdfs-project/hadoop-hdfs/target/surefire-reports/org.apache.hadoop.hdfs.TestDataTransferProtocol-output.txt,385,"2021-01-27 14:43:41,051 [Listener at localhost/33761] INFO  hdfs.TestDataTransferProtocol (TestDataTransferProtocol.java:sendRecvData(104)) - Testing : Append to a finalized replica"
638540,zookeeper-master,/Users/holen/DegreeProject/mstracker-RQ3/zookeeper-master/zookeeper-server/target/surefire-reports/org.apache.zookeeper.server.ZooKeeperServerStartupTest-output.txt,75,"2021-03-02 00:48:26,410 [myid:] - INFO  [main:ZooKeeperServerStartupTest@170] - cmd crst expected This ZooKeeper instance is not currently serving requests got This ZooKeeper instance is not currently serving requests"
37210,hadoop-trunk,/Users/holen/DegreeProject/mstracker-RQ3/hadoop-trunk/hadoop-mapreduce-project/hadoop-mapreduce-client/hadoop-mapreduce-client-nativetask/target/surefire-reports/org.apache.hadoop.mapred.nativetask.kvtest.KVTest-output.txt,14,"2021-01-28 01:30:37,135 INFO  [main] kvtest.KVTest (KVTest.java:data(86)) - Parameterizing with key classes: "
627275,hbase-master,/Users/holen/DegreeProject/mstracker-RQ3/hbase-master/hbase-server/target/surefire-reports/org.apache.hadoop.hbase.regionserver.TestRecoveredEditsReplayAndAbort-output.txt,61,"2021-03-01 22:31:31,045 INFO  [Time-limited test] regionserver.TestRecoveredEditsReplayAndAbort(154): Begin to write recovered.edits : /home/users/hzhang/project/repo2test/hbase-master/hbase-server/target/test-data/be9ee259-206b-96cb-c365-aeaf7e6b9b4f/data/default/testRecoveredEidtsReplayAndAbort/4445c7e76c214dbaf8b99415184b35c5/recovered.edits/0000000000000001000"
627294,hbase-master,/Users/holen/DegreeProject/mstracker-RQ3/hbase-master/hbase-server/target/surefire-reports/org.apache.hadoop.hbase.TestExecutorStatusChore-output.txt,7,"2021-03-01 22:29:40,439 INFO  [Time-limited test] hbase.TestExecutorStatusChore(83): Waiting for all event handlers to start..."
86252,hadoop-trunk,/Users/holen/DegreeProject/mstracker-RQ3/hadoop-trunk/hadoop-hdfs-project/hadoop-hdfs-rbf/target/surefire-reports/org.apache.hadoop.hdfs.server.federation.router.TestRouterFaultTolerant-output.txt,381,"2021-01-27 17:06:13,529 [pool-15-thread-3] INFO  router.TestRouterFaultTolerant (TestRouterFaultTolerant.java:checkDirectoriesFaultTolerant(301)) - Check directories results for /RANDOM-failsubcluster: Success=10 Failure=0"
54413,hadoop-trunk,/Users/holen/DegreeProject/mstracker-RQ3/hadoop-trunk/hadoop-hdfs-project/hadoop-hdfs/target/surefire-reports/org.apache.hadoop.hdfs.server.namenode.snapshot.TestSnapshotDiffReport-output.txt,10773,"2021-01-27 13:28:58,833 [Listener at localhost/44705] INFO  snapshot.TestSnapshotDiffReport (TestSnapshotDiffReport.java:printAtime(1166)) - Access time /testSdiffCalc/fParent/filePostSS: 2021-01-27 13:28:58 /testSdiffCalc/.snapshot/s1/fParent/filePostSS: 2021-01-27 13:28:58"
38746,hadoop-trunk,/Users/holen/DegreeProject/mstracker-RQ3/hadoop-trunk/hadoop-mapreduce-project/hadoop-mapreduce-client/hadoop-mapreduce-client-jobclient/target/surefire-reports/org.apache.hadoop.mapreduce.TestValueIterReset-output.txt,529,"2021-01-27 23:08:05,352 INFO  [pool-4-thread-1] mapreduce.TestValueIterReset (TestValueIterReset.java:test3(441)) - 3:0"
627845,hbase-master,/Users/holen/DegreeProject/mstracker-RQ3/hbase-master/hbase-rest/target/surefire-reports/org.apache.hadoop.hbase.rest.TestTableResource-output.txt,312,"2021-03-01 23:32:53,876 DEBUG [Time-limited test] rest.TestTableResource(161): comparing to region TestTableResource,m,1614659571489.635a88e33d8d3077a4354f4f9d6fde46."
1139,activemq-master,/Users/holen/DegreeProject/mstracker-RQ3/activemq-master/activemq-unit-tests/target/surefire-reports/org.apache.activemq.bugs.AMQ4950Test-output.txt,57,"2020-12-10 16:12:42,352 [main           ] - INFO  AMQ4950Test                    - Received excpected XAException: Simulating error inside tx prepare()."
17790,hadoop-trunk,/Users/holen/DegreeProject/mstracker-RQ3/hadoop-trunk/hadoop-yarn-project/hadoop-yarn/hadoop-yarn-server/hadoop-yarn-server-resourcemanager/target/surefire-reports/org.apache.hadoop.yarn.server.resourcemanager.scheduler.fifo.TestFifoScheduler-output.txt,9258,"2021-01-27 17:55:23,260 INFO  [Time-limited test] fifo.TestFifoScheduler (TestFifoScheduler.java:testFifoScheduling(738)) - Waiting for containers to be created for app 2..."
34573,hadoop-trunk,/Users/holen/DegreeProject/mstracker-RQ3/hadoop-trunk/hadoop-common-project/hadoop-common/target/surefire-reports/org.apache.hadoop.security.token.delegation.TestZKDelegationTokenSecretManager-output.txt,896,"2021-01-27 10:35:23,455 INFO  delegation.TestZKDelegationTokenSecretManager (TestZKDelegationTokenSecretManager.java:get(523)) - Waiting for the expired token to be removed..."
637118,zookeeper-master,/Users/holen/DegreeProject/mstracker-RQ3/zookeeper-master/zookeeper-server/target/surefire-reports/org.apache.zookeeper.server.quorum.FuzzySnapshotRelatedTest-output.txt,2789,"2021-03-02 00:44:50,693 [myid:] - INFO  [main:FuzzySnapshotRelatedTest@105] - all servers started"
11798,activemq-master,/Users/holen/DegreeProject/mstracker-RQ3/activemq-master/activemq-unit-tests/target/surefire-reports/org.apache.activemq.JMSConsumerTest-output.txt,606,"2020-12-10 14:33:00,151 [ Session Task-2] - INFO  JMSConsumerTest                - Got in second listener: 2"
691199,zookeeper-master,/Users/holen/DegreeProject/mstracker-RQ3/zookeeper-master/zookeeper-server/target/surefire-reports/org.apache.zookeeper.test.LocalSessionRequestTest-output.txt,1060,"2021-03-02 00:39:56,236 [myid:] - INFO  [main:LocalSessionRequestTest@80] - Searching for txn of session 0x 401d6fe3f080001 on peer 4"
17600,hadoop-trunk,/Users/holen/DegreeProject/mstracker-RQ3/hadoop-trunk/hadoop-yarn-project/hadoop-yarn/hadoop-yarn-server/hadoop-yarn-server-resourcemanager/target/surefire-reports/org.apache.hadoop.yarn.server.resourcemanager.scheduler.capacity.TestParentQueue-output.txt,1082,"2021-01-27 17:57:37,787 INFO  [main] capacity.TestParentQueue (TestParentQueue.java:setupSingleLevelQueues(124)) - Setup top-level queues a and b"
47454,hadoop-trunk,/Users/holen/DegreeProject/mstracker-RQ3/hadoop-trunk/hadoop-hdfs-project/hadoop-hdfs/target/surefire-reports/org.apache.hadoop.hdfs.server.diskbalancer.TestPlanner-output.txt,23,"2021-01-27 14:23:49,594 [main] INFO  diskbalancer.TestPlanner (TestPlanner.java:testPlannerScale(430)) - Number of steps are : %d%n"
81986,hadoop-trunk,/Users/holen/DegreeProject/mstracker-RQ3/hadoop-trunk/hadoop-hdfs-project/hadoop-hdfs/target/surefire-reports/org.apache.hadoop.hdfs.server.datanode.TestProvidedReplicaImpl-output.txt,70,"2021-01-27 12:07:48,884 [main] INFO  datanode.TestProvidedReplicaImpl (TestProvidedReplicaImpl.java:testProvidedReplicaRead(152)) - All replica contents verified"
36895,hadoop-trunk,/Users/holen/DegreeProject/mstracker-RQ3/hadoop-trunk/hadoop-mapreduce-project/hadoop-mapreduce-client/hadoop-mapreduce-client-core/target/surefire-reports/org.apache.hadoop.mapreduce.task.reduce.TestFetcher-output.txt,457,"2021-01-27 20:28:32,893 INFO  [main] reduce.TestFetcher (TestFetcher.java:teardown(119)) - <<<< testCopyFromHostWithRetryThenTimeout"
39142,hadoop-trunk,/Users/holen/DegreeProject/mstracker-RQ3/hadoop-trunk/hadoop-mapreduce-project/hadoop-mapreduce-client/hadoop-mapreduce-client-jobclient/target/surefire-reports/org.apache.hadoop.mapreduce.lib.input.TestMRKeyValueTextInputFormat-output.txt,128,"2021-01-27 22:36:59,226 INFO  [main] input.TestMRKeyValueTextInputFormat (TestMRKeyValueTextInputFormat.java:testSplitableCodecs(241)) - splits[18]=file:/home/users/hzhang/project/repo2test/hadoop-trunk/hadoop-mapreduce-project/hadoop-mapreduce-client/hadoop-mapreduce-client-jobclient/target/test-dir/data/TestKeyValueTextInputFormat/test.bz2:450000+25000 count=64265"
638408,zookeeper-master,/Users/holen/DegreeProject/mstracker-RQ3/zookeeper-master/zookeeper-server/target/surefire-reports/org.apache.zookeeper.server.DataTreeTest-output.txt,43,"2021-03-02 00:48:41,223 [myid:] - INFO  [main:DataTreeTest@74] - Create 1000 zkclient sessions and its ephemeral nodes"
17947,hadoop-trunk,/Users/holen/DegreeProject/mstracker-RQ3/hadoop-trunk/hadoop-yarn-project/hadoop-yarn/hadoop-yarn-server/hadoop-yarn-server-resourcemanager/target/surefire-reports/org.apache.hadoop.yarn.server.resourcemanager.TestClientRMService-output.txt,13834,"2021-01-27 18:56:57,962 INFO  [Listener at 0.0.0.0/8032] resourcemanager.TestClientRMService (TestClientRMService.java:testGetClusterNodeAttributes(2281)) - Connecting to ResourceManager at sense02.encs.concordia.ca/192.168.165.202:8032"
632402,pig-trunk,/Users/holen/DegreeProject/mstracker-RQ3/pig-trunk/build/test/logs/TEST-org.apache.pig.test.TestEvalPipelineLocal.txt,5527,"2021-03-07 20:27:10,872 [JobControl] INFO  org.apache.pig.test.TestEvalPipelineLocal$SetLocationTestLoadFunc  - Using PigTextInputFormat"
8724,activemq-master,/Users/holen/DegreeProject/mstracker-RQ3/activemq-master/activemq-unit-tests/target/surefire-reports/org.apache.activemq.bugs.AMQ5486Test-output.txt,71,"2020-12-10 16:21:13,882 [main           ] - INFO  AMQ5486Test                    - Exceptions size: 61, connections size: 39"
20226,hadoop-trunk,/Users/holen/DegreeProject/mstracker-RQ3/hadoop-trunk/hadoop-yarn-project/hadoop-yarn/hadoop-yarn-server/hadoop-yarn-server-nodemanager/target/surefire-reports/org.apache.hadoop.yarn.server.nodemanager.amrmproxy.TestAMRMProxyService-output.txt,131,"2021-01-27 17:19:13,973 INFO  [pool-1-thread-4] amrmproxy.TestAMRMProxyService (TestAMRMProxyService.java:invoke(402)) - Sucessfully registered application master with appId: 3"
628090,hbase-master,/Users/holen/DegreeProject/mstracker-RQ3/hbase-master/hbase-mapreduce/target/surefire-reports/org.apache.hadoop.hbase.snapshot.TestExportSnapshotV1NoCluster-output.txt,3,"2021-03-01 22:42:22,789 INFO  [Time-limited test] snapshot.TestExportSnapshotV1NoCluster(63): fs=org.apache.hadoop.fs.LocalFileSystem@6dee9cf4, fsuri=file:///, fswd=file:/home/users/hzhang/project/repo2test/hbase-master/hbase-mapreduce, testDir=file:/home/users/hzhang/project/repo2test/hbase-master/hbase-mapreduce/target/test-data/5d2dfb06-3174-8751-8b41-86b0443d55e5"
20151,hadoop-trunk,/Users/holen/DegreeProject/mstracker-RQ3/hadoop-trunk/hadoop-yarn-project/hadoop-yarn/hadoop-yarn-server/hadoop-yarn-server-common/target/surefire-reports/org.apache.hadoop.yarn.server.federation.store.utils.TestFederationStateStoreInputValidator-output.txt,43,"2021-01-27 17:18:28,975 INFO  [main] utils.TestFederationStateStoreInputValidator (TestFederationStateStoreInputValidator.java:testGetSubClusterInfoRequest(835)) - Invalid SubCluster Id information. Please try again by specifying valid Subcluster Id."
2010,activemq-master,/Users/holen/DegreeProject/mstracker-RQ3/activemq-master/activemq-unit-tests/target/surefire-reports/org.apache.activemq.usecases.QueueBrowsingTest-output.txt,35,"2020-12-10 18:44:58,947 [main           ] - INFO  QueueBrowsingTest              - Browsed message 24: ID:sense02.encs.concordia.ca-34681-1607643887757-4:1:1:1:25"
34160,hadoop-trunk,/Users/holen/DegreeProject/mstracker-RQ3/hadoop-trunk/hadoop-yarn-project/hadoop-yarn/hadoop-yarn-client/target/surefire-reports/org.apache.hadoop.yarn.client.cli.TestYarnCLI-output.txt,1690,"2021-01-27 19:11:17,695 INFO  [Listener at localhost/38825] util.log (TestYarnCLI.java:testGetContainers(378)) - ExpectedOutput"
17486,hadoop-trunk,/Users/holen/DegreeProject/mstracker-RQ3/hadoop-trunk/hadoop-yarn-project/hadoop-yarn/hadoop-yarn-applications/hadoop-yarn-services/hadoop-yarn-services-core/target/surefire-reports/org.apache.hadoop.yarn.service.client.TestServiceCLI-output.txt,21,"2021-01-28 01:10:09,218 INFO  [Time-limited test] client.TestServiceCLI (TestServiceCLI.java:runCLI(91)) - running CLI: yarn [app, -D, yarn.service.framework.path=/tmp/junit3100043558920741835/service-dep.tar.gz, -enableFastLaunch, /tmp/junit3100043558920741835/bad, -appTypes, dummy]"
38482,hadoop-trunk,/Users/holen/DegreeProject/mstracker-RQ3/hadoop-trunk/hadoop-mapreduce-project/hadoop-mapreduce-client/hadoop-mapreduce-client-jobclient/target/surefire-reports/org.apache.hadoop.mapred.TestCombineFileInputFormat-output.txt,4,"2021-01-27 23:29:53,764 INFO  [main] mapred.TestCombineFileInputFormat (TestCombineFileInputFormat.java:testSplits(81)) - Got getSplits = 1"
629081,hive-master,/Users/holen/DegreeProject/mstracker-RQ3/hive-master/hcatalog/hcatalog-pig-adapter/target/surefire-reports/org.apache.hive.hcatalog.pig.TestHCatLoaderComplexSchema-output.txt,26360,"2021-01-27T13:20:43,026  INFO [main] pig.TestHCatLoaderComplexSchema: tuple : (7,[b test 2#(2,test 2),b test 1#(1,test 1)]) "
38888,hadoop-trunk,/Users/holen/DegreeProject/mstracker-RQ3/hadoop-trunk/hadoop-mapreduce-project/hadoop-mapreduce-client/hadoop-mapreduce-client-jobclient/target/surefire-reports/org.apache.hadoop.mapred.TestFixedLengthInputFormat-output.txt,78,"2021-01-27 23:27:35,862 INFO  [Time-limited test] mapred.TestFixedLengthInputFormat (TestFixedLengthInputFormat.java:runRandomTests(324)) - Actual number of splits = 1"
85202,hadoop-trunk,/Users/holen/DegreeProject/mstracker-RQ3/hadoop-trunk/hadoop-hdfs-project/hadoop-hdfs/target/surefire-reports/org.apache.hadoop.hdfs.server.mover.TestStorageMover-output.txt,10021,"2021-01-27 11:27:29,762 [Listener at localhost/39691] INFO  mover.TestStorageMover (TestStorageMover.java:banner(491)) - "
119613,hbase-master,/Users/holen/DegreeProject/mstracker-RQ3/hbase-master/hbase-procedure/target/surefire-reports/org.apache.hadoop.hbase.procedure2.TestProcedureExecution-output.txt,76,"2021-03-01 22:15:48,878 INFO  [Time-limited test] procedure2.TestProcedureExecution(171): [rootProc-execute, subProc1-execute, subProc2-execute]"
18121,hadoop-trunk,/Users/holen/DegreeProject/mstracker-RQ3/hadoop-trunk/hadoop-yarn-project/hadoop-yarn/hadoop-yarn-server/hadoop-yarn-server-resourcemanager/target/surefire-reports/org.apache.hadoop.yarn.server.resourcemanager.recovery.TestFSRMStateStore-output.txt,4617,"2021-01-27 17:48:24,698 WARN  [Listener at 127.0.0.1/38931] recovery.TestFSRMStateStore (TestFSRMStateStore.java:verifyFilesUnreadablebyHDFS(294)) - "
20830,hadoop-trunk,/Users/holen/DegreeProject/mstracker-RQ3/hadoop-trunk/hadoop-yarn-project/hadoop-yarn/hadoop-yarn-server/hadoop-yarn-server-nodemanager/target/surefire-reports/org.apache.hadoop.yarn.server.nodemanager.containermanager.localizer.TestLocalCacheCleanup-output.txt,3,"2021-01-27 17:34:09,267 INFO  [main] localizer.LocalResourcesTrackerImpl (TestLocalCacheCleanup.java:remove(239)) - Removed /private-u2-resource2.txt from localized cache"
627258,hbase-master,/Users/holen/DegreeProject/mstracker-RQ3/hbase-master/hbase-server/target/surefire-reports/org.apache.hadoop.hbase.io.hfile.TestHFile-output.txt,79,"2021-03-01 22:23:17,361 INFO  [Time-limited test] hfile.TestHFile(520): writer=null, name=FSDataOutputStream{wrappedStream=java.io.BufferedOutputStream@5e704b63}, compression=none"
85021,hadoop-trunk,/Users/holen/DegreeProject/mstracker-RQ3/hadoop-trunk/hadoop-hdfs-project/hadoop-hdfs/target/surefire-reports/org.apache.hadoop.hdfs.server.datanode.TestDataNodeVolumeFailureReporting-output.txt,2132,"2021-01-27 12:10:57,884 [Listener at localhost/45789] INFO  datanode.TestDataNodeVolumeFailureReporting (TestDataNodeVolumeFailureReporting.java:checkFailuresAtDataNode(658)) - expectedFailedVolumes is  fsd.getFailedStorageLocations() is "
8712,activemq-master,/Users/holen/DegreeProject/mstracker-RQ3/activemq-master/activemq-unit-tests/target/surefire-reports/org.apache.activemq.usecases.MessageGroupLateArrivalsTest-output.txt,17,"2020-12-10 18:41:50,656 [me-limited test] - INFO  MessageGroupLateArrivalsTest   - worker worker3 received 3 messages from groups [C]"
39262,hadoop-trunk,/Users/holen/DegreeProject/mstracker-RQ3/hadoop-trunk/hadoop-mapreduce-project/hadoop-mapreduce-client/hadoop-mapreduce-client-jobclient/target/surefire-reports/org.apache.hadoop.mapred.TestMRTimelineEventHandling-output.txt,1024,"2021-01-28 00:02:29,528 INFO  [Listener at localhost/38727] mapred.TestMRTimelineEventHandling (TestMRTimelineEventHandling.java:testMRNewTimelineServiceEventHandling(213)) - Run 1st job which should be successful."
43102,hadoop-trunk,/Users/holen/DegreeProject/mstracker-RQ3/hadoop-trunk/hadoop-hdfs-project/hadoop-hdfs/target/surefire-reports/org.apache.hadoop.hdfs.server.namenode.snapshot.TestOpenFilesWithSnapshot-output.txt,6185,"2021-01-27 13:23:27,706 [Thread-1418] INFO  snapshot.TestOpenFilesWithSnapshot (TestOpenFilesWithSnapshot.java:run(734)) - Write pos: 19380204, size: 17825792, loop: 95001"
33997,hadoop-trunk,/Users/holen/DegreeProject/mstracker-RQ3/hadoop-trunk/hadoop-yarn-project/hadoop-yarn/hadoop-yarn-server/hadoop-yarn-server-router/target/surefire-reports/org.apache.hadoop.yarn.server.router.webapp.TestRouterWebServices-output.txt,91,"2021-01-27 19:43:18,395 INFO  [Thread-180] webapp.TestRouterWebServices (TestRouterWebServices.java:run(309)) - init web interceptor success for usertest1"
59002,hadoop-trunk,/Users/holen/DegreeProject/mstracker-RQ3/hadoop-trunk/hadoop-hdfs-project/hadoop-hdfs/target/surefire-reports/org.apache.hadoop.hdfs.server.datanode.TestDataNodeVolumeMetrics-output.txt,844,"2021-01-27 12:04:22,757 [Listener at localhost/43751] INFO  datanode.TestDataNodeVolumeMetrics (TestDataNodeVolumeMetrics.java:verifyDataNodeVolumeMetrics(149)) - TotalFileIoErrors : 0"
61554,hadoop-trunk,/Users/holen/DegreeProject/mstracker-RQ3/hadoop-trunk/hadoop-hdfs-project/hadoop-hdfs/target/surefire-reports/org.apache.hadoop.hdfs.server.namenode.TestINodeAttributeProvider-output.txt,1938,"2021-01-27 12:50:05,863 [Listener at localhost/39853] INFO  namenode.TestINodeAttributeProvider (TestINodeAttributeProvider.java:verifyFileStatus(364)) - Path '/' is owned by: hzhang:supergroup"
635889,zookeeper-master,/Users/holen/DegreeProject/mstracker-RQ3/zookeeper-master/zookeeper-server/target/surefire-reports/org.apache.zookeeper.test.FourLetterWordsWhiteListTest-output.txt,2309,"2021-03-02 00:34:52,952 [myid:] - INFO  [main:FourLetterWordsWhiteListTest@240] - cmd wchs expected watching 1 got 1 connections watching 1 paths"
12040,activemq-master,/Users/holen/DegreeProject/mstracker-RQ3/activemq-master/activemq-unit-tests/target/surefire-reports/org.apache.activemq.store.kahadb.SubscriptionRecoveryTest-output.txt,37,"2020-12-10 17:50:50,159 [main           ] - INFO  SubscriptionRecoveryTest       - Attempt to consume 256 messages from the Topic."
9,activemq-master,/Users/holen/DegreeProject/mstracker-RQ3/activemq-master/activemq-unit-tests/target/surefire-reports/org.apache.activemq.bugs.AMQ6254Test-output.txt,99,"2020-12-10 16:26:35,718 [me-limited test] - INFO  AMQ6254Test                    - Broker restarted"
47861,hadoop-trunk,/Users/holen/DegreeProject/mstracker-RQ3/hadoop-trunk/hadoop-hdfs-project/hadoop-hdfs/target/surefire-reports/org.apache.hadoop.hdfs.TestRollingUpgrade-output.txt,11307,"2021-01-27 14:35:18,984 [Listener at localhost/37679] INFO  hdfs.TestRollingUpgrade (TestRollingUpgrade.java:testRollingUpgradeWithQJM(260)) - The exception is expected."
78899,hadoop-trunk,/Users/holen/DegreeProject/mstracker-RQ3/hadoop-trunk/hadoop-hdfs-project/hadoop-hdfs/target/surefire-reports/org.apache.hadoop.hdfs.server.namenode.TestEditLogRace-output.txt,27253,"2021-01-27 12:51:46,289 [Log spammer 12] INFO  namenode.TestEditLogRace (TestEditLogRace.java:call(618)) - thread[12] edits=2048"
35607,hadoop-trunk,/Users/holen/DegreeProject/mstracker-RQ3/hadoop-trunk/hadoop-common-project/hadoop-common/target/surefire-reports/org.apache.hadoop.fs.TestFsShellReturnCode-output.txt,69,"2021-01-27 10:26:27,267 INFO  fs.TestFsShellReturnCode (TestFsShellReturnCode.java:testInvalidDefaultFS(381)) - result="
626104,hbase-master,/Users/holen/DegreeProject/mstracker-RQ3/hbase-master/hbase-endpoint/target/surefire-reports/org.apache.hadoop.hbase.coprocessor.TestSecureExport-output.txt,2,"2021-03-01 23:03:56,845 INFO  [Time-limited test] coprocessor.TestSecureExport(181): Running testAccessCase"
630993,hive-master,/Users/holen/DegreeProject/mstracker-RQ3/hive-master/ql/target/surefire-reports/org.apache.hadoop.hive.ql.session.TestSessionState-output.txt,329,"2021-01-27T12:20:42,337  INFO [main] session.TestSessionState: copy jar file 2"
638711,zookeeper-master,/Users/holen/DegreeProject/mstracker-RQ3/zookeeper-master/zookeeper-server/target/surefire-reports/org.apache.zookeeper.audit.Log4jAuditLoggerTest-output.txt,609,"2021-03-02 00:39:56,613 [myid:] - INFO  [main:Log4jAuditLoggerTest@291] - expected audit log for operation 'setData' is 'session=0x1d6fe733b0000	user=127.0.0.1	ip=127.0.0.1	operation=setData	znode=/setDataPath	result=failure'"
86487,hbase-master,/Users/holen/DegreeProject/mstracker-RQ3/hbase-master/hbase-client/target/surefire-reports/org.apache.hadoop.hbase.client.TestTableDescriptorBuilder-output.txt,36,"2021-03-01 22:10:36,802 INFO  [Time-limited test] client.TestTableDescriptorBuilder(204): Testing: 'new:illegalcolon1:2'"
47427,hadoop-trunk,/Users/holen/DegreeProject/mstracker-RQ3/hadoop-trunk/hadoop-hdfs-project/hadoop-hdfs/target/surefire-reports/org.apache.hadoop.hdfs.TestReadStripedFileWithDecoding-output.txt,2818,"2021-01-27 15:50:52,882 [Listener at localhost/44747] INFO  hdfs.TestReadStripedFileWithDecoding (TestReadStripedFileWithDecoding.java:testReportBadBlock(100)) - Deliberately corrupting file blk_-9223372036854775792"
43387,hadoop-trunk,/Users/holen/DegreeProject/mstracker-RQ3/hadoop-trunk/hadoop-hdfs-project/hadoop-hdfs/target/surefire-reports/org.apache.hadoop.hdfs.TestReplaceDatanodeOnFailure-output.txt,1773,"2021-01-27 15:35:37,239 [SlowWriter:/TestReplaceDatanodeOnFailure/file1] INFO  hdfs.TestReplaceDatanodeOnFailure (TestReplaceDatanodeOnFailure.java:run(246)) - SlowWriter:/TestReplaceDatanodeOnFailure/file1 writes 4"
630222,hive-master,/Users/holen/DegreeProject/mstracker-RQ3/hive-master/llap-server/target/surefire-reports/org.apache.hadoop.hive.llap.cache.TestBuddyAllocatorForceEvict-output.txt,387365,"2021-01-27T12:44:40,330  INFO [pool-2-thread-9] cache.TestBuddyAllocatorForceEvict: Allocator state (MTT): {[8*@0][8*@1][16*@2][16*@4][16*@6][8*@8][8*@9][16*@10][16*@12][16*@14][8*@16][8*@17][16*@18][16*@20][8*@22][8*@23][16*@24][16*@26][8*@28][8*@29][16*@30][16*@32][16*@34][8*@36][8*@37][16*@38][16*@40][16*@42][8*@44][8*@45][16*@46][16*@48][8*@50][8*@51][16*@52][16*@54][8*@56][8*@57][16*@58][16*@60][16*@62][8*@64][8*@65][16*@66][16*@68][16*@70][8*@72][8*@73][16*@74][16*@76][8*@78][8*@79][16*@80][16*@82][8*@84][8*@85][16*@86][16*@88][8*@90][8*@91][16*@92][16*@94][8*@96][8*@97][16*@98][16*@100][16*@102][8*@104][8*@105][16*@106][16*@108][16*@110][8*@112][8*@113][16*@114][16*@116][16*@118][8*@120][8*@121][16*@122][16*@124][16*@126][8*@128][8*@129][16*@130][16*@132][16*@134][8*@136][8*@137][16*@138][16*@140][8*@142][8*@143][16*@144][16*@146][8*@148][8*@149][16*@150][16*@152][8*@154][8*@155][16*@156][16*@158][8*@160][8*@161][16*@162][16*@164][16*@166][8*@168][8*@169][16*@170][16*@172][16*@174][8*@176][8*@177][16*@178][16*@180][8*@182][8*@183][16*@184][16*@186][8*@188][8*@189][16*@190][16*@192][8*@194][8*@195][16*@196][16*@198][8*@200][8*@201][16*@202][16*@204][16*@206][8*@208][8*@209][16*@210][8*@212][8*@213][16*@214][16*@216][16*@218][8*@220][8*@221][16*@222][16*@224][8*@226][8*@227][16*@228][16*@230][8*@232][8*@233][16*@234][16*@236][16*@238][8*@240][8*@241][16*@242][16*@244][16*@246][8*@248][8*@249][16*@250][16*@252][16*@254]}, {[16*@0][16*@2][16*@4][16*@6][16*@8][16*@10][16*@12][16*@14][16*@16][16*@18][16*@20][8*@22][8*@23][16*@24][8*@26][8*@27][16*@28][8*@30][8*@31][16*@32][16*@34][16*@36][16*@38][16*@40][16*@42][16*@44][16*@46][16*@48][16*@50][16*@52][16*@54][16*@56][8*@58][8*@59][16*@60][16*@62][16*@64][16*@66][16*@68][16*@70][16*@72][16*@74][16*@76][16*@78][16*@80][16*@82][16*@84][16*@86][16*@88][16*@90][16*@92][16*@94][16*@96][16*@98][16*@100][16*@102][16*@104][16*@106][16*@108][16*@110][16*@112][16*@114][16*@116][16*@118][16*@120][16*@122][16*@124][16*@126][16*@128][16*@130][16*@132][16*@134][16*@136][16*@138][16*@140][16*@142][16*@144][16*@146][16*@148][16*@150][16*@152][16*@154][16*@156][16*@158][16*@160][8*@162][8*@163][16*@164][16*@166][16*@168][16*@170][16*@172][16*@174][16*@176][16*@178][16*@180][16*@182][16*@184][8*@186][8*@187][16*@188][16*@190][16*@192][16*@194][16*@196][16*@198][16*@200][16*@202][16*@204][16*@206][16*@208][16*@210][16*@212][16*@214][16*@216][16*@218][16*@220][16*@222][16*@224][16*@226][16*@228][16*@230][16*@232][16*@234][16*@236][16*@238][16*@240][16*@242][16*@244][16*@246][16*@248][16*@250][16*@252][16*@254]}, {[16*@0][16*@2][16*@4][16*@6][16*@8][16*@10][16*@12][16*@14][16*@16][16*@18][16*@20][16*@22][16*@24][16*@26][16*@28][16*@30][8*@32][8*@33][8*@34][8*@35][16*@36][16*@38][8*@40][8*@41][16*@42][16*@44][16*@46][16*@48][16*@50][8*@52][8*@53][16*@54][16*@56][16*@58][8*@60][8*@61][16*@62][16*@64][16*@66][16*@68][16*@70][8*@72][8*@73][16*@74][16*@76][16*@78][8*@80][8*@81][16*@82][16*@84][16*@86][8*@88][8*@89][16*@90][16*@92][16*@94][16*@96][8*@98][8*@99][16*@100][16*@102][8*@104][8*@105][16*@106][8*@108][8*@109][16*@110][16*@112][16*@114][16*@116][16*@118][16*@120][8*@122][8*@123][16*@124][16*@126][16*@128][16*@130][16*@132][16*@134][16*@136][16*@138][16*@140][16*@142][16*@144][16*@146][16*@148][16*@150][16*@152][16*@154][16*@156][16*@158][16*@160][16*@162][16*@164][16*@166][16*@168][16*@170][16*@172][16*@174][16*@176][16*@178][16*@180][16*@182][16*@184][16*@186][16*@188][16*@190][16*@192][16*@194][16*@196][16*@198][16*@200][16*@202][16*@204][16*@206][16*@208][16*@210][16*@212][16*@214][16*@216][16*@218][16*@220][16*@222][16*@224][16*@226][16*@228][16*@230][16*@232][16*@234][16*@236][16*@238][16*@240][16*@242][16*@244][16*@246][16*@248][16*@250][16*@252][16*@254]}, {[16*@0][16*@2][8*@4][8*@5][16*@6][16*@8][16*@10][8*@12][8*@13][16*@14][16*@16][16*@18][8*@20][8*@21][16*@22][16*@24][16*@26][8*@28][8*@29][16*@30][8*@32][8*@33][16*@34][16*@36][16*@38][8*@40][8*@41][16*@42][16*@44][16*@46][8*@48][8*@49][16*@50][16*@52][16*@54][8*@56][8*@57][16*@58][16*@60][16*@62][16*@64][16*@66][8*@68][8*@69][16*@70][8*@72][8*@73][16*@74][16*@76][16*@78][8*@80][8*@81][16*@82][16*@84][16*@86][8*@88][8*@89][16*@90][16*@92][8*@94][8*@95][16*@96][8*@98][8*@99][16*@100][16*@102][8*@104][8*@105][16*@106][16*@108][16*@110][8*@112][8*@113][16*@114][16*@116][16*@118][8*@120][8*@121][16*@122][16*@124][16*@126][8*@128][8*@129][16*@130][16*@132][16*@134][16*@136][16*@138][8*@140][8*@141][16*@142][16*@144][8*@146][8*@147][16*@148][16*@150][8*@152][8*@153][16*@154][16*@156][16*@158][8*@160][8*@161][16*@162][16*@164][16*@166][16*@168][16*@170][16*@172][16*@174][8*@176][8*@177][16*@178][16*@180][16*@182][8*@184][8*@185][16*@186][16*@188][16*@190][8*@192][8*@193][16*@194][16*@196][16*@198][8*@200][8*@201][16*@202][16*@204][16*@206][16*@208][16*@210][8*@212][8*@213][16*@214][16*@216][8*@218][8*@219][16*@220][16*@222][8*@224][8*@225][16*@226][16*@228][16*@230][8*@232][8*@233][16*@234][16*@236][16*@238][16*@240][16*@242][8*@244][8*@245][16*@246][16*@248][16*@250][8*@252][8*@253][16*@254]}, "
36043,hadoop-trunk,/Users/holen/DegreeProject/mstracker-RQ3/hadoop-trunk/hadoop-common-project/hadoop-common/target/surefire-reports/org.apache.hadoop.security.TestKDiag-output.txt,1467,"2021-01-27 10:33:20,413 INFO  security.TestKDiag (TestKDiag.java:dump(238)) - test.cache.data = ""/home/users/hzhang/project/repo2test/hadoop-trunk/hadoop-common-project/hadoop-common/target/test-classes"""
20123,hadoop-trunk,/Users/holen/DegreeProject/mstracker-RQ3/hadoop-trunk/hadoop-yarn-project/hadoop-yarn/hadoop-yarn-server/hadoop-yarn-server-resourcemanager/target/surefire-reports/org.apache.hadoop.yarn.server.resourcemanager.scheduler.capacity.TestLeafQueue-output.txt,1737,"2021-01-27 17:59:22,253 INFO  [main] capacity.TestLeafQueue (TestLeafQueue.java:testDRFUserLimits(860)) - resource:<memory:1024, vCores:40>; type:OFF_SWITCH; excessReservation:null; applicationid:application_0_0000; skipped:NONE; fulfilled reservation:false; allocations(count/resource):1/<memory:1024, vCores:40>; reservations(count/resource):0/<memory:0, vCores:0>"
634815,tomcat-master,/Users/holen/DegreeProject/mstracker-RQ3/tomcat-master/output/build/logs/TEST-org.apache.catalina.mbeans.TestRegistration.NIO.txt,23,03-Mar-2021 00:31:32.933 INFO [main] org.apache.catalina.mbeans.TestRegistration.testMBeanDeregistration 
36838,hadoop-trunk,/Users/holen/DegreeProject/mstracker-RQ3/hadoop-trunk/hadoop-common-project/hadoop-common/target/surefire-reports/org.apache.hadoop.security.token.delegation.TestDelegationToken-output.txt,10140,"2021-01-27 10:34:51,387 INFO  delegation.TestDelegationToken (TestDelegationToken.java:shouldThrow(212)) - Caught an exception: "
12059,activemq-master,/Users/holen/DegreeProject/mstracker-RQ3/activemq-master/activemq-unit-tests/target/surefire-reports/org.apache.activemq.bugs.AMQ6293Test-output.txt,13,"2020-12-10 16:26:43,040 [me-limited test] - INFO  AMQ6293Test                    - Sent 5000 messages"
43368,hadoop-trunk,/Users/holen/DegreeProject/mstracker-RQ3/hadoop-trunk/hadoop-hdfs-project/hadoop-hdfs/target/surefire-reports/org.apache.hadoop.hdfs.TestDFSFinalize-output.txt,1317,"2021-01-27 15:59:36,242 [Listener at localhost/40763] INFO  hdfs.TestDFSFinalize (TestDFSFinalize.java:log(56)) - ============================================================"
34223,hadoop-trunk,/Users/holen/DegreeProject/mstracker-RQ3/hadoop-trunk/hadoop-common-project/hadoop-common/target/surefire-reports/org.apache.hadoop.ha.TestActiveStandbyElector-output.txt,89,"2021-01-27 10:29:42,272 INFO  ha.ActiveStandbyElector (TestActiveStandbyElector.java:sleepFor(79)) - Would have slept for 1000ms"
626261,hbase-master,/Users/holen/DegreeProject/mstracker-RQ3/hbase-master/hbase-server/target/surefire-reports/org.apache.hadoop.hbase.rsgroup.TestRSGroupMappingScript-output.txt,9,"2021-03-01 22:37:15,745 INFO  [Time-limited test] rsgroup.TestRSGroupMappingScript(95):   echo other"
81916,hadoop-trunk,/Users/holen/DegreeProject/mstracker-RQ3/hadoop-trunk/hadoop-hdfs-project/hadoop-hdfs/target/surefire-reports/org.apache.hadoop.hdfs.server.namenode.ha.TestDNFencing-output.txt,13808,"2021-01-27 12:38:52,997 [Listener at localhost/44505] INFO  ha.TestDNFencing (TestDNFencing.java:banner(578)) - "
636021,zookeeper-master,/Users/holen/DegreeProject/mstracker-RQ3/zookeeper-master/zookeeper-server/target/surefire-reports/org.apache.zookeeper.RemoveWatchesCmdTest-output.txt,554,"2021-03-02 00:49:23,961 [myid:] - INFO  [main:RemoveWatchesCmdTest@116] - Remove watchers using shell command : removewatches /testnode1 -d"
626299,hbase-master,/Users/holen/DegreeProject/mstracker-RQ3/hbase-master/hbase-server/target/surefire-reports/org.apache.hadoop.hbase.master.procedure.TestMasterProcedureScheduler-output.txt,37,"2021-03-01 22:22:20,745 DEBUG [Time-limited test] procedure.TestMasterProcedureScheduler(665): fetch children pid=3, ppid=2, state=RUNNABLE, hasLock=false; TestRegionProcedure(regions=[{ENCODED => 1122f437417d7609ed4c73fc714392e6, NAME => 'testRootXLockAndChildrenSharedLock,a,1614655340743.1122f437417d7609ed4c73fc714392e6.', STARTKEY => 'a', ENDKEY => 'b'}])"
634803,tomcat-master,/Users/holen/DegreeProject/mstracker-RQ3/tomcat-master/output/build/logs/TEST-org.apache.catalina.mapper.TestMapperPerformance.NIO.txt,8,"03-Mar-2021 00:31:27.809 INFO [main] org.apache.catalina.mapper.TestMapperPerformance.testPerformance Host [owefojiwefoi], Time [123]ms"
16220,activemq-master,/Users/holen/DegreeProject/mstracker-RQ3/activemq-master/activemq-unit-tests/target/surefire-reports/org.apache.activemq.advisory.ProducerListenerTest-output.txt,19,"2020-12-10 14:39:01,778 [main           ] - INFO  ProducerListenerTest           - Creating consumer: Consumer: 2 on destination: queue://org.apache.activemq.advisory.ProducerListenerTest.testListenWhileAlreadyConsumersActive"
84870,hadoop-trunk,/Users/holen/DegreeProject/mstracker-RQ3/hadoop-trunk/hadoop-hdfs-project/hadoop-hdfs/target/surefire-reports/org.apache.hadoop.hdfs.server.blockmanagement.TestSortLocatedStripedBlock-output.txt,78,"2021-01-27 11:28:17,278 [Time-limited test] INFO  blockmanagement.TestSortLocatedStripedBlock (TestSortLocatedStripedBlock.java:assertDecommnNodePosition(392)) - Block Locations size=13, locs=DatanodeInfoWithStorage[127.0.0.1:8,289f3749-24fa-496e-9323-c0c12c219456,DISK], j="
79125,hadoop-trunk,/Users/holen/DegreeProject/mstracker-RQ3/hadoop-trunk/hadoop-hdfs-project/hadoop-hdfs/target/surefire-reports/org.apache.hadoop.hdfs.server.namenode.TestSaveNamespace-output.txt,155,"2021-01-27 14:06:16,810 [FSImageSaver for /home/users/hzhang/project/repo2test/hadoop-trunk/hadoop-hdfs-project/hadoop-hdfs/target/test/data/dfs/name2 of type IMAGE_AND_EDITS] INFO  namenode.TestSaveNamespace (TestSaveNamespace.java:answer(116)) - Not injecting fault for sd: Storage Directory root= /home/users/hzhang/project/repo2test/hadoop-trunk/hadoop-hdfs-project/hadoop-hdfs/target/test/data/dfs/name2; location= null"
632302,pig-trunk,/Users/holen/DegreeProject/mstracker-RQ3/pig-trunk/build/test/logs/TEST-org.apache.pig.test.TestParamSubPreproc.txt,586,"2021-03-07 22:55:30,087 [main] INFO  org.apache.pig.test.TestParamSubPreproc - Starting test testCmdnameAsParamDeclare()"
58536,hadoop-trunk,/Users/holen/DegreeProject/mstracker-RQ3/hadoop-trunk/hadoop-hdfs-project/hadoop-hdfs/target/surefire-reports/org.apache.hadoop.hdfs.server.blockmanagement.TestBlockReportRateLimiting-output.txt,1163,"2021-01-27 11:28:35,690 [IPC Server handler 1 on default port 41339] INFO  blockmanagement.TestBlockReportRateLimiting (TestBlockReportRateLimiting.java:requestBlockReportLease(114)) - requestBlockReportLease(node=127.0.0.1:38147, leaseId=0x8317a9cd63665c05).  expectedFbrDns = 127.0.0.1:38147"
628236,hive-master,/Users/holen/DegreeProject/mstracker-RQ3/hive-master/hcatalog/core/target/surefire-reports/org.apache.hive.hcatalog.mapreduce.TestHCatMultiOutputFormat-output.txt,880,"2021-01-27T13:04:33,824  INFO [main] mapreduce.TestHCatMultiOutputFormat: File permissions verified"
12795,activemq-master,/Users/holen/DegreeProject/mstracker-RQ3/activemq-master/activemq-unit-tests/target/surefire-reports/org.apache.activemq.bugs.AMQ7270Test-output.txt,8,"2020-12-10 16:43:43,838 [main           ] - INFO  AMQ7270Test                    - BIG Size: 150"
626209,hbase-master,/Users/holen/DegreeProject/mstracker-RQ3/hbase-master/hbase-server/target/surefire-reports/org.apache.hadoop.hbase.regionserver.TestStoreScanner-output.txt,48,"2021-03-01 22:31:46,742 INFO  [Time-limited test] regionserver.TestStoreScanner$CellGridStoreScanner(244): Cell=2/cf:1/1/Put/vlen=1/seqid=0, nextIndex=2//LATEST_TIMESTAMP/Maximum/vlen=0/seqid=0, optimized=false"
60506,hadoop-trunk,/Users/holen/DegreeProject/mstracker-RQ3/hadoop-trunk/hadoop-hdfs-project/hadoop-hdfs/target/surefire-reports/org.apache.hadoop.hdfs.server.namenode.TestFileJournalManager-output.txt,511,"2021-01-27 13:56:36,129 [main] INFO  namenode.TestFileJournalManager (TestFileJournalManager.java:getNumberOfTransactions(103)) - getNumberOfTransactions: detected gap at txId 31"
9113,activemq-master,/Users/holen/DegreeProject/mstracker-RQ3/activemq-master/activemq-unit-tests/target/surefire-reports/org.apache.activemq.openwire.OpenWireConnectionTimeoutTest-output.txt,45,"2020-12-10 17:19:52,756 [main           ] - INFO  OpenWireConnectionTimeoutTest  - ========== start testInactivityMonitor[nio] =========="
20131,hadoop-trunk,/Users/holen/DegreeProject/mstracker-RQ3/hadoop-trunk/hadoop-yarn-project/hadoop-yarn/hadoop-yarn-server/hadoop-yarn-server-common/target/surefire-reports/org.apache.hadoop.yarn.server.scheduler.TestDistributedOpportunisticContainerAllocator-output.txt,19812,"2021-01-27 17:17:17,627 INFO  [main] scheduler.TestDistributedOpportunisticContainerAllocator (TestDistributedOpportunisticContainerAllocator.java:testMaxAllocationsPerAMHeartbeat(669)) - Containers: [Container: [ContainerId: container_0_0001_01_000002, AllocationRequestId: -1, Version: 0, NodeId: h3:1234, NodeHttpAddress: h3:1234, Resource: <memory:1024, vCores:1>, Priority: 1, Token: Token { kind: ContainerToken, service: h3:1234 }, ExecutionType: OPPORTUNISTIC, ], Container: [ContainerId: container_0_0001_01_000003, AllocationRequestId: -1, Version: 0, NodeId: h2:1234, NodeHttpAddress: h2:1234, Resource: <memory:1024, vCores:1>, Priority: 1, Token: Token { kind: ContainerToken, service: h2:1234 }, ExecutionType: OPPORTUNISTIC, ]]"
86588,hbase-master,/Users/holen/DegreeProject/mstracker-RQ3/hbase-master/hbase-backup/target/surefire-reports/org.apache.hadoop.hbase.backup.TestBackupDeleteRestore-output.txt,1181,"2021-03-01 23:05:59,154 INFO  [Time-limited test] backup.TestBackupDeleteRestore(57): test full restore on a single table empty table"
619960,hbase-master,/Users/holen/DegreeProject/mstracker-RQ3/hbase-master/hbase-procedure/target/surefire-reports/org.apache.hadoop.hbase.procedure2.TestProcedureSchedulerConcurrency-output.txt,843,"2021-03-01 22:16:26,000 DEBUG [Thread-2] procedure2.TestProcedureSchedulerConcurrency$2(129): WAIT ProcedureEvent for test-event procId=17, ready=false, [pid=17, state=RUNNABLE, hasLock=false; org.apache.hadoop.hbase.procedure2.TestProcedureSchedulerConcurrency$TestProcedureWithEvent]"
38460,hadoop-trunk,/Users/holen/DegreeProject/mstracker-RQ3/hadoop-trunk/hadoop-mapreduce-project/hadoop-mapreduce-client/hadoop-mapreduce-client-jobclient/target/surefire-reports/org.apache.hadoop.mapreduce.util.TestMRAsyncDiskService-output.txt,4,"2021-01-27 20:59:14,583 INFO  [main] util.TestMRAsyncDiskService (TestMRAsyncDiskService.java:relativeToWorking(117)) - relative to working: /home/users/hzhang/project/repo2test/hadoop-trunk/hadoop-mapreduce-project/hadoop-mapreduce-client -> .."
79618,hadoop-trunk,/Users/holen/DegreeProject/mstracker-RQ3/hadoop-trunk/hadoop-hdfs-project/hadoop-hdfs/target/surefire-reports/org.apache.hadoop.hdfs.server.namenode.snapshot.TestRenameWithSnapshots-output.txt,148,"2021-01-27 13:18:51,700 [Time-limited test] INFO  snapshot.TestRenameWithSnapshots (TestRenameWithSnapshots.java:testRenameDirectoryInSnapshot(306)) - DiffList is "
16837,activemq-master,/Users/holen/DegreeProject/mstracker-RQ3/activemq-master/activemq-unit-tests/target/surefire-reports/org.apache.activemq.usecases.DuplexAdvisoryRaceTest-output.txt,678,"2020-12-10 18:19:19,229 [main           ] - INFO  DuplexAdvisoryRaceTest         - received: 1300"
16180,activemq-master,/Users/holen/DegreeProject/mstracker-RQ3/activemq-master/activemq-unit-tests/target/surefire-reports/org.apache.activemq.JmsTopicRedeliverTest-output.txt,9,"2020-12-10 14:36:59,335 [main           ] - INFO  JmsTopicRedeliverTest          - Created session: ActiveMQSession {id=ID:sense02.encs.concordia.ca-42327-1607629019135-4:1:1,started=false,closed=false} java.lang.Object@587e5365"
1573,activemq-master,/Users/holen/DegreeProject/mstracker-RQ3/activemq-master/activemq-unit-tests/target/surefire-reports/org.apache.activemq.bugs.AMQ6000Test-output.txt,9,"2020-12-10 16:23:13,121 [me-limited test] - INFO  AMQ6000Test                    - Pausing Queue"
11530,activemq-master,/Users/holen/DegreeProject/mstracker-RQ3/activemq-master/activemq-unit-tests/target/surefire-reports/org.apache.activemq.bugs.AMQ4531Test-output.txt,111,"2020-12-10 16:11:33,187 [main           ] - INFO  AMQ4531Test                    - Latch complete."
79444,hadoop-trunk,/Users/holen/DegreeProject/mstracker-RQ3/hadoop-trunk/hadoop-hdfs-project/hadoop-hdfs/target/surefire-reports/org.apache.hadoop.hdfs.TestReplaceDatanodeFailureReplication-output.txt,5820,"2021-01-27 14:59:22,662 [SlowWriter:/TestReplaceDatanodeFailureReplication/file4] INFO  hdfs.TestReplaceDatanodeFailureReplication (TestReplaceDatanodeFailureReplication.java:run(266)) - SlowWriter:/TestReplaceDatanodeFailureReplication/file4 writes 1"
635784,zookeeper-master,/Users/holen/DegreeProject/mstracker-RQ3/zookeeper-master/zookeeper-server/target/surefire-reports/org.apache.zookeeper.server.quorum.SessionUpgradeQuorumTest-output.txt,1963,"2021-03-02 00:45:43,923 [myid:1] - INFO  [FollowerRequestProcessor:1:SessionUpgradeQuorumTest$TestQPMainDropSessionUpgrading$1$3@313] - request is 1, cnxn ip: /127.0.0.1:39960 sessionId: 0x101d703c0da0000"
60749,hadoop-trunk,/Users/holen/DegreeProject/mstracker-RQ3/hadoop-trunk/hadoop-hdfs-project/hadoop-hdfs/target/surefire-reports/org.apache.hadoop.fs.viewfs.TestViewFileSystemHdfs-output.txt,1681,"2021-01-27 10:58:31,901 [Listener at localhost/41439] INFO  viewfs.TestViewFileSystemHdfs (TestViewFileSystemHdfs.java:testNflyRepair(294)) - Starting testNflyWriteSimpleFailover"
634223,tomcat-master,/Users/holen/DegreeProject/mstracker-RQ3/tomcat-master/output/build/logs/TEST-org.apache.tomcat.websocket.server.TestClose.NIO.txt,520,"Mar 03, 2021 12:48:26 AM org.apache.tomcat.websocket.server.TestClose$TestEndpoint onOpen"
1296,activemq-master,/Users/holen/DegreeProject/mstracker-RQ3/activemq-master/activemq-unit-tests/target/surefire-reports/org.apache.activemq.bugs.CursorMemoryHighWaterMarkTest-output.txt,10,"2020-12-10 16:44:23,654 [main           ] - INFO  CursorMemoryHighWaterMarkTest  - Broker System Mem Usage: Usage(Main:memory) percentUsage=61%, usage=3084000, limit=5000000, percentUsageMinDelta=1%"
54687,hadoop-trunk,/Users/holen/DegreeProject/mstracker-RQ3/hadoop-trunk/hadoop-hdfs-project/hadoop-hdfs/target/surefire-reports/org.apache.hadoop.hdfs.server.datanode.TestIncrementalBrVariations-output.txt,2709,"2021-01-27 11:58:50,893 [Time-limited test] INFO  datanode.TestIncrementalBrVariations (TestIncrementalBrVariations.java:testDataNodeDoesNotSplitReports(221)) - Triggering report after deleting blocks"
16223,activemq-master,/Users/holen/DegreeProject/mstracker-RQ3/activemq-master/activemq-unit-tests/target/surefire-reports/org.apache.activemq.bugs.AMQ4157Test-output.txt,28,"2020-12-10 15:57:31,747 [main           ] - INFO  AMQ4157Test                    - Attempting consume of 1000 messages"
9454,activemq-master,/Users/holen/DegreeProject/mstracker-RQ3/activemq-master/activemq-unit-tests/target/surefire-reports/org.apache.activemq.usecases.AMQ6366Test-output.txt,1,"2020-12-10 18:11:27,903 [main           ] - INFO  AMQ6366Test                    - Delete dataDir../home/users/hzhang/project/repo2test/activemq-master/activemq-unit-tests/target/activemq-data"
17546,hadoop-trunk,/Users/holen/DegreeProject/mstracker-RQ3/hadoop-trunk/hadoop-yarn-project/hadoop-yarn/hadoop-yarn-server/hadoop-yarn-server-resourcemanager/target/surefire-reports/org.apache.hadoop.yarn.server.resourcemanager.TestRMEmbeddedElector-output.txt,1499,"2021-01-27 18:29:12,647 INFO  [Time-limited test] resourcemanager.TestRMEmbeddedElector (TestRMEmbeddedElector.java:testDeadlockShutdownBecomeActive(105)) - Stopped RM"
36223,hadoop-trunk,/Users/holen/DegreeProject/mstracker-RQ3/hadoop-trunk/hadoop-common-project/hadoop-common/target/surefire-reports/org.apache.hadoop.fs.viewfs.TestViewFileSystemOverloadSchemeLocalFileSystem-output.txt,5,"2021-01-27 10:29:09,478 INFO  viewfs.TestViewFileSystemOverloadSchemeLocalFileSystem (TestViewFileSystemOverloadSchemeLocalFileSystem.java:testLocalFsLinkSlashMergeWithOtherMountLinks(144)) - Starting testLocalFsLinkSlashMergeWithOtherMountLinks"
84607,hadoop-trunk,/Users/holen/DegreeProject/mstracker-RQ3/hadoop-trunk/hadoop-hdfs-project/hadoop-hdfs/target/surefire-reports/org.apache.hadoop.hdfs.qjournal.server.TestJournalNodeRespectsBindHostKeys-output.txt,78,"2021-01-27 11:05:35,509 [Time-limited test] INFO  server.TestJournalNodeRespectsBindHostKeys (TestJournalNodeRespectsBindHostKeys.java:testHttpsBindHostKey(171)) - Testing behavior without dfs.journalnode.https-bind-host"
40868,hadoop-trunk,/Users/holen/DegreeProject/mstracker-RQ3/hadoop-trunk/hadoop-tools/hadoop-aws/target/surefire-reports/org.apache.hadoop.fs.s3a.TestStreamChangeTracker-output.txt,7,"2021-01-28 01:55:21,337 [JUnit-testVersionCheckingOnClient] INFO  s3a.TestStreamChangeTracker (TestStreamChangeTracker.java:testVersionCheckingOnClient(120)) - Verify the client-side version checker raises exceptions"
34189,hadoop-trunk,/Users/holen/DegreeProject/mstracker-RQ3/hadoop-trunk/hadoop-yarn-project/hadoop-yarn/hadoop-yarn-client/target/surefire-reports/org.apache.hadoop.yarn.client.TestGetGroups-output.txt,261,"2021-01-27 19:01:57,320 INFO  [main] client.TestGetGroups (TestGetGroups.java:tearDownResourceManager(95)) - Stopping ResourceManager..."
86734,hbase-master,/Users/holen/DegreeProject/mstracker-RQ3/hbase-master/hbase-common/target/surefire-reports/org.apache.hadoop.hbase.TestHBaseConfiguration-output.txt,4,"2021-03-01 22:07:30,846 INFO  [Time-limited test] hbase.TestHBaseConfiguration$ReflectiveCredentialProviderClient(246): Credential provider classes have been loaded and initialized successfully through reflection."
81950,hadoop-trunk,/Users/holen/DegreeProject/mstracker-RQ3/hadoop-trunk/hadoop-hdfs-project/hadoop-hdfs/target/surefire-reports/org.apache.hadoop.hdfs.TestDFSRollback-output.txt,1959,"2021-01-27 11:18:46,812 [Listener at localhost/33355] INFO  hdfs.TestDFSRollback (TestDFSRollback.java:log(64)) - ***TEST 6*** DataNode rollback with newer fsscTime in previous: numDirs=1"
638809,zookeeper-master,/Users/holen/DegreeProject/mstracker-RQ3/zookeeper-master/zookeeper-server/target/surefire-reports/org.apache.zookeeper.server.quorum.CommitProcessorTest-output.txt,62,"2021-03-02 00:46:18,933 [myid:] - INFO  [main:CommitProcessorTest@268] - testManyCommitWorkersMixedWorkload 8X0w/100r + 8X25w/75r workload test"
17559,hadoop-trunk,/Users/holen/DegreeProject/mstracker-RQ3/hadoop-trunk/hadoop-yarn-project/hadoop-yarn/hadoop-yarn-server/hadoop-yarn-server-resourcemanager/target/surefire-reports/org.apache.hadoop.yarn.server.resourcemanager.security.TestAMRMTokens-output.txt,5841,"2021-01-27 18:14:09,640 INFO  [Listener at 0.0.0.0/39633] security.TestAMRMTokens (TestAMRMTokens.java:testMasterKeyRollOver(260)) - Waiting for AM Launch to happen.."
86670,hbase-master,/Users/holen/DegreeProject/mstracker-RQ3/hbase-master/hbase-common/target/surefire-reports/org.apache.hadoop.hbase.TestClassFinder-output.txt,48,"2021-03-01 22:06:21,678 INFO  [Time-limited test] hbase.TestClassFinder(246): Created jar /home/users/hzhang/project/repo2test/hbase-master/hbase-common/target/test-data/4485a080-da0c-3190-9e99-96923f58737a/TestClassFinder/jar13.jar"
8829,activemq-master,/Users/holen/DegreeProject/mstracker-RQ3/activemq-master/activemq-unit-tests/target/surefire-reports/org.apache.activemq.jmx.OpenTypeSupportTest-output.txt,9,"2020-12-10 16:59:47,256 [main           ] - INFO  OpenTypeSupportTest            - result : javax.management.openmbean.CompositeDataSupport(compositeType=javax.management.openmbean.CompositeType(name=org.apache.activemq.command.ActiveMQBytesMessage,items=((itemName=BodyLength,itemType=javax.management.openmbean.SimpleType(name=java.lang.Long)),(itemName=BodyPreview,itemType=javax.management.openmbean.ArrayType(name=[Ljava.lang.Byte;,dimension=1,elementType=javax.management.openmbean.SimpleType(name=java.lang.Byte),primitiveArray=false)),(itemName=BooleanProperties,itemType=javax.management.openmbean.TabularType(name=java.util.Map<java.lang.String, java.lang.Boolean>,rowType=javax.management.openmbean.CompositeType(name=java.util.Map<java.lang.String, java.lang.Boolean>,items=((itemName=key,itemType=javax.management.openmbean.SimpleType(name=java.lang.String)),(itemName=value,itemType=javax.management.openmbean.SimpleType(name=java.lang.Boolean)))),indexNames=(key))),(itemName=BrokerPath,itemType=javax.management.openmbean.SimpleType(name=java.lang.String)),(itemName=ByteProperties,itemType=javax.management.openmbean.TabularType(name=java.util.Map<java.lang.String, java.lang.Byte>,rowType=javax.management.openmbean.CompositeType(name=java.util.Map<java.lang.String, java.lang.Byte>,items=((itemName=key,itemType=javax.management.openmbean.SimpleType(name=java.lang.String)),(itemName=value,itemType=javax.management.openmbean.SimpleType(name=java.lang.Byte)))),indexNames=(key))),(itemName=DoubleProperties,itemType=javax.management.openmbean.TabularType(name=java.util.Map<java.lang.String, java.lang.Double>,rowType=javax.management.openmbean.CompositeType(name=java.util.Map<java.lang.String, java.lang.Double>,items=((itemName=key,itemType=javax.management.openmbean.SimpleType(name=java.lang.String)),(itemName=value,itemType=javax.management.openmbean.SimpleType(name=java.lang.Double)))),indexNames=(key))),(itemName=FloatProperties,itemType=javax.management.openmbean.TabularType(name=java.util.Map<java.lang.String, java.lang.Float>,rowType=javax.management.openmbean.CompositeType(name=java.util.Map<java.lang.String, java.lang.Float>,items=((itemName=key,itemType=javax.management.openmbean.SimpleType(name=java.lang.String)),(itemName=value,itemType=javax.management.openmbean.SimpleType(name=java.lang.Float)))),indexNames=(key))),(itemName=IntProperties,itemType=javax.management.openmbean.TabularType(name=java.util.Map<java.lang.String, java.lang.Integer>,rowType=javax.management.openmbean.CompositeType(name=java.util.Map<java.lang.String, java.lang.Integer>,items=((itemName=key,itemType=javax.management.openmbean.SimpleType(name=java.lang.String)),(itemName=value,itemType=javax.management.openmbean.SimpleType(name=java.lang.Integer)))),indexNames=(key))),(itemName=JMSCorrelationID,itemType=javax.management.openmbean.SimpleType(name=java.lang.String)),(itemName=JMSDeliveryMode,itemType=javax.management.openmbean.SimpleType(name=java.lang.String)),(itemName=JMSDestination,itemType=javax.management.openmbean.SimpleType(name=java.lang.String)),(itemName=JMSExpiration,itemType=javax.management.openmbean.SimpleType(name=java.lang.Long)),(itemName=JMSMessageID,itemType=javax.management.openmbean.SimpleType(name=java.lang.String)),(itemName=JMSPriority,itemType=javax.management.openmbean.SimpleType(name=java.lang.Integer)),(itemName=JMSRedelivered,itemType=javax.management.openmbean.SimpleType(name=java.lang.Boolean)),(itemName=JMSReplyTo,itemType=javax.management.openmbean.SimpleType(name=java.lang.String)),(itemName=JMSTimestamp,itemType=javax.management.openmbean.SimpleType(name=java.util.Date)),(itemName=JMSType,itemType=javax.management.openmbean.SimpleType(name=java.lang.String)),(itemName=JMSXGroupID,itemType=javax.management.openmbean.SimpleType(name=java.lang.String)),(itemName=JMSXGroupSeq,itemType=javax.management.openmbean.SimpleType(name=java.lang.Integer)),(itemName=JMSXUserID,itemType=javax.management.openmbean.SimpleType(name=java.lang.String)),(itemName=LongProperties,itemType=javax.management.openmbean.TabularType(name=java.util.Map<java.lang.String, java.lang.Long>,rowType=javax.management.openmbean.CompositeType(name=java.util.Map<java.lang.String, java.lang.Long>,items=((itemName=key,itemType=javax.management.openmbean.SimpleType(name=java.lang.String)),(itemName=value,itemType=javax.management.openmbean.SimpleType(name=java.lang.Long)))),indexNames=(key))),(itemName=OriginalDestination,itemType=javax.management.openmbean.SimpleType(name=java.lang.String)),(itemName=PropertiesText,itemType=javax.management.openmbean.SimpleType(name=java.lang.String)),(itemName=ShortProperties,itemType=javax.management.openmbean.TabularType(name=java.util.Map<java.lang.String, java.lang.Short>,rowType=javax.management.openmbean.CompositeType(name=java.util.Map<java.lang.String, java.lang.Short>,items=((itemName=key,itemType=javax.management.openmbean.SimpleType(name=java.lang.String)),(itemName=value,itemType=javax.management.openmbean.SimpleType(name=java.lang.Short)))),indexNames=(key))),(itemName=StringProperties,itemType=javax.management.openmbean.TabularType(name=java.util.Map<java.lang.String, java.lang.String>,rowType=javax.management.openmbean.CompositeType(name=java.util.Map<java.lang.String, java.lang.String>,items=((itemName=key,itemType=javax.management.openmbean.SimpleType(name=java.lang.String)),(itemName=value,itemType=javax.management.openmbean.SimpleType(name=java.lang.String)))),indexNames=(key))))),contents={BodyLength=0, BodyPreview=[], BooleanProperties=javax.management.openmbean.TabularDataSupport(tabularType=javax.management.openmbean.TabularType(name=java.util.Map<java.lang.String, java.lang.Boolean>,rowType=javax.management.openmbean.CompositeType(name=java.util.Map<java.lang.String, java.lang.Boolean>,items=((itemName=key,itemType=javax.management.openmbean.SimpleType(name=java.lang.String)),(itemName=value,itemType=javax.management.openmbean.SimpleType(name=java.lang.Boolean)))),indexNames=(key)),contents={}), BrokerPath=null, ByteProperties=javax.management.openmbean.TabularDataSupport(tabularType=javax.management.openmbean.TabularType(name=java.util.Map<java.lang.String, java.lang.Byte>,rowType=javax.management.openmbean.CompositeType(name=java.util.Map<java.lang.String, java.lang.Byte>,items=((itemName=key,itemType=javax.management.openmbean.SimpleType(name=java.lang.String)),(itemName=value,itemType=javax.management.openmbean.SimpleType(name=java.lang.Byte)))),indexNames=(key)),contents={}), DoubleProperties=javax.management.openmbean.TabularDataSupport(tabularType=javax.management.openmbean.TabularType(name=java.util.Map<java.lang.String, java.lang.Double>,rowType=javax.management.openmbean.CompositeType(name=java.util.Map<java.lang.String, java.lang.Double>,items=((itemName=key,itemType=javax.management.openmbean.SimpleType(name=java.lang.String)),(itemName=value,itemType=javax.management.openmbean.SimpleType(name=java.lang.Double)))),indexNames=(key)),contents={}), FloatProperties=javax.management.openmbean.TabularDataSupport(tabularType=javax.management.openmbean.TabularType(name=java.util.Map<java.lang.String, java.lang.Float>,rowType=javax.management.openmbean.CompositeType(name=java.util.Map<java.lang.String, java.lang.Float>,items=((itemName=key,itemType=javax.management.openmbean.SimpleType(name=java.lang.String)),(itemName=value,itemType=javax.management.openmbean.SimpleType(name=java.lang.Float)))),indexNames=(key)),contents={}), IntProperties=javax.management.openmbean.TabularDataSupport(tabularType=javax.management.openmbean.TabularType(name=java.util.Map<java.lang.String, java.lang.Integer>,rowType=javax.management.openmbean.CompositeType(name=java.util.Map<java.lang.String, java.lang.Integer>,items=((itemName=key,itemType=javax.management.openmbean.SimpleType(name=java.lang.String)),(itemName=value,itemType=javax.management.openmbean.SimpleType(name=java.lang.Integer)))),indexNames=(key)),contents={}), JMSCorrelationID=null, JMSDeliveryMode=NON-PERSISTENT, JMSDestination=null, JMSExpiration=0, JMSMessageID=null, JMSPriority=0, JMSRedelivered=false, JMSReplyTo=null, JMSTimestamp=Wed Dec 31 19:00:00 EST 1969, JMSType=null, JMSXGroupID=null, JMSXGroupSeq=0, JMSXUserID=null, LongProperties=javax.management.openmbean.TabularDataSupport(tabularType=javax.management.openmbean.TabularType(name=java.util.Map<java.lang.String, java.lang.Long>,rowType=javax.management.openmbean.CompositeType(name=java.util.Map<java.lang.String, java.lang.Long>,items=((itemName=key,itemType=javax.management.openmbean.SimpleType(name=java.lang.String)),(itemName=value,itemType=javax.management.openmbean.SimpleType(name=java.lang.Long)))),indexNames=(key)),contents={}), OriginalDestination=null, PropertiesText={}, ShortProperties=javax.management.openmbean.TabularDataSupport(tabularType=javax.management.openmbean.TabularType(name=java.util.Map<java.lang.String, java.lang.Short>,rowType=javax.management.openmbean.CompositeType(name=java.util.Map<java.lang.String, java.lang.Short>,items=((itemName=key,itemType=javax.management.openmbean.SimpleType(name=java.lang.String)),(itemName=value,itemType=javax.management.openmbean.SimpleType(name=java.lang.Short)))),indexNames=(key)),contents={}), StringProperties=javax.management.openmbean.TabularDataSupport(tabularType=javax.management.openmbean.TabularType(name=java.util.Map<java.lang.String, java.lang.String>,rowType=javax.management.openmbean.CompositeType(name=java.util.Map<java.lang.String, java.lang.String>,items=((itemName=key,itemType=javax.management.openmbean.SimpleType(name=java.lang.String)),(itemName=value,itemType=javax.management.openmbean.SimpleType(name=java.lang.String)))),indexNames=(key)),contents={})})"
60619,hadoop-trunk,/Users/holen/DegreeProject/mstracker-RQ3/hadoop-trunk/hadoop-hdfs-project/hadoop-hdfs/target/surefire-reports/org.apache.hadoop.hdfs.TestErasureCodingMultipleRacks-output.txt,8583,"2021-01-27 15:52:37,009 [Listener at localhost/45429] INFO  hdfs.TestErasureCodingMultipleRacks (TestErasureCodingMultipleRacks.java:assertRackFailureTolerated(187)) - Rack count map is: {/rack4=3, /rack3=3, /rack2=1, /rack1=1, /rack0=1}"
44362,hadoop-trunk,/Users/holen/DegreeProject/mstracker-RQ3/hadoop-trunk/hadoop-hdfs-project/hadoop-hdfs/target/surefire-reports/org.apache.hadoop.hdfs.server.diskbalancer.TestDiskBalancer-output.txt,2544,"2021-01-27 14:22:47,498 [Listener at localhost/41647] INFO  diskbalancer.TestDiskBalancer (TestDiskBalancer.java:get(750)) - Work Status: {""currentState"":[{""sourcePath"":""/home/users/hzhang/project/repo2test/hadoop-trunk/hadoop-hdfs-project/hadoop-hdfs/target/test/data/dfs/data/data1/"",""destPath"":""/home/users/hzhang/project/repo2test/hadoop-trunk/hadoop-hdfs-project/hadoop-hdfs/target/test/data/dfs/data/data2/"",""workItem"":{""bytesToCopy"":51469,""errMsg"":""Disk Balancer - Unable to find dest volume: /home/users/hzhang/project/repo2test/hadoop-trunk/hadoop-hdfs-project/hadoop-hdfs/target/test/data/dfs/data/data2/"",""tolerancePercent"":10}}],""result"":""PLAN_DONE"",""planID"":""778b37065db1f577553c61aeb6fccc038533af06"",""planFile"":""/system/current.plan.json""}"
38428,hadoop-trunk,/Users/holen/DegreeProject/mstracker-RQ3/hadoop-trunk/hadoop-mapreduce-project/hadoop-mapreduce-client/hadoop-mapreduce-client-jobclient/target/surefire-reports/org.apache.hadoop.mapreduce.TestMapCollection-output.txt,1753,"2021-01-27 20:40:47,037 INFO  [main] mapreduce.TestMapCollection (TestMapCollection.java:runTest(320)) - Running fullspillbuf"
37098,hadoop-trunk,/Users/holen/DegreeProject/mstracker-RQ3/hadoop-trunk/hadoop-mapreduce-project/hadoop-mapreduce-client/hadoop-mapreduce-client-app/target/surefire-reports/org.apache.hadoop.mapreduce.v2.app.rm.TestRMContainerAllocator-output.txt,23048,"2021-01-27 20:33:12,714 INFO  [Listener at 0.0.0.0/45335] rm.TestRMContainerAllocator (TestRMContainerAllocator.java:testCompletedTasksRecalculateSchedule(2319)) - Running testCompletedTasksRecalculateSchedule"
17781,hadoop-trunk,/Users/holen/DegreeProject/mstracker-RQ3/hadoop-trunk/hadoop-yarn-project/hadoop-yarn/hadoop-yarn-server/hadoop-yarn-server-resourcemanager/target/surefire-reports/org.apache.hadoop.yarn.server.resourcemanager.scheduler.capacity.TestChildQueueOrder-output.txt,172,"2021-01-27 17:58:20,047 INFO  [main] capacity.TestChildQueueOrder (TestChildQueueOrder.java:testSortedQueues(400)) - status child-queues: root.ausedCapacity=(0.8),  label=(*)root.busedCapacity=(0.8),  label=(*)root.cusedCapacity=(1.2),  label=(*)root.dusedCapacity=(0.4),  label=(*)"
627014,hbase-master,/Users/holen/DegreeProject/mstracker-RQ3/hbase-master/hbase-server/target/surefire-reports/org.apache.hadoop.hbase.regionserver.TestStoreScannerClosure-output.txt,8,"2021-03-01 22:35:42,327 INFO  [Time-limited test] regionserver.TestStoreScannerClosure(265): the store scanner count is 0"
47244,hadoop-trunk,/Users/holen/DegreeProject/mstracker-RQ3/hadoop-trunk/hadoop-hdfs-project/hadoop-hdfs/target/surefire-reports/org.apache.hadoop.fs.viewfs.TestViewFileSystemLinkMergeSlash-output.txt,1261,"2021-01-27 11:01:02,932 [Listener at localhost/35275] INFO  viewfs.TestViewFileSystemLinkMergeSlash (TestViewFileSystemLinkMergeSlash.java:testConfLinkMergeSlash(171)) - File stat: ViewFsFileStatus{path=null; isDirectory=false; length=0; replication=0; blocksize=0; modification_time=0; access_time=0; owner=; group=; permission=rw-rw-rw-; isSymlink=false; hasAcl=false; isEncrypted=false; isErasureCoded=false}"
61348,hadoop-trunk,/Users/holen/DegreeProject/mstracker-RQ3/hadoop-trunk/hadoop-hdfs-project/hadoop-hdfs/target/surefire-reports/org.apache.hadoop.hdfs.server.namenode.TestLargeDirectoryDelete-output.txt,41248,"2021-01-27 13:35:32,262 [Listener at localhost/46381] INFO  namenode.TestLargeDirectoryDelete (TestLargeDirectoryDelete.java:runThreads(148)) - lockOperations 49"
1523,activemq-master,/Users/holen/DegreeProject/mstracker-RQ3/activemq-master/activemq-unit-tests/target/surefire-reports/org.apache.activemq.bugs.AMQ6094Test-output.txt,12,"2020-12-10 16:23:26,031 [main           ] - INFO  AMQ6094Test                    - messagesStat: 0"
1777,activemq-master,/Users/holen/DegreeProject/mstracker-RQ3/activemq-master/activemq-unit-tests/target/surefire-reports/org.apache.activemq.store.jdbc.JDBCIOExceptionHandlerTest-output.txt,17,"2020-12-10 17:33:18,083 [main           ] - INFO  JDBCIOExceptionHandlerTest     - ***DB is being shutdown..."
9458,activemq-master,/Users/holen/DegreeProject/mstracker-RQ3/activemq-master/activemq-unit-tests/target/surefire-reports/org.apache.activemq.broker.jmx.MBeanOperationTimeoutTest-output.txt,12,"2020-12-10 14:52:57,201 [main           ] - INFO  MBeanOperationTimeoutTest      - Attempting to move one message, TimeoutException expected"
17591,hadoop-trunk,/Users/holen/DegreeProject/mstracker-RQ3/hadoop-trunk/hadoop-yarn-project/hadoop-yarn/hadoop-yarn-server/hadoop-yarn-server-resourcemanager/target/surefire-reports/org.apache.hadoop.yarn.server.resourcemanager.reservation.TestPeriodicRLESparseResourceAllocation-output.txt,13,"2021-01-27 17:48:42,999 INFO  [main] reservation.TestPeriodicRLESparseResourceAllocation (TestPeriodicRLESparseResourceAllocation.java:testPeriodicCapacity(45)) - Period: 20"
86468,hadoop-trunk,/Users/holen/DegreeProject/mstracker-RQ3/hadoop-trunk/hadoop-hdfs-project/hadoop-hdfs-rbf/target/surefire-reports/org.apache.hadoop.hdfs.server.federation.router.TestRouterNamenodeWebScheme-output.txt,89,"2021-01-27 17:09:09,708 [Listener at 0.0.0.0/37865] INFO  router.TestRouterNamenodeWebScheme (TestRouterNamenodeWebScheme.java:setup(78)) - Set nn0 to active for all nameservices"
626189,hbase-master,/Users/holen/DegreeProject/mstracker-RQ3/hbase-master/hbase-server/target/surefire-reports/org.apache.hadoop.hbase.client.TestResult-output.txt,30,"2021-03-01 22:29:31,355 DEBUG [main] client.TestResult(125): As expected: Cannot advance beyond the last cell"
638579,zookeeper-master,/Users/holen/DegreeProject/mstracker-RQ3/zookeeper-master/zookeeper-server/target/surefire-reports/org.apache.zookeeper.test.RestoreCommittedLogTest-output.txt,274,"2021-03-02 00:35:23,406 [myid:] - INFO  [main:RestoreCommittedLogTest@125] - committedLog size = 19"
35593,hadoop-trunk,/Users/holen/DegreeProject/mstracker-RQ3/hadoop-trunk/hadoop-common-project/hadoop-common/target/surefire-reports/org.apache.hadoop.net.TestStaticMapping-output.txt,21,"2021-01-27 10:47:02,184 INFO  net.TestStaticMapping (TestStaticMapping.java:testCachingRelaysSingleSwitchQueries(180)) - Mapping: cached switch mapping relaying to static mapping with single switch = true"
625780,hbase-master,/Users/holen/DegreeProject/mstracker-RQ3/hbase-master/hbase-procedure/target/surefire-reports/org.apache.hadoop.hbase.procedure2.TestChildProcedures-output.txt,279,"2021-03-01 22:16:06,277 INFO  [Time-limited test] procedure2.TestChildProcedures(169): java.lang.Exception: test"
34139,hadoop-trunk,/Users/holen/DegreeProject/mstracker-RQ3/hadoop-trunk/hadoop-yarn-project/hadoop-yarn/hadoop-yarn-common/target/surefire-reports/org.apache.hadoop.yarn.util.TestProcfsBasedProcessTree-output.txt,1042,"2021-01-27 17:16:00,346 INFO  [Time-limited test] util.TestProcfsBasedProcessTree (TestProcfsBasedProcessTree.java:writeStatFiles(942)) - wrote stat file for 400 with contents: 400 (proc4) S 1 400 400 0 0 0 0 0 0 0 4000 800 0 0 0 0 0 0 0 400000 400 0 0 0 0 0 0 0 0 0 0 0 0 0 0 0"
16173,activemq-master,/Users/holen/DegreeProject/mstracker-RQ3/activemq-master/activemq-unit-tests/target/surefire-reports/org.apache.activemq.usecases.DurableRedeliveryTest-output.txt,9,"2020-12-10 18:22:26,970 [main           ] - INFO  DurableRedeliveryTest          - got: ActiveMQTextMessage {commandId = 5, responseRequired = true, messageId = ID:sense02.encs.concordia.ca-45595-1607642546633-4:1:1:1:1, originalDestination = null, originalTransactionId = null, producerId = ID:sense02.encs.concordia.ca-45595-1607642546633-4:1:1:1, destination = topic://testTopic, transactionId = null, expiration = 0, timestamp = 1607642546946, arrival = 0, brokerInTime = 1607642546946, brokerOutTime = 1607642546967, correlationId = null, replyTo = null, persistent = true, type = null, priority = 4, groupID = null, groupSequence = 0, targetConsumerId = null, compressed = false, userID = null, content = org.apache.activemq.util.ByteSequence@6d3a388c, marshalledProperties = null, dataStructure = null, redeliveryCounter = 1, size = 0, properties = null, readOnlyProperties = true, readOnlyBody = true, droppable = false, jmsXGroupFirstForConsumer = false, text = test: 1}"
38470,hadoop-trunk,/Users/holen/DegreeProject/mstracker-RQ3/hadoop-trunk/hadoop-mapreduce-project/hadoop-mapreduce-client/hadoop-mapreduce-client-jobclient/target/surefire-reports/org.apache.hadoop.mapred.TestCombineSequenceFileInputFormat-output.txt,4,"2021-01-27 23:29:55,048 INFO  [Time-limited test] mapred.TestCombineSequenceFileInputFormat (TestCombineSequenceFileInputFormat.java:testFormat(89)) - splitting: requesting = 1"
38825,hadoop-trunk,/Users/holen/DegreeProject/mstracker-RQ3/hadoop-trunk/hadoop-mapreduce-project/hadoop-mapreduce-client/hadoop-mapreduce-client-jobclient/target/surefire-reports/org.apache.hadoop.mapreduce.v2.TestMRJobsWithProfiler-output.txt,334,"2021-01-27 21:35:27,924 INFO  [Time-limited test] v2.TestMRJobsWithProfiler (TestMRJobsWithProfiler.java:testDefaultProfiler(110)) - Starting testDefaultProfiler"
16171,activemq-master,/Users/holen/DegreeProject/mstracker-RQ3/activemq-master/activemq-unit-tests/target/surefire-reports/org.apache.activemq.broker.virtual.VirtualTopicWildcardTest-output.txt,10,"2020-12-10 15:53:23,604 [main           ] - INFO  VirtualTopicWildcardTest       - One: 1, Two:0"
83375,hadoop-trunk,/Users/holen/DegreeProject/mstracker-RQ3/hadoop-trunk/hadoop-hdfs-project/hadoop-hdfs/target/surefire-reports/org.apache.hadoop.hdfs.TestDFSStripedOutputStream-output.txt,13727,"2021-01-27 14:37:47,429 [Listener at localhost/46017] INFO  hdfs.TestDFSStripedOutputStream (TestDFSStripedOutputStream.java:testFileBlockSizeSmallerThanCellSize(245)) - Caught expected exception"
41900,hadoop-trunk,/Users/holen/DegreeProject/mstracker-RQ3/hadoop-trunk/hadoop-tools/hadoop-gridmix/target/surefire-reports/org.apache.hadoop.mapred.gridmix.TestLoadJob-output.txt,802,"2021-01-28 01:53:48,416 INFO  [Time-limited test] gridmix.Gridmix (TestLoadJob.java:testReplaySubmit(75)) -  Replay started at 1611816828416"
626853,hbase-master,/Users/holen/DegreeProject/mstracker-RQ3/hbase-master/hbase-server/target/surefire-reports/org.apache.hadoop.hbase.master.balancer.TestSimpleLoadBalancer-output.txt,337,"2021-03-01 22:20:46,226 INFO  [Time-limited test] balancer.TestSimpleLoadBalancer(153): Mock Balance : { srv1043534570:10 , srv1166508311:10 , srv1202236710:10 , srv1314676318:10 , srv262408396:10 , srv400877572:10 , srv896832088:10 , srv359188156:11 , srv556476222:11 , srv640772633:11 }"
85448,hadoop-trunk,/Users/holen/DegreeProject/mstracker-RQ3/hadoop-trunk/hadoop-hdfs-project/hadoop-hdfs/target/surefire-reports/org.apache.hadoop.hdfs.TestDFSClientRetries-output.txt,3924,"2021-01-27 16:08:00,503 [Thread-871] INFO  hdfs.TestDFSClientRetries (TestDFSClientRetries.java:run(820)) - Thread correctly read the block."
632221,hive-master,/Users/holen/DegreeProject/mstracker-RQ3/hive-master/ql/target/surefire-reports/org.apache.hadoop.hive.ql.exec.vector.expressions.TestVectorStringExpressions-output.txt,391,"2021-01-27T11:08:21,773  INFO [main] expressions.TestVectorStringExpressions: Randomized testing: ran 1029 positive tests and 9211 negative tests"
20321,hadoop-trunk,/Users/holen/DegreeProject/mstracker-RQ3/hadoop-trunk/hadoop-yarn-project/hadoop-yarn/hadoop-yarn-server/hadoop-yarn-server-nodemanager/target/surefire-reports/org.apache.hadoop.yarn.server.nodemanager.containermanager.scheduler.TestContainerSchedulerQueuing-output.txt,1406,"2021-01-27 17:29:13,520 INFO  [Listener at 0.0.0.0/8040] scheduler.TestContainerSchedulerQueuing (BaseContainerManagerTest.java:setup(192)) - Created tmpDir in /home/users/hzhang/project/repo2test/hadoop-trunk/hadoop-yarn-project/hadoop-yarn/hadoop-yarn-server/hadoop-yarn-server-nodemanager/target/TestContainerSchedulerQueuing-tmpDir"
627273,hbase-master,/Users/holen/DegreeProject/mstracker-RQ3/hbase-master/hbase-server/target/surefire-reports/org.apache.hadoop.hbase.snapshot.TestSnapshotDescriptionUtils-output.txt,5,"2021-03-01 22:19:19,406 INFO  [Time-limited test] snapshot.TestSnapshotDescriptionUtils(111): Correctly failed to move non-existant directory: File /home/users/hzhang/project/repo2test/hbase-master/hbase-server/target/test-data/223fe734-d902-d590-29cd-5a8b797da506/hbase/.hbase-snapshot/.tmp/not_a_snapshot does not exist"
637743,zookeeper-master,/Users/holen/DegreeProject/mstracker-RQ3/zookeeper-master/zookeeper-server/target/surefire-reports/org.apache.zookeeper.server.ConnectionMetricsTest-output.txt,463,"2021-03-02 00:40:54,356 [myid:] - INFO  [main:ConnectionMetricsTest@62] - connecting to server: 1"
34190,hadoop-trunk,/Users/holen/DegreeProject/mstracker-RQ3/hadoop-trunk/hadoop-yarn-project/hadoop-yarn/hadoop-yarn-client/target/surefire-reports/org.apache.hadoop.yarn.client.TestResourceManagerAdministrationProtocolPBClientImpl-output.txt,162,"2021-01-27 19:25:04,356 INFO  [main] client.TestResourceManagerAdministrationProtocolPBClientImpl (TestResourceManagerAdministrationProtocolPBClientImpl.java:setUpResourceManager(109)) - ResourceManager RMAdmin address: sense02.encs.concordia.ca:8033"
35606,hadoop-trunk,/Users/holen/DegreeProject/mstracker-RQ3/hadoop-trunk/hadoop-common-project/hadoop-common/target/surefire-reports/org.apache.hadoop.ipc.TestRpcServerHandoff-output.txt,30,"2021-01-27 10:39:17,123 INFO  ipc.TestRpcServerHandoff (TestRpcServerHandoff.java:awaitResponseTimeout(180)) - Done sleeping"
34372,hadoop-trunk,/Users/holen/DegreeProject/mstracker-RQ3/hadoop-trunk/hadoop-common-project/hadoop-common/target/surefire-reports/org.apache.hadoop.http.TestHttpServerLogs-output.txt,36,"2021-01-27 10:32:44,810 INFO  http.TestHttpServerLogs (TestHttpServerLogs.java:startServer(48)) - HTTP server started: http://localhost:33425"
1297,activemq-master,/Users/holen/DegreeProject/mstracker-RQ3/activemq-master/activemq-unit-tests/target/surefire-reports/org.apache.activemq.store.kahadb.KahaDBDeleteLockTest-output.txt,9,"2020-12-10 17:39:27,707 [main           ] - INFO  KahaDBDeleteLockTest           - Lock file /home/users/hzhang/project/repo2test/activemq-master/activemq-unit-tests/target/activemq-data/KahaDBDeleteLockTest/kahadb/lock, last mod at: Thu Dec 10 17:39:27 EST 2020"
633713,tomcat-master,/Users/holen/DegreeProject/mstracker-RQ3/tomcat-master/output/build/logs/TEST-org.apache.catalina.connector.TestCoyoteAdapter.NIO2.txt,38,03-Mar-2021 00:52:57.036 INFO [main] org.apache.catalina.connector.TestCoyoteAdapter.testBug54928 Content-Type: text/p...
17978,hadoop-trunk,/Users/holen/DegreeProject/mstracker-RQ3/hadoop-trunk/hadoop-yarn-project/hadoop-yarn/hadoop-yarn-server/hadoop-yarn-server-resourcemanager/target/surefire-reports/org.apache.hadoop.yarn.server.resourcemanager.scheduler.capacity.TestQueueMappings-output.txt,288,"2021-01-27 17:57:05,806 INFO  [main] capacity.TestQueueMappings (TestQueueMappings.java:setupQueueConfiguration(72)) - Setup top-level queues q1 and q2"
20473,hadoop-trunk,/Users/holen/DegreeProject/mstracker-RQ3/hadoop-trunk/hadoop-yarn-project/hadoop-yarn/hadoop-yarn-server/hadoop-yarn-server-nodemanager/target/surefire-reports/org.apache.hadoop.yarn.server.nodemanager.containermanager.monitor.TestContainersMonitorResourceChange-output.txt,71,"2021-01-27 17:37:04,233 INFO  [main] monitor.TestContainersMonitorResourceChange (TestContainersMonitorResourceChange.java:waitForContainerResourceUtilizationChange(326)) - Monitor thread is waiting for resource utlization change."
1856,activemq-master,/Users/holen/DegreeProject/mstracker-RQ3/activemq-master/activemq-unit-tests/target/surefire-reports/org.apache.activemq.store.kahadb.MKahaDBStoreLimitTest-output.txt,45,"2020-12-10 17:45:43,666 [main           ] - INFO  MKahaDBStoreLimitTest          - Dest Enqueues: 6"
17491,hadoop-trunk,/Users/holen/DegreeProject/mstracker-RQ3/hadoop-trunk/hadoop-yarn-project/hadoop-yarn/hadoop-yarn-applications/hadoop-yarn-services/hadoop-yarn-services-core/target/surefire-reports/org.apache.hadoop.yarn.service.TestServiceAM-output.txt,34,"2021-01-28 01:27:27,751 INFO  [main] service.TestServiceAM (TestServiceAM.java:setup(101)) - ZK cluster: 127.0.0.1:37775"
85500,hadoop-trunk,/Users/holen/DegreeProject/mstracker-RQ3/hadoop-trunk/hadoop-hdfs-project/hadoop-hdfs/target/surefire-reports/org.apache.hadoop.hdfs.TestDFSStripedOutputStreamWithRandomECPolicy-output.txt,3738,"2021-01-27 16:06:05,286 [main] INFO  hdfs.TestDFSStripedOutputStreamWithRandomECPolicy (TestDFSStripedOutputStreamWithRandomECPolicy.java:<init>(38)) - ErasureCodingPolicy=[Name=RS-10-4-1024k, Schema=[ECSchema=[Codec=rs, numDataUnits=10, numParityUnits=4]], CellSize=1048576, Id=5]"
54398,hadoop-trunk,/Users/holen/DegreeProject/mstracker-RQ3/hadoop-trunk/hadoop-hdfs-project/hadoop-hdfs/target/surefire-reports/org.apache.hadoop.fs.permission.TestStickyBit-output.txt,2289,"2021-01-27 11:02:14,999 [Listener at localhost/41949] INFO  permission.TestStickyBit (TestStickyBit.java:testStickyBitReset(371)) - Dir: DirToTestExplicitStickyBit, permission: rwxrwxrwt"
60503,hadoop-trunk,/Users/holen/DegreeProject/mstracker-RQ3/hadoop-trunk/hadoop-hdfs-project/hadoop-hdfs/target/surefire-reports/org.apache.hadoop.hdfs.TestMissingBlocksAlert-output.txt,1508,"2021-01-27 15:12:21,095 [Listener at localhost/38549] INFO  hdfs.TestMissingBlocksAlert (TestMissingBlocksAlert.java:testMissingBlocksAlert(96)) - Waiting for missing blocks count to increase..."
83240,hadoop-trunk,/Users/holen/DegreeProject/mstracker-RQ3/hadoop-trunk/hadoop-hdfs-project/hadoop-hdfs/target/surefire-reports/org.apache.hadoop.hdfs.server.blockmanagement.TestSequentialBlockId-output.txt,838,"2021-01-27 11:30:40,590 [Listener at localhost/40779] INFO  TestSequentialBlockId (TestSequentialBlockId.java:testBlockIdGeneration(81)) - Block8 id is 1073741833"
12335,activemq-master,/Users/holen/DegreeProject/mstracker-RQ3/activemq-master/activemq-unit-tests/target/surefire-reports/org.apache.activemq.usecases.NetworkBrokerNameColonTest-output.txt,9,"2020-12-10 18:42:24,778 [main           ] - INFO  NetworkBrokerNameColonTest     - starting broker with Colon in name"
626304,hbase-master,/Users/holen/DegreeProject/mstracker-RQ3/hbase-master/hbase-server/target/surefire-reports/org.apache.hadoop.hbase.regionserver.querymatcher.TestCompactionScanQueryMatcher-output.txt,6,"2021-03-01 22:31:35,125 DEBUG [Time-limited test] querymatcher.TestCompactionScanQueryMatcher(99): expected INCLUDE, actual INCLUDE"
36537,hadoop-trunk,/Users/holen/DegreeProject/mstracker-RQ3/hadoop-trunk/hadoop-common-project/hadoop-common/target/surefire-reports/org.apache.hadoop.fs.TestRawLocalFileSystemContract-output.txt,46,"2021-01-27 10:28:29,620 INFO  fs.TestRawLocalFileSystemContract (TestRawLocalFileSystemContract.java:filesystemIsCaseSensitive(120)) - DF.Filesystem is /dev/sda1 for path /home/users/hzhang/project/repo2test/hadoop-trunk/hadoop-common-project/hadoop-common"
36493,hadoop-trunk,/Users/holen/DegreeProject/mstracker-RQ3/hadoop-trunk/hadoop-common-project/hadoop-common/target/surefire-reports/org.apache.hadoop.security.TestDoAsEffectiveUser-output.txt,109,"2021-01-27 10:35:50,241 INFO  security.TestDoAsEffectiveUser (TestDoAsEffectiveUser.java:configureSuperUserIPAddresses(98)) - Local Ip addresses: 192.168.165.202,127.0.0.1,127.0.1.1,sense02.encs.concordia.ca"
80357,hadoop-trunk,/Users/holen/DegreeProject/mstracker-RQ3/hadoop-trunk/hadoop-hdfs-project/hadoop-hdfs/target/surefire-reports/org.apache.hadoop.hdfs.TestMaintenanceState-output.txt,12473,"2021-01-27 14:50:11,592 [Listener at localhost/45993] INFO  hdfs.TestMaintenanceState (TestMaintenanceState.java:checkFile(1067)) - Wrong number of replicas for block BP-241711960-192.168.165.202-1611776949606:blk_1073741825_1001: expected 9, got 4 ,DatanodeInfoWithStorage[127.0.0.1:43473,DS-be59b13a-7b61-4156-8539-42c34fd57885,DISK],DatanodeInfoWithStorage[127.0.0.1:36399,DS-2b83b1dc-4b97-4236-b81b-7fe1ed851f35,DISK],DatanodeInfoWithStorage[127.0.0.1:42325,DS-6f2a8560-c17f-4c07-9536-01bbd179d260,DISK],DatanodeInfoWithStorage[127.0.0.1:35847,DS-08df7bc4-6fc5-4c37-806b-899a5a50f660,DISK],pending block # 0 ,under replicated # 1 ,excluded node 127.0.0.1:34215"
1776,activemq-master,/Users/holen/DegreeProject/mstracker-RQ3/activemq-master/activemq-unit-tests/target/surefire-reports/org.apache.activemq.config.JDBCConfigTest-output.txt,17,"2020-12-10 16:58:40,559 [main           ] - INFO  JDBCConfigTest                 - Success"
35,activemq-master,/Users/holen/DegreeProject/mstracker-RQ3/activemq-master/activemq-unit-tests/target/surefire-reports/org.apache.activemq.bugs.AMQ6117Test-output.txt,10,"2020-12-10 16:24:35,297 [main           ] - INFO  AMQ6117Test                    - DLQ has captured all expired messages"
85964,hadoop-trunk,/Users/holen/DegreeProject/mstracker-RQ3/hadoop-trunk/hadoop-hdfs-project/hadoop-hdfs/target/surefire-reports/org.apache.hadoop.hdfs.TestDFSStripedOutputStreamWithFailure-output.txt,217,"2021-01-27 15:41:58,255 [main] INFO  hdfs.TestDFSStripedOutputStreamWithFailure (TestDFSStripedOutputStreamWithFailure.java:runTestWithShortStripe(289)) - runTestWithShortStripe: length==65413, killPos=[7268, 14536, 21804, 29072, 36340, 43608, 50876, 58144], dnIndex=[0, 1, 2, 3, 4, 5, 6, 7]"
1873,activemq-master,/Users/holen/DegreeProject/mstracker-RQ3/activemq-master/activemq-unit-tests/target/surefire-reports/org.apache.activemq.bugs.AMQ4636Test-output.txt,139,"2020-12-10 16:12:03,380 [main           ] - INFO  AMQ4636Test                    - *** createDurableConsumer() called ..."
60628,hadoop-trunk,/Users/holen/DegreeProject/mstracker-RQ3/hadoop-trunk/hadoop-hdfs-project/hadoop-hdfs/target/surefire-reports/org.apache.hadoop.hdfs.server.mover.TestMover-output.txt,2130,"2021-01-27 11:22:06,646 [Listener at localhost/44519] INFO  mover.TestMover (TestMover.java:get(437)) - Archive replica count, expected=3 and actual=3"
58896,hadoop-trunk,/Users/holen/DegreeProject/mstracker-RQ3/hadoop-trunk/hadoop-hdfs-project/hadoop-hdfs/target/surefire-reports/org.apache.hadoop.hdfs.TestReconstructStripedFileWithRandomECPolicy-output.txt,59040,"2021-01-27 15:26:09,605 [Listener at localhost/35231] INFO  hdfs.TestReconstructStripedFileWithRandomECPolicy (TestReconstructStripedFileWithRandomECPolicy.java:<init>(40)) - run TestReconstructStripedFile with RS-3-2-1024k."
17563,hadoop-trunk,/Users/holen/DegreeProject/mstracker-RQ3/hadoop-trunk/hadoop-yarn-project/hadoop-yarn/hadoop-yarn-server/hadoop-yarn-server-resourcemanager/target/surefire-reports/org.apache.hadoop.yarn.server.resourcemanager.scheduler.distributed.TestCentralizedOpportunisticContainerAllocator-output.txt,1025,"2021-01-27 17:55:54,353 INFO  [main] distributed.TestCentralizedOpportunisticContainerAllocator (TestCentralizedOpportunisticContainerAllocator.java:testAllocationLatencyMetrics(598)) - Containers: [Container: [ContainerId: container_0_0001_01_000002, AllocationRequestId: 2, Version: 0, NodeId: h1:1234, NodeHttpAddress: null, Resource: <memory:1024, vCores:1>, Priority: 1, Token: Token { kind: ContainerToken, service: h1:1234 }, ExecutionType: OPPORTUNISTIC, ], Container: [ContainerId: container_0_0001_01_000003, AllocationRequestId: 2, Version: 0, NodeId: h1:1234, NodeHttpAddress: null, Resource: <memory:1024, vCores:1>, Priority: 1, Token: Token { kind: ContainerToken, service: h1:1234 }, ExecutionType: OPPORTUNISTIC, ]]"
58788,hadoop-trunk,/Users/holen/DegreeProject/mstracker-RQ3/hadoop-trunk/hadoop-hdfs-project/hadoop-hdfs/target/surefire-reports/org.apache.hadoop.hdfs.server.namenode.TestNNStorageRetentionFunctional-output.txt,294,"2021-01-27 12:21:35,839 [Listener at localhost/46773] INFO  namenode.TestNNStorageRetentionFunctional (TestNNStorageRetentionFunctional.java:testPurgingWithNameEditsDirAfterFailure(84)) - After first save, images 0 and 2 should exist in both dirs"
691246,zookeeper-master,/Users/holen/DegreeProject/mstracker-RQ3/zookeeper-master/zookeeper-server/target/surefire-reports/org.apache.zookeeper.server.CRCTest-output.txt,185,"2021-03-02 00:50:13,362 [myid:] - INFO  [main:CRCTest@134] - file is /home/users/hzhang/project/repo2test/zookeeper-master/zookeeper-server/target/surefire/test6861838719144908775.junit.dir/version-2/log.3bf"
626070,hbase-master,/Users/holen/DegreeProject/mstracker-RQ3/hbase-master/hbase-endpoint/target/surefire-reports/org.apache.hadoop.hbase.coprocessor.TestCoprocessorEndpoint-output.txt,83,"2021-03-01 23:02:02,322 INFO  [Time-limited test] coprocessor.TestCoprocessorEndpoint(155): Got value 10 for region TestCoprocessorEndpoint,,1614657720885.f16df606bb06307828387e981219aa8f."
637658,zookeeper-master,/Users/holen/DegreeProject/mstracker-RQ3/zookeeper-master/zookeeper-server/target/surefire-reports/org.apache.zookeeper.test.ClientHammerTest-output.txt,259,"2021-03-02 00:34:22,001 [myid:] - INFO  [main:ClientHammerTest@223] - Doing thread: 2 Tue Mar 02 00:34:22 EST 2021"
11492,activemq-master,/Users/holen/DegreeProject/mstracker-RQ3/activemq-master/activemq-unit-tests/target/surefire-reports/org.apache.activemq.broker.jmx.Log4JConfigTest-output.txt,37,"2020-12-10 14:52:40,821 [main           ] - INFO  Log4JConfigTest                - Bean Registered: org.apache.activemq:type=Broker,brokerName=localhost,service=Log4JConfiguration"
35753,hadoop-trunk,/Users/holen/DegreeProject/mstracker-RQ3/hadoop-trunk/hadoop-common-project/hadoop-common/target/surefire-reports/org.apache.hadoop.ipc.TestRPCServerShutdown-output.txt,25,"2021-01-27 10:39:19,051 INFO  ipc.TestRPCServerShutdown (TestRPCServerShutdown.java:testRPCServerShutdown(99)) - Expected exception"
626120,hbase-master,/Users/holen/DegreeProject/mstracker-RQ3/hbase-master/hbase-server/target/surefire-reports/org.apache.hadoop.hbase.io.hfile.TestHFileEncryption-output.txt,17,"2021-03-01 22:24:51,226 INFO  [Time-limited test] hfile.TestHFileEncryption(104): Wrote a block at 123342 with onDiskSizeWithHeader=16434 uncompressedSizeWithoutHeader=16401 uncompressedSizeWithoutHeader=16376"
632424,pig-trunk,/Users/holen/DegreeProject/mstracker-RQ3/pig-trunk/build/test/logs/TEST-org.apache.pig.test.TestRegisteredJarVisibility.txt,7,"2021-03-07 23:24:38,698 [main] INFO  org.apache.pig.test.TestRegisteredJarVisibility  - Created /home/users/hzhang/project/repo2test/pig-trunk/test/resources/org/apache/pig/test/ClassLoaderSanityCheck.class"
12342,activemq-master,/Users/holen/DegreeProject/mstracker-RQ3/activemq-master/activemq-unit-tests/target/surefire-reports/org.apache.activemq.bugs.AMQ5274Test-output.txt,15,"2020-12-10 16:20:26,177 [main           ] - INFO  AMQ5274Test                    - Got:ActiveMQTextMessage {commandId = 10, responseRequired = true, messageId = ID:sense02.encs.concordia.ca-39197-1607635220814-4:1:1:1:6, originalDestination = null, originalTransactionId = null, producerId = ID:sense02.encs.concordia.ca-39197-1607635220814-4:1:1:1, destination = queue://TestQ, transactionId = null, expiration = 1607635231125, timestamp = 1607635221125, arrival = 0, brokerInTime = 1607635221125, brokerOutTime = 1607635221157, correlationId = null, replyTo = null, persistent = true, type = null, priority = 4, groupID = null, groupSequence = 0, targetConsumerId = null, compressed = false, userID = null, content = org.apache.activemq.util.ByteSequence@2dde1bff, marshalledProperties = null, dataStructure = null, redeliveryCounter = 0, size = 0, properties = null, readOnlyProperties = true, readOnlyBody = true, droppable = false, jmsXGroupFirstForConsumer = false, text = i=5}"
17541,hadoop-trunk,/Users/holen/DegreeProject/mstracker-RQ3/hadoop-trunk/hadoop-yarn-project/hadoop-yarn/hadoop-yarn-server/hadoop-yarn-server-resourcemanager/target/surefire-reports/org.apache.hadoop.yarn.server.resourcemanager.webapp.TestRMWebServices-output.txt,3899,"2021-01-27 18:30:29,290 DEBUG [main] webapp.TestRMWebServices (TestRMWebServices.java:verifyClusterSchedulerFifo(644)) - schedulerInfo: {""type"":""fifoScheduler"",""capacity"":1,""usedCapacity"":0,""qstate"":""RUNNING"",""minQueueMemoryCapacity"":1024,""maxQueueMemoryCapacity"":8192,""numNodes"":0,""usedNodeCapacity"":0,""availNodeCapacity"":0,""totalNodeCapacity"":0,""numContainers"":0}"
20086,hadoop-trunk,/Users/holen/DegreeProject/mstracker-RQ3/hadoop-trunk/hadoop-yarn-project/hadoop-yarn/hadoop-yarn-server/hadoop-yarn-server-resourcemanager/target/surefire-reports/org.apache.hadoop.yarn.server.resourcemanager.security.TestDelegationTokenRenewer-output.txt,4257,"2021-01-27 18:12:21,937 INFO  [Time-limited test] security.TestDelegationTokenRenewer (TestDelegationTokenRenewer.java:renew(173)) - Called MYDFS.renewdelegationtoken id=1f0101;k=HDFS_DELEGATION_TOKEN;s=localhost:0;this dfs=1579403626;c=2"
630763,hive-master,/Users/holen/DegreeProject/mstracker-RQ3/hive-master/ql/target/surefire-reports/org.apache.hadoop.hive.ql.TestTxnExIm-output.txt,26226,"2021-01-27T12:22:51,871  WARN [main] ql.TestTxnExIm: testImport: read data(minor compact imported table): "
634252,tomcat-master,/Users/holen/DegreeProject/mstracker-RQ3/tomcat-master/output/build/logs/TEST-org.apache.catalina.core.TestSwallowAbortedUploads.APR.txt,71,"Mar 03, 2021 1:14:16 AM org.apache.catalina.core.TestSwallowAbortedUploads testAbortedUploadLimitedNoSwallow"
60686,hadoop-trunk,/Users/holen/DegreeProject/mstracker-RQ3/hadoop-trunk/hadoop-hdfs-project/hadoop-hdfs/target/surefire-reports/org.apache.hadoop.hdfs.server.namenode.TestStartup-output.txt,3176,"2021-01-27 13:07:23,352 [Listener at localhost/40243] INFO  namenode.TestStartup (TestStartup.java:setUp(111)) - --hdfsdir is /home/users/hzhang/project/repo2test/hadoop-trunk/hadoop-hdfs-project/hadoop-hdfs/target/test/data/dfs"
638668,zookeeper-master,/Users/holen/DegreeProject/mstracker-RQ3/zookeeper-master/zookeeper-server/target/surefire-reports/org.apache.zookeeper.test.FollowerResyncConcurrencyTest-output.txt,5775,"2021-03-02 00:31:49,779 [myid:] - INFO  [main:FollowerResyncConcurrencyTest@75] - Error count 140"
20805,hadoop-trunk,/Users/holen/DegreeProject/mstracker-RQ3/hadoop-trunk/hadoop-yarn-project/hadoop-yarn/hadoop-yarn-server/hadoop-yarn-server-nodemanager/target/surefire-reports/org.apache.hadoop.yarn.server.nodemanager.TestNodeManagerResync-output.txt,545,"2021-01-27 17:20:15,699 INFO  [Listener at 127.0.0.1/49155] nodemanager.TestNodeManagerResync (TestNodeManagerResync.java:startContainer(642)) - Start a container and wait until it is in RUNNING state"
17522,hadoop-trunk,/Users/holen/DegreeProject/mstracker-RQ3/hadoop-trunk/hadoop-yarn-project/hadoop-yarn/hadoop-yarn-applications/hadoop-yarn-services/hadoop-yarn-services-api/target/surefire-reports/org.apache.hadoop.yarn.service.TestCleanupAfterKill-output.txt,1208,"2021-01-28 01:29:05,069 INFO  [Listener at localhost/35537] service.TestCleanupAfterKill (TestCleanupAfterKill.java:testRegistryCleanedOnLifetimeExceeded(91)) - Destroy the service"
1261,activemq-master,/Users/holen/DegreeProject/mstracker-RQ3/activemq-master/activemq-unit-tests/target/surefire-reports/org.apache.activemq.bugs.AMQ3166Test-output.txt,236,"2020-12-10 15:55:02,457 [main           ] - INFO  AMQ3166Test                    - Got expected: javax.jms.JMSException: no way, won't accept any messages"
34373,hadoop-trunk,/Users/holen/DegreeProject/mstracker-RQ3/hadoop-trunk/hadoop-common-project/hadoop-common/target/surefire-reports/org.apache.hadoop.security.TestUGIWithMiniKdc-output.txt,26,"2021-01-27 10:33:53,033 INFO  security.UserGroupInformation (TestUGIWithMiniKdc.java:lambda$testAutoRenewalThreadRetryWithKdc$0(106)) - Renew failure count is 0"
1567,activemq-master,/Users/holen/DegreeProject/mstracker-RQ3/activemq-master/activemq-unit-tests/target/surefire-reports/org.apache.activemq.XAConsumerTest-output.txt,42,"2020-12-10 14:38:56,525 [main           ] - INFO  XAConsumerTest                 - >>>INVOKE XA receive with PullRequest Consumer..."
60529,hadoop-trunk,/Users/holen/DegreeProject/mstracker-RQ3/hadoop-trunk/hadoop-hdfs-project/hadoop-hdfs/target/surefire-reports/org.apache.hadoop.hdfs.server.namenode.TestProtectedDirectories-output.txt,3472,"2021-01-27 13:09:03,776 [Listener at localhost/39613] INFO  namenode.TestProtectedDirectories (TestProtectedDirectories.java:testMoveToTrash(300)) - Running TestMatrixEntry - ProtectedPaths=[/a/b]; UnprotectedPaths=[/a]"
16177,activemq-master,/Users/holen/DegreeProject/mstracker-RQ3/activemq-master/activemq-unit-tests/target/surefire-reports/org.apache.activemq.broker.policy.DiscardingDeadLetterPolicyTest-output.txt,137,"2020-12-10 15:07:15,257 [main           ] - INFO  DiscardingDeadLetterPolicyTest - Will redeliver messages: 4 times"
626336,hbase-master,/Users/holen/DegreeProject/mstracker-RQ3/hbase-master/hbase-server/target/surefire-reports/org.apache.hadoop.hbase.master.TestRegionsRecoveryChore-output.txt,7,"2021-03-01 22:21:19,079 DEBUG [Time-limited test] master.TestRegionsRecoveryChore(123): name: region5_1 refCount: 100"
1846,activemq-master,/Users/holen/DegreeProject/mstracker-RQ3/activemq-master/activemq-unit-tests/target/surefire-reports/org.apache.activemq.usecases.TopicDurableConnectStatsTest-output.txt,20,"2020-12-10 18:49:26,452 [main           ] - INFO  TopicDurableConnectStatsTest   - FINAL Pending Queue Size count (after consumer close): 0"
41912,hadoop-trunk,/Users/holen/DegreeProject/mstracker-RQ3/hadoop-trunk/hadoop-tools/hadoop-gridmix/target/surefire-reports/org.apache.hadoop.mapred.gridmix.TestSleepJob-output.txt,3497,"2021-01-28 01:51:34,430 INFO  [Listener at localhost/36469] gridmix.Gridmix (TestSleepJob.java:testStressSubmit(114)) -  Replay started at 1611816694430"
43515,hadoop-trunk,/Users/holen/DegreeProject/mstracker-RQ3/hadoop-trunk/hadoop-hdfs-project/hadoop-hdfs/target/surefire-reports/org.apache.hadoop.hdfs.TestReplication-output.txt,1196,"2021-01-27 16:39:22,413 [Listener at localhost/34349] INFO  hdfs.TestReplication (TestReplication.java:checkFile(132)) - datanode 1: DatanodeInfoWithStorage[127.0.0.1:45369,DS-fab923fa-f277-404e-9a65-aa5207805fe8,DISK]"
36213,hadoop-trunk,/Users/holen/DegreeProject/mstracker-RQ3/hadoop-trunk/hadoop-common-project/hadoop-common/target/surefire-reports/org.apache.hadoop.http.TestGlobalFilter-output.txt,516,"2021-01-27 10:32:33,244 WARN  http.HttpServer2 (TestGlobalFilter.java:access(86)) - access http://localhost:44301/static/a.out"
36827,hadoop-trunk,/Users/holen/DegreeProject/mstracker-RQ3/hadoop-trunk/hadoop-common-project/hadoop-common/target/surefire-reports/org.apache.hadoop.security.token.TestToken-output.txt,26,"2021-01-27 10:34:21,191 INFO  token.Token (TestToken.java:testEncodeWritable(94)) - Input = eeeee"
11484,activemq-master,/Users/holen/DegreeProject/mstracker-RQ3/activemq-master/activemq-unit-tests/target/surefire-reports/org.apache.activemq.broker.util.RedeliveryPluginTest-output.txt,3,"2020-12-10 15:51:39,868 [main           ] - INFO  RedeliveryPluginTest           - expected: java.lang.IllegalStateException: RedeliveryPolicy initialRedeliveryDelay must exceed: 1000. RedeliveryPolicy {destination = null, collisionAvoidanceFactor = 0.15, maximumRedeliveries = 6, maximumRedeliveryDelay = -1, initialRedeliveryDelay = 500, useCollisionAvoidance = false, useExponentialBackOff = false, backOffMultiplier = 5.0, redeliveryDelay = 1000, preDispatchCheck = true}"
79758,hadoop-trunk,/Users/holen/DegreeProject/mstracker-RQ3/hadoop-trunk/hadoop-hdfs-project/hadoop-hdfs/target/surefire-reports/org.apache.hadoop.hdfs.server.namenode.TestReencryption-output.txt,21756,"2021-01-27 13:01:17,950 [Listener at localhost/34447] INFO  namenode.TestReencryption (TestReencryption.java:waitForReencryptedFiles(1368)) - Waiting for total re-encrypted file count to be 5"
637087,zookeeper-master,/Users/holen/DegreeProject/mstracker-RQ3/zookeeper-master/zookeeper-server/target/surefire-reports/org.apache.zookeeper.test.QuorumRestartTest-output.txt,1660,"2021-03-02 00:39:23,465 [myid:] - INFO  [main:QuorumRestartTest@90] - ***** Restart 2 succeeded"
35582,hadoop-trunk,/Users/holen/DegreeProject/mstracker-RQ3/hadoop-trunk/hadoop-common-project/hadoop-common/target/surefire-reports/org.apache.hadoop.ipc.TestProtoBufRpcServerHandoff-output.txt,9,"2021-01-27 10:40:03,946 INFO  ipc.TestProtoBufRpcServerHandoff (TestProtoBufRpcServerHandoff.java:test(86)) - startTime=1611761998855, endTime=1611762003946, result.receiveTime=1611761998937, result.responseTime=1611762003939"
61752,hadoop-trunk,/Users/holen/DegreeProject/mstracker-RQ3/hadoop-trunk/hadoop-hdfs-project/hadoop-hdfs/target/surefire-reports/org.apache.hadoop.hdfs.server.namenode.TestNamenodeCapacityReport-output.txt,5392,"2021-01-27 13:52:42,386 [Listener at localhost/41563] INFO  namenode.TestNamenodeCapacityReport (TestNamenodeCapacityReport.java:testVolumeSize(99)) - Datanode configCapacity 490116190688 used 49152 non DFS used 220543021536 remaining 244533755904 perentUsed 1.00286425E-5 percentRemaining 49.893017"
1142,activemq-master,/Users/holen/DegreeProject/mstracker-RQ3/activemq-master/activemq-unit-tests/target/surefire-reports/org.apache.activemq.broker.RedeliveryRecoveryTest-output.txt,31,"2020-12-10 14:46:12,989 [main           ] - INFO  RedeliveryRecoveryTest         - got: ActiveMQTextMessage {commandId = 6, responseRequired = true, messageId = ID:sense02.encs.concordia.ca-44569-1607629572346-4:1:2:1:1, originalDestination = null, originalTransactionId = null, producerId = ID:sense02.encs.concordia.ca-44569-1607629572346-4:1:2:1, destination = queue://redeliveryRecoveryQ, transactionId = null, expiration = 0, timestamp = 1607629572624, arrival = 0, brokerInTime = 1607629572624, brokerOutTime = 1607629572989, correlationId = null, replyTo = null, persistent = true, type = null, priority = 4, groupID = null, groupSequence = 0, targetConsumerId = null, compressed = false, userID = null, content = org.apache.activemq.util.ByteSequence@662706a7, marshalledProperties = null, dataStructure = null, redeliveryCounter = 1, size = 0, properties = null, readOnlyProperties = true, readOnlyBody = true, droppable = false, jmsXGroupFirstForConsumer = false, text = <hello id='1'/>}"
57989,hadoop-trunk,/Users/holen/DegreeProject/mstracker-RQ3/hadoop-trunk/hadoop-hdfs-project/hadoop-hdfs/target/surefire-reports/org.apache.hadoop.hdfs.server.datanode.TestCachingStrategy-output.txt,1527,"2021-01-27 11:53:19,393 [Time-limited test] INFO  datanode.TestCachingStrategy (TestCachingStrategy.java:testSeekAfterSetDropBehind(378)) - testSeekAfterSetDropBehind"
637626,zookeeper-master,/Users/holen/DegreeProject/mstracker-RQ3/zookeeper-master/zookeeper-server/target/surefire-reports/org.apache.zookeeper.test.ChrootAsyncTest-output.txt,2854,"2021-03-02 00:40:06,975 [myid:] - INFO  [main:ChrootAsyncTest@40] - Creating client null"
630642,hive-master,/Users/holen/DegreeProject/mstracker-RQ3/hive-master/ql/target/surefire-reports/org.apache.hadoop.hive.ql.TestTxnAddPartition-output.txt,7927,"2021-01-27T12:07:43,203  WARN [main] ql.TestTxnAddPartition: addPartitionVectorized: read data(add 2 parts w/data and 1 empty vect): "
57151,hadoop-trunk,/Users/holen/DegreeProject/mstracker-RQ3/hadoop-trunk/hadoop-hdfs-project/hadoop-hdfs/target/surefire-reports/org.apache.hadoop.hdfs.TestDFSClientSocketSize-output.txt,326,"2021-01-27 15:41:30,334 [Listener at localhost/37101] INFO  hdfs.TestDFSClientSocketSize (TestDFSClientSocketSize.java:getSendBufferSize(96)) - MiniDFSCluster started."
58831,hadoop-trunk,/Users/holen/DegreeProject/mstracker-RQ3/hadoop-trunk/hadoop-hdfs-project/hadoop-hdfs/target/surefire-reports/org.apache.hadoop.hdfs.server.blockmanagement.TestReconstructStripedBlocksWithRackAwareness-output.txt,3895,"2021-01-27 11:35:39,125 [Listener at localhost/39659] INFO  blockmanagement.TestReconstructStripedBlocksWithRackAwareness (TestReconstructStripedBlocksWithRackAwareness.java:testReconstructForNotEnoughRacks(167)) - Created file /foo"
638537,zookeeper-master,/Users/holen/DegreeProject/mstracker-RQ3/zookeeper-master/zookeeper-server/target/surefire-reports/org.apache.zookeeper.server.quorum.QuorumDigestTest-output.txt,3759,"2021-03-02 00:46:20,955 [myid:3] - INFO  [CommitProcessor:3:QuorumDigestTest$DataTreeMock@250] - skip process txn 4294967302"
634817,tomcat-master,/Users/holen/DegreeProject/mstracker-RQ3/tomcat-master/output/build/logs/TEST-org.apache.tomcat.util.net.openssl.TestOpenSSLConf.NIO2.txt,8,"03-Mar-2021 01:10:15.561 WARNING [main] org.apache.tomcat.util.net.openssl.TestOpenSSLConf.testOpenSSLConfCmdProtocol OpenSSL not found: Can't load library: /home/users/hzhang/project/repo2test/tomcat-master/bin/libtcnative-1.so, Can't load library: /home/users/hzhang/project/repo2test/tomcat-master/bin/liblibtcnative-1.so, no tcnative-1 in java.library.path, no libtcnative-1 in java.library.path"
60564,hadoop-trunk,/Users/holen/DegreeProject/mstracker-RQ3/hadoop-trunk/hadoop-hdfs-project/hadoop-hdfs/target/surefire-reports/org.apache.hadoop.hdfs.TestConnCache-output.txt,334,"2021-01-27 11:20:38,749 [Listener at localhost/45137] INFO  hdfs.TestConnCache (TestConnCache.java:testReadFromOneDN(104)) - opened /testConnCache.dat"
634857,zookeeper-master,/Users/holen/DegreeProject/mstracker-RQ3/zookeeper-master/zookeeper-server/target/surefire-reports/org.apache.zookeeper.server.quorum.FLEMalformedNotificationMessageTest-output.txt,511,"2021-03-02 00:46:52,776 [myid:] - INFO  [main:FLEMalformedNotificationMessageTest@61] - FLEMalformedNotificationMessageTest: null, 3"
34205,hadoop-trunk,/Users/holen/DegreeProject/mstracker-RQ3/hadoop-trunk/hadoop-common-project/hadoop-registry/target/surefire-reports/org.apache.hadoop.registry.client.impl.TestCuratorService-output.txt,511,"2021-01-27 10:52:32,718 [JUnit] INFO  impl.TestCuratorService (TestCuratorService.java:testBackgroundDelete(172)) - took CuratorEventImpl{type=DELETE, resultCode=0, path='/registry/rm', name='null', children=null, context=null, stat=null, data=null, watchedEvent=null, aclList=null, opResults=null}"
47452,hadoop-trunk,/Users/holen/DegreeProject/mstracker-RQ3/hadoop-trunk/hadoop-hdfs-project/hadoop-hdfs/target/surefire-reports/org.apache.hadoop.hdfs.server.datanode.TestDataNodeRollingUpgrade-output.txt,4393,"2021-01-27 12:07:35,383 [Listener at localhost/46797] INFO  datanode.TestDataNodeRollingUpgrade (TestDataNodeRollingUpgrade.java:deleteAndEnsureInTrash(137)) - Deleting file /rollingUpgradeAndFinalize.02.dat during rolling upgrade"
33988,hadoop-trunk,/Users/holen/DegreeProject/mstracker-RQ3/hadoop-trunk/hadoop-yarn-project/hadoop-yarn/hadoop-yarn-server/hadoop-yarn-server-router/target/surefire-reports/org.apache.hadoop.yarn.server.router.rmadmin.TestRouterRMAdminService-output.txt,9809,"2021-01-27 19:44:18,430 INFO  [Listener at 0.0.0.0/8052] rmadmin.TestRouterRMAdminService (TestRouterRMAdminService.java:testRouterRMAdminServiceE2E(133)) - testRouterRMAdminServiceE2E - Update Node Resource"
627865,hbase-master,/Users/holen/DegreeProject/mstracker-RQ3/hbase-master/hbase-rest/target/surefire-reports/org.apache.hadoop.hbase.rest.client.TestXmlParsing-output.txt,2,"2021-03-01 23:26:26,061 DEBUG [Time-limited test] client.TestXmlParsing(88): exception text: 'java.io.IOException: Issue parsing StorageClusterVersionModel object in XML form: null"
43077,hadoop-trunk,/Users/holen/DegreeProject/mstracker-RQ3/hadoop-trunk/hadoop-hdfs-project/hadoop-hdfs/target/surefire-reports/org.apache.hadoop.hdfs.server.namenode.TestReencryptionHandler-output.txt,4,"2021-01-27 12:49:50,819 [Time-limited test] INFO  namenode.TestReencryptionHandler (TestReencryptionHandler.java:testThrottleAccumulatingTasks(201)) - Throttle completed, consumed 3000"
635573,zookeeper-master,/Users/holen/DegreeProject/mstracker-RQ3/zookeeper-master/zookeeper-server/target/surefire-reports/org.apache.zookeeper.test.ObserverMasterTest-output.txt,6038,"2021-03-02 00:36:38,941 [myid:] - INFO  [main-EventThread:ObserverMasterTest$AsyncWriter@511] - wrote /obs900"
627776,hbase-master,/Users/holen/DegreeProject/mstracker-RQ3/hbase-master/hbase-server/target/surefire-reports/org.apache.hadoop.hbase.util.TestRootPath-output.txt,2,"2021-03-01 22:30:17,662 INFO  [main] util.TestRootPath(66): Got expected exception when checking invalid path:"
37114,hadoop-trunk,/Users/holen/DegreeProject/mstracker-RQ3/hadoop-trunk/hadoop-mapreduce-project/hadoop-mapreduce-client/hadoop-mapreduce-client-app/target/surefire-reports/org.apache.hadoop.mapreduce.v2.app.job.impl.TestTaskImpl-output.txt,158,"2021-01-27 20:31:59,200 INFO  [main] impl.TestTaskImpl (TestTaskImpl.java:testKillSuccessfulTask(478)) - --- START: testKillSuccesfulTask ---"
47413,hadoop-trunk,/Users/holen/DegreeProject/mstracker-RQ3/hadoop-trunk/hadoop-hdfs-project/hadoop-hdfs/target/surefire-reports/org.apache.hadoop.hdfs.server.namenode.ha.TestFailureToReadEdits-output.txt,2131,"2021-01-27 12:46:11,576 [Listener at localhost/10990] INFO  ha.TestFailureToReadEdits (TestFailureToReadEdits.java:setUpCluster(130)) - Set SHARED_DIR_HA cluster's basePort to 13512"
34159,hadoop-trunk,/Users/holen/DegreeProject/mstracker-RQ3/hadoop-trunk/hadoop-yarn-project/hadoop-yarn/hadoop-yarn-client/target/surefire-reports/org.apache.hadoop.yarn.client.cli.TestLogsCLI-output.txt,159,"2021-01-27 19:11:06,440 INFO  [Time-limited test] cli.TestLogsCLI (TestLogsCLI.java:testFetchFinishedApplictionLogs(507)) - Container: container_0_0001_01_000001 on localhost_12341611792666270"
61717,hadoop-trunk,/Users/holen/DegreeProject/mstracker-RQ3/hadoop-trunk/hadoop-hdfs-project/hadoop-hdfs/target/surefire-reports/org.apache.hadoop.hdfs.TestFileAppend4-output.txt,4516,"2021-01-27 11:05:33,702 [Listener at localhost/37251] INFO  hdfs.TestFileAppend4 (TestFileAppend4.java:testCompleteOtherLeaseHoldersFile(266)) - Writing some data from new appender"
632319,pig-trunk,/Users/holen/DegreeProject/mstracker-RQ3/pig-trunk/build/test/logs/TEST-org.apache.pig.test.TestPigStorage.txt,5291,"2021-03-07 23:14:00,537 [JobControl] INFO  org.apache.pig.test.TestPigStorage$PigExtendedStorage  - Using PigTextInputFormat"
83255,hadoop-trunk,/Users/holen/DegreeProject/mstracker-RQ3/hadoop-trunk/hadoop-hdfs-project/hadoop-hdfs/target/surefire-reports/org.apache.hadoop.hdfs.TestReconstructStripedFile-output.txt,9938,"2021-01-27 16:01:43,176 [Time-limited test] INFO  hdfs.TestReconstructStripedFile (TestReconstructStripedFile.java:assertFileBlocksReconstruction(389)) - replica after reconstruction /home/users/hzhang/project/repo2test/hadoop-trunk/hadoop-hdfs-project/hadoop-hdfs/target/test/data/vLZPWJek39/data/data18/current/BP-480988887-192.168.165.202-1611781296725/current/finalized/subdir0/subdir0/blk_-9223372036854775769"
16560,activemq-master,/Users/holen/DegreeProject/mstracker-RQ3/activemq-master/activemq-unit-tests/target/surefire-reports/org.apache.activemq.network.CompressionOverNetworkTest-output.txt,387,"2020-12-10 17:01:44,408 [main           ] - INFO  CompressionOverNetworkTest     - BrokerService[localBroker] bridges [DurableConduitBridge:localBroker->remoteBroker]"
54510,hadoop-trunk,/Users/holen/DegreeProject/mstracker-RQ3/hadoop-trunk/hadoop-hdfs-project/hadoop-hdfs/target/surefire-reports/org.apache.hadoop.hdfs.server.namenode.TestCacheDirectives-output.txt,9438,"2021-01-27 14:04:34,452 [Listener at localhost/36911] INFO  namenode.TestCacheDirectives (TestCacheDirectives.java:waitForCachedBlocks(758)) - Waiting for 0 blocks with 0 replicas."
630865,hive-master,/Users/holen/DegreeProject/mstracker-RQ3/hive-master/ql/target/surefire-reports/org.apache.hadoop.hive.ql.TestTxnNoBuckets-output.txt,15234,"2021-01-27T12:25:02,674  WARN [main] ql.TestTxnNoBuckets: {""writeid"":0,""bucketid"":536870912,""rowid"":4}	1	4	file:/home/users/hzhang/project/repo2test/hive-master/ql/target/tmp/org.apache.hadoop.hive.ql.TestTxnNoBuckets-1611779017548/warehouse/nonacidnonbucket/base_10000004_v0000023/bucket_00000"
6951,activemq-master,/Users/holen/DegreeProject/mstracker-RQ3/activemq-master/activemq-unit-tests/target/surefire-reports/org.apache.activemq.bugs.AMQ4413Test-output.txt,4113,"2020-12-10 16:00:18,302 [pool-1-thread-1] - INFO  AMQ4413Test                    - pub sent msg: 27"
43695,hadoop-trunk,/Users/holen/DegreeProject/mstracker-RQ3/hadoop-trunk/hadoop-hdfs-project/hadoop-hdfs/target/surefire-reports/org.apache.hadoop.hdfs.server.common.TestGetUriFromString-output.txt,86,"2021-01-27 12:21:01,999 [main] INFO  common.TestGetUriFromString (TestGetUriFromString.java:testRelativePathAsURI(58)) - Uri: file:/home/users/hzhang/project/repo2test/hadoop-trunk/hadoop-hdfs-project/hadoop-hdfs/relativeFilePath"
636002,zookeeper-master,/Users/holen/DegreeProject/mstracker-RQ3/zookeeper-master/zookeeper-server/target/surefire-reports/org.apache.zookeeper.server.SerializationPerfTest-output.txt,74,"2021-03-02 00:40:53,218 [myid:] - INFO  [main:SerializationPerfTest@72] - Serialized 10006 nodes in 4 ms (0us/node), depth=2 width=10000 datalen=20"
58915,hadoop-trunk,/Users/holen/DegreeProject/mstracker-RQ3/hadoop-trunk/hadoop-hdfs-project/hadoop-hdfs/target/surefire-reports/org.apache.hadoop.hdfs.TestReadStripedFileWithMissingBlocks-output.txt,2312,"2021-01-27 14:41:56,456 [Listener at localhost/44533] INFO  hdfs.TestReadStripedFileWithMissingBlocks (TestReadStripedFileWithMissingBlocks.java:readFileWithMissingBlocks(109)) - readFileWithMissingBlocks: (2,0)"
17971,hadoop-trunk,/Users/holen/DegreeProject/mstracker-RQ3/hadoop-trunk/hadoop-yarn-project/hadoop-yarn/hadoop-yarn-server/hadoop-yarn-server-resourcemanager/target/surefire-reports/org.apache.hadoop.yarn.server.resourcemanager.TestClientRMTokens-output.txt,28,"2021-01-27 18:54:25,944 INFO  [Listener at 0.0.0.0/8032] resourcemanager.TestClientRMTokens (TestClientRMTokens.java:testDelegationToken(177)) - Renewed token at: 1611791665944, NextExpiryTime: 1611791675940"
628239,hive-master,/Users/holen/DegreeProject/mstracker-RQ3/hive-master/hcatalog/core/target/surefire-reports/org.apache.hive.hcatalog.data.TestJsonSerDe-output.txt,220,"2021-01-27T12:56:32,957  INFO [main] data.TestJsonSerDe: modif tbl props:{columns=_col0,_col1,_col2,_col3,_col4,_col5,_col6,_col7,_col8,_col9,_col10,_col11,_col12,_col13,_col14,_col15,_col16,_col17,_col18, columns.types=tinyint,smallint,int,bigint,double,float,string,string,struct<a:string,b:string>,array<int>,map<smallint,string>,boolean,array<struct<i1:int,i2:struct<ii1:array<int>,ii2:map<string,struct<iii1:int>>>>>,decimal(5,2),char(10),varchar(20),date,timestamp,binary}"
42440,hadoop-trunk,/Users/holen/DegreeProject/mstracker-RQ3/hadoop-trunk/hadoop-tools/hadoop-distcp/target/surefire-reports/org.apache.hadoop.tools.TestDistCpSystem-output.txt,32457,"2021-01-28 01:39:52,362 [Time-limited test] INFO  tools.TestDistCpSystem (TestDistCpSystem.java:compareFiles(278)) - ______ compared src and dst files for 90624 bytes, content match. FileLength: 102400"
638637,zookeeper-master,/Users/holen/DegreeProject/mstracker-RQ3/zookeeper-master/zookeeper-server/target/surefire-reports/org.apache.zookeeper.test.RecoveryTest-output.txt,107,"2021-03-02 00:39:39,785 [myid:] - INFO  [main:RecoveryTest@85] - starting creating nodes"
34366,hadoop-trunk,/Users/holen/DegreeProject/mstracker-RQ3/hadoop-trunk/hadoop-common-project/hadoop-common/target/surefire-reports/org.apache.hadoop.net.TestDNS-output.txt,2,"2021-01-27 10:47:19,232 INFO  net.TestDNS (TestDNS.java:testLocalhostResolves(267)) - Localhost IPAddr is localhost/127.0.0.1"
18225,hadoop-trunk,/Users/holen/DegreeProject/mstracker-RQ3/hadoop-trunk/hadoop-yarn-project/hadoop-yarn/hadoop-yarn-server/hadoop-yarn-server-resourcemanager/target/surefire-reports/org.apache.hadoop.yarn.server.resourcemanager.reservation.planning.TestAlignedPlanner-output.txt,592,"2021-01-27 17:49:54,521 INFO  [main] planning.TestAlignedPlanner (TestAlignedPlanner.java:setup(1076)) - Running with seed: 4515714174556338475"
83350,hadoop-trunk,/Users/holen/DegreeProject/mstracker-RQ3/hadoop-trunk/hadoop-hdfs-project/hadoop-hdfs/target/surefire-reports/org.apache.hadoop.hdfs.server.diskbalancer.TestDiskBalancerWithMockMover-output.txt,4297,"2021-01-27 14:23:40,062 [Listener at localhost/42249] INFO  diskbalancer.TestDiskBalancerWithMockMover (TestDiskBalancerWithMockMover.java:getRunCount(465)) - Run count : 1"
1960,activemq-master,/Users/holen/DegreeProject/mstracker-RQ3/activemq-master/activemq-unit-tests/target/surefire-reports/org.apache.activemq.bugs.AMQ4582Test-output.txt,53,"2020-12-10 16:11:35,998 [main           ] - INFO  AMQ4582Test                    - BrokerService threw:"
33947,hadoop-trunk,/Users/holen/DegreeProject/mstracker-RQ3/hadoop-trunk/hadoop-yarn-project/hadoop-yarn/hadoop-yarn-server/hadoop-yarn-server-tests/target/surefire-reports/org.apache.hadoop.yarn.server.TestContainerManagerSecurity-output.txt,861,"2021-01-27 18:59:44,413 INFO  [Listener at localhost/39185] server.TestContainerManagerSecurity (TestContainerManagerSecurity.java:testContainerToken(636)) - Running test for malice user"
626220,hbase-master,/Users/holen/DegreeProject/mstracker-RQ3/hbase-master/hbase-server/target/surefire-reports/org.apache.hadoop.hbase.regionserver.querymatcher.TestUserScanQueryMatcher-output.txt,31,"2021-03-01 22:31:36,281 DEBUG [Time-limited test] querymatcher.TestUserScanQueryMatcher(245): expected INCLUDE, actual INCLUDE"
37245,hadoop-trunk,/Users/holen/DegreeProject/mstracker-RQ3/hadoop-trunk/hadoop-mapreduce-project/hadoop-mapreduce-client/hadoop-mapreduce-client-hs/target/surefire-reports/org.apache.hadoop.mapreduce.v2.hs.TestJobHistoryParsing-output.txt,1134,"2021-01-27 20:38:20,603 INFO  [Listener at 0.0.0.0/39659] hs.TestJobHistoryParsing (TestJobHistoryParsing.java:testHistoryParsingForFailedAttempts(463)) - FINISHED testHistoryParsingForFailedAttempts"
41913,hadoop-trunk,/Users/holen/DegreeProject/mstracker-RQ3/hadoop-trunk/hadoop-tools/hadoop-distcp/target/surefire-reports/org.apache.hadoop.tools.mapred.lib.TestDynamicInputFormat-output.txt,1,"2021-01-28 01:42:44,280 [main] DEBUG lib.TestDynamicInputFormat (TestDynamicInputFormat.java:getConfigurationForCluster(75)) - fs.default.name  == file:///"
46926,hadoop-trunk,/Users/holen/DegreeProject/mstracker-RQ3/hadoop-trunk/hadoop-hdfs-project/hadoop-hdfs/target/surefire-reports/org.apache.hadoop.hdfs.server.namenode.TestListOpenFiles-output.txt,2290,"2021-01-27 13:08:12,566 [Time-limited test] INFO  namenode.TestListOpenFiles (TestListOpenFiles.java:verifyOpenFiles(152)) - OpenFile: /open-3-4"
35834,hadoop-trunk,/Users/holen/DegreeProject/mstracker-RQ3/hadoop-trunk/hadoop-common-project/hadoop-common/target/surefire-reports/org.apache.hadoop.security.TestKDiagNoKDC-output.txt,440,"2021-01-27 10:33:22,520 ERROR security.TestKDiagNoKDC (TestKDiagNoKDC.java:kdiagFailure(85)) - Expected an exception in category LOGIN, return code 0"
81992,hadoop-trunk,/Users/holen/DegreeProject/mstracker-RQ3/hadoop-trunk/hadoop-hdfs-project/hadoop-hdfs/target/surefire-reports/org.apache.hadoop.hdfs.server.datanode.metrics.TestSlowNodeDetector-output.txt,11,"2021-01-27 11:56:06,868 [Time-limited test] INFO  metrics.TestSlowNodeDetector (TestSlowNodeDetector.java:testOutliersFromTestMatrix(250)) - Verifying set {n1=1029.4322, n2=2647.876, n3=9194.312, n4=2.2, n5=2012.92, n6=1843.81, n7=1201.43, n8=6712.01, n9=3278.554, n10=2091.765, n11=9194.77}"
79631,hadoop-trunk,/Users/holen/DegreeProject/mstracker-RQ3/hadoop-trunk/hadoop-hdfs-project/hadoop-hdfs/target/surefire-reports/org.apache.hadoop.hdfs.web.TestWebHDFS-output.txt,844,"2021-01-27 15:08:34,074 [Listener at localhost/33305] INFO  web.TestWebHDFS (TestWebHDFS.java:testWebHdfsNoRedirect(1553)) - Sending append request http://localhost:34797/webhdfs/v1/testWebHdfsNoRedirect?op=APPEND&noredirect=true"
20760,hadoop-trunk,/Users/holen/DegreeProject/mstracker-RQ3/hadoop-trunk/hadoop-yarn-project/hadoop-yarn/hadoop-yarn-server/hadoop-yarn-server-nodemanager/target/surefire-reports/org.apache.hadoop.yarn.server.nodemanager.amrmproxy.TestAMRMProxyMetrics-output.txt,1,"2021-01-27 17:19:08,100 INFO  [main] amrmproxy.TestAMRMProxyMetrics (TestAMRMProxyMetrics.java:init(39)) - Test: aggregate metrics are initialized correctly"
627870,hbase-master,/Users/holen/DegreeProject/mstracker-RQ3/hbase-master/hbase-http/target/surefire-reports/org.apache.hadoop.hbase.http.TestHttpServerWebapps-output.txt,2,"2021-03-01 22:13:47,073 DEBUG [Time-limited test] http.TestHttpServerWebapps(70): Expected exception java.io.FileNotFoundException: webapps/NoSuchWebapp not found in CLASSPATH"
10444,activemq-master,/Users/holen/DegreeProject/mstracker-RQ3/activemq-master/activemq-unit-tests/target/surefire-reports/org.apache.activemq.bugs.AMQ5426Test-output.txt,994,"2020-12-10 16:21:02,647 [me-limited test] - INFO  AMQ5426Test                    - Run 492 of 1000 completed, message received: 1"
83476,hadoop-trunk,/Users/holen/DegreeProject/mstracker-RQ3/hadoop-trunk/hadoop-hdfs-project/hadoop-hdfs/target/surefire-reports/org.apache.hadoop.hdfs.TestParallelRead-output.txt,526,"2021-01-27 11:21:33,262 [Listener at localhost/41247] INFO  hdfs.TestParallelReadUtil (TestParallelReadUtil.java:runParallelRead(358)) - --- Report: ReadWorker-2-/TestParallelRead.dat.0 read 62145948 B; average 60689 B per read"
12850,activemq-master,/Users/holen/DegreeProject/mstracker-RQ3/activemq-master/activemq-unit-tests/target/surefire-reports/org.apache.activemq.bugs.DuplicateFromStoreTest-output.txt,48,"2020-12-10 16:44:54,846 [pool-2-thread-6] - ERROR DuplicateFromStoreTest         - Received message of unsupported type. Expecting TextMessage. count: 5015"
627293,hbase-master,/Users/holen/DegreeProject/mstracker-RQ3/hbase-master/hbase-server/target/surefire-reports/org.apache.hadoop.hbase.master.cleaner.TestCleanerChore-output.txt,139,"2021-03-01 22:20:36,346 DEBUG [Time-limited test] cleaner.TestCleanerChore(320): Writing test data to: /home/users/hzhang/project/repo2test/hbase-master/hbase-server/target/test-data/bf7d2397-cae2-2665-4af6-71401474073e"
637592,zookeeper-master,/Users/holen/DegreeProject/mstracker-RQ3/zookeeper-master/zookeeper-server/target/surefire-reports/org.apache.zookeeper.test.QuorumUtilTest-output.txt,83,"2021-03-02 00:39:38,424 [myid:] - INFO  [main:QuorumUtilTest@53] - >-->> Starting up all servers..."
637679,zookeeper-master,/Users/holen/DegreeProject/mstracker-RQ3/zookeeper-master/zookeeper-server/target/surefire-reports/org.apache.zookeeper.test.FLERestartTest-output.txt,150,"2021-03-02 00:36:15,976 [myid:] - INFO  [Thread-2:FLERestartTest$FLERestartThread@107] - Going to call leader election again."
35602,hadoop-trunk,/Users/holen/DegreeProject/mstracker-RQ3/hadoop-trunk/hadoop-common-project/hadoop-common/target/surefire-reports/org.apache.hadoop.security.TestUserGroupInformation-output.txt,12,"2021-01-27 10:35:47,532 INFO  security.TestUserGroupInformation (TestUserGroupInformation.java:testGetNextRetryTime(1141)) - 5th retry, now:1611761757528, retry:1611761766528"
627867,hbase-master,/Users/holen/DegreeProject/mstracker-RQ3/hbase-master/hbase-rest/target/surefire-reports/org.apache.hadoop.hbase.rest.TestVersionResource-output.txt,96,"2021-03-01 23:30:27,607 INFO  [Time-limited test] rest.TestVersionResource(194): success retrieving storage cluster version as JSON"
12793,activemq-master,/Users/holen/DegreeProject/mstracker-RQ3/activemq-master/activemq-unit-tests/target/surefire-reports/org.apache.activemq.broker.jmx.JMXRemoveDurableSubscriberTest-output.txt,9,"2020-12-10 14:51:16,175 [me-limited test] - INFO  JMXRemoveDurableSubscriberTest - Successfully created durable subscriber testSubscriber via AdminView"
637757,zookeeper-master,/Users/holen/DegreeProject/mstracker-RQ3/zookeeper-master/zookeeper-server/target/surefire-reports/org.apache.zookeeper.test.ZkDatabaseCorruptionTest-output.txt,2530,"2021-03-02 00:32:08,249 [myid:] - INFO  [main:ZkDatabaseCorruptionTest@157] - 127.0.0.1:19312 is accepting client connections"
61932,hadoop-trunk,/Users/holen/DegreeProject/mstracker-RQ3/hadoop-trunk/hadoop-hdfs-project/hadoop-hdfs/target/surefire-reports/org.apache.hadoop.hdfs.server.blockmanagement.TestNameNodePrunesMissingStorages-output.txt,381,"2021-01-27 11:36:35,377 [Listener at localhost/35513] INFO  blockmanagement.TestNameNodePrunesMissingStorages (TestNameNodePrunesMissingStorages.java:get(361)) - Expected blk_1073741825 to be in storage id DS-2ab551a0-7f03-4b60-8102-ea222efeecbd, but it was in DS-6ab27eb6-9c23-4c21-89bc-cdca79ea996e.  Continuing to wait."
632229,openmeetings-master,/Users/holen/DegreeProject/mstracker-RQ3/openmeetings-master/openmeetings-core/target/surefire-reports/org.apache.openmeetings.core.mail.TestMailSending-output.txt,2,18:51:21.840 [main] ERROR org.apache.openmeetings.core.mail.TestMailSending - Error
86649,hbase-master,/Users/holen/DegreeProject/mstracker-RQ3/hbase-master/hbase-common/target/surefire-reports/org.apache.hadoop.hbase.TestKeyValue-output.txt,54,"2021-03-01 22:06:41,617 INFO  [Time-limited test] hbase.TestKeyValue(610): Case#2: deserialize the kv: key/cf:qualA/1614654401614/Put/vlen=1/seqid=0"
36839,hadoop-trunk,/Users/holen/DegreeProject/mstracker-RQ3/hadoop-trunk/hadoop-mapreduce-project/hadoop-mapreduce-client/hadoop-mapreduce-client-common/target/surefire-reports/org.apache.hadoop.mapred.TestLocalModeWithNewApis-output.txt,162,"2021-01-27 20:31:10,829 INFO  [main] mapred.TestLocalModeWithNewApis (TestLocalModeWithNewApis.java:readOutput(110)) - Path: file:/tmp/wc--1292491714/output/part-r-00000"
626450,hbase-master,/Users/holen/DegreeProject/mstracker-RQ3/hbase-master/hbase-server/target/surefire-reports/org.apache.hadoop.hbase.regionserver.wal.TestWALConfiguration-output.txt,12,"2021-03-01 22:34:50,084 INFO  [Time-limited test] wal.TestWALConfiguration(94): Found blocksize of 67108864 on FSHLog filesystem:(num 1614656090021)"
86801,hbase-master,/Users/holen/DegreeProject/mstracker-RQ3/hbase-master/hbase-procedure/target/surefire-reports/org.apache.hadoop.hbase.procedure2.store.wal.TestWALProcedureStore-output.txt,2049,"2021-03-01 22:15:09,378 DEBUG [Time-limited test] wal.TestWALProcedureStore(818): corrupt log file:/home/users/hzhang/project/repo2test/hbase-master/hbase-procedure/target/test-data/7994f2d2-4b76-4134-3b63-69513c95ac75/proc-logs/pv2-00000000000000000004.log size=172 drop=4"
17185,activemq-master,/Users/holen/DegreeProject/mstracker-RQ3/activemq-master/activemq-unit-tests/target/surefire-reports/org.apache.activemq.transport.udp.UdpTransportUsingServerTest-output.txt,5,"2020-12-10 18:09:11,529 [main           ] - INFO  UdpTransportUsingServerTest    - Received: Response {commandId = 1, responseRequired = false, correlationId = 1}"
60925,hadoop-trunk,/Users/holen/DegreeProject/mstracker-RQ3/hadoop-trunk/hadoop-hdfs-project/hadoop-hdfs/target/surefire-reports/org.apache.hadoop.hdfs.TestAppendSnapshotTruncate-output.txt,4913,"2021-01-27 15:14:39,065 [file02] INFO  hdfs.TestAppendSnapshotTruncate (TestAppendSnapshotTruncate.java:run(453)) - append 3918 bytes to file02"
634839,tomcat-master,/Users/holen/DegreeProject/mstracker-RQ3/tomcat-master/output/build/logs/TEST-org.apache.catalina.tribes.group.TestGroupChannelSenderConnections.NIO2.txt,14,03-Mar-2021 01:02:13.818 INFO [main] org.apache.catalina.tribes.group.TestGroupChannelSenderConnections.sendMessages Messages sent. Waiting no more than 15 seconds for them to be received
627268,hbase-master,/Users/holen/DegreeProject/mstracker-RQ3/hbase-master/hbase-server/target/surefire-reports/org.apache.hadoop.hbase.wal.TestReadWriteSeqIdFiles-output.txt,4,"2021-03-01 22:37:26,099 INFO  [Time-limited test] wal.TestReadWriteSeqIdFiles(78): Expected error"
634312,tomcat-master,/Users/holen/DegreeProject/mstracker-RQ3/tomcat-master/output/build/logs/TEST-org.apache.catalina.startup.TestTomcat.NIO2.txt,454,03-Mar-2021 01:01:56.870 INFO [main] org.apache.catalina.startup.TestTomcat.testLaunchTime Tomcat started in [8] ms
58500,hadoop-trunk,/Users/holen/DegreeProject/mstracker-RQ3/hadoop-trunk/hadoop-hdfs-project/hadoop-hdfs/target/surefire-reports/org.apache.hadoop.hdfs.TestDFSInotifyEventInputStream-output.txt,1524,"2021-01-27 15:53:15,763 [Listener at localhost/12778] INFO  hdfs.TestDFSInotifyEventInputStream (TestDFSInotifyEventInputStream.java:testBasic(156)) - RenameEvent [srcPath=/file, dstPath=/file4, timestamp=1611780795476]"
634250,tomcat-master,/Users/holen/DegreeProject/mstracker-RQ3/tomcat-master/output/build/logs/TEST-org.apache.catalina.startup.TestTomcat.APR.txt,843,03-Mar-2021 01:17:26.229 INFO [main] org.apache.catalina.startup.TestTomcat.testLaunchTime Tomcat started in [7] ms
36958,hadoop-trunk,/Users/holen/DegreeProject/mstracker-RQ3/hadoop-trunk/hadoop-mapreduce-project/hadoop-mapreduce-client/hadoop-mapreduce-client-app/target/surefire-reports/org.apache.hadoop.mapreduce.v2.app.TestRecovery-output.txt,12,"2021-01-27 20:35:19,154 INFO  [main] app.TestRecovery (TestRecovery.java:recoveryChecker(1906)) - TASK_STARTED TASK_STARTED job_1611797717971_0001"
58531,hadoop-trunk,/Users/holen/DegreeProject/mstracker-RQ3/hadoop-trunk/hadoop-hdfs-project/hadoop-hdfs/target/surefire-reports/org.apache.hadoop.hdfs.server.namenode.ha.TestStandbyIsHot-output.txt,1020,"2021-01-27 12:33:45,645 [Listener at localhost/43583] INFO  ha.TestStandbyIsHot (TestStandbyIsHot.java:testStandbyIsHot(117)) - Waiting for higher replication to show up on standby"
85679,hadoop-trunk,/Users/holen/DegreeProject/mstracker-RQ3/hadoop-trunk/hadoop-hdfs-project/hadoop-hdfs/target/surefire-reports/org.apache.hadoop.hdfs.TestFileStatusWithRandomECPolicy-output.txt,1,"2021-01-27 14:37:20,178 [main] INFO  hdfs.TestFileStatusWithRandomECPolicy (TestFileStatusWithRandomECPolicy.java:<init>(40)) - run TestFileStatusWithDefaultECPolicy with XOR-2-1-1024k."
627057,hbase-master,/Users/holen/DegreeProject/mstracker-RQ3/hbase-master/hbase-server/target/surefire-reports/org.apache.hadoop.hbase.regionserver.TestWideScanner-output.txt,29,"2021-03-01 22:31:14,432 INFO  [Time-limited test] regionserver.TestWideScanner(141): iteration #27, results.size=256"
632314,pig-trunk,/Users/holen/DegreeProject/mstracker-RQ3/pig-trunk/build/test/logs/TEST-org.apache.pig.test.TestSplitIndex.txt,33,"2021-03-08 00:22:52,493 [JobControl] INFO  org.apache.pig.test.TestSplitIndex$SplitSensitiveLoadFunc  - Using PigTextInputFormat"
35946,hadoop-trunk,/Users/holen/DegreeProject/mstracker-RQ3/hadoop-trunk/hadoop-common-project/hadoop-common/target/surefire-reports/org.apache.hadoop.fs.TestFileContext-output.txt,1,"2021-01-27 10:26:31,670 INFO  fs.TestFileContext (TestFileContext.java:testDefaultURIWithoutScheme(43)) - Expected exception: "
632359,pig-trunk,/Users/holen/DegreeProject/mstracker-RQ3/pig-trunk/build/test/logs/TEST-org.apache.pig.builtin.TestAvroStorage.txt,40,"2021-03-07 18:21:04,911 [main] INFO  org.apache.pig.builtin.TestAvroStorage  - creating test/org/apache/pig/builtin/avro/data/json/testdirectory/part-m-00000"
627288,hbase-master,/Users/holen/DegreeProject/mstracker-RQ3/hbase-master/hbase-server/target/surefire-reports/org.apache.hadoop.hbase.regionserver.TestScanWithBloomError-output.txt,667,"2021-03-01 22:35:05,933 INFO  [Time-limited test] regionserver.TestScanWithBloomError(192): Column ids returned: [1, 6, 7], expected: [1, 6, 7]"
79020,hadoop-trunk,/Users/holen/DegreeProject/mstracker-RQ3/hadoop-trunk/hadoop-hdfs-project/hadoop-hdfs/target/surefire-reports/org.apache.hadoop.hdfs.tools.TestDFSHAAdmin-output.txt,228,"2021-01-27 16:32:56,756 [main] INFO  tools.TestDFSHAAdmin (TestDFSHAAdmin.java:runTool(440)) - Err_output:"
630742,hive-master,/Users/holen/DegreeProject/mstracker-RQ3/hive-master/ql/target/surefire-reports/org.apache.hadoop.hive.ql.TestTxnCommandsForMmTable-output.txt,13454,"2021-01-27T10:38:32,297  INFO [main] ql.TestTxnCommandsForMmTable: Explain formatted: [{""CBOPlan"":""{\n  \""rels\"": [\n    {\n      \""id\"": \""0\"",\n      \""relOp\"": \""org.apache.hadoop.hive.ql.optimizer.calcite.reloperators.HiveTableScan\"",\n      \""table\"": [\n        \""default\"",\n        \""nonacidpart\""\n      ],\n      \""table:alias\"": \""nonacidpart\"",\n      \""inputs\"": [],\n      \""rowCount\"": 2.0,\n      \""avgRowSize\"": 108.0,\n      \""rowType\"": [\n        {\n          \""type\"": \""INTEGER\"",\n          \""nullable\"": true,\n          \""name\"": \""a\""\n        },\n        {\n          \""type\"": \""INTEGER\"",\n          \""nullable\"": true,\n          \""name\"": \""b\""\n        },\n        {\n          \""type\"": \""VARCHAR\"",\n          \""nullable\"": true,\n          \""precision\"": 2147483647,\n          \""name\"": \""p\""\n        },\n        {\n          \""type\"": \""BIGINT\"",\n          \""nullable\"": true,\n          \""name\"": \""BLOCK__OFFSET__INSIDE__FILE\""\n        },\n        {\n          \""type\"": \""VARCHAR\"",\n          \""nullable\"": true,\n          \""precision\"": 2147483647,\n          \""name\"": \""INPUT__FILE__NAME\""\n        },\n        {\n          \""fields\"": [\n            {\n              \""type\"": \""BIGINT\"",\n              \""nullable\"": true,\n              \""name\"": \""writeid\""\n            },\n            {\n              \""type\"": \""INTEGER\"",\n              \""nullable\"": true,\n              \""name\"": \""bucketid\""\n            },\n            {\n              \""type\"": \""BIGINT\"",\n              \""nullable\"": true,\n              \""name\"": \""rowid\""\n            }\n          ],\n          \""name\"": \""ROW__ID\""\n        }\n      ],\n      \""partitionColumns\"": [\n        \""p\""\n      ],\n      \""colStats\"": [\n        {\n          \""name\"": \""a\"",\n          \""ndv\"": 1,\n          \""minValue\"": -9223372036854775808,\n          \""maxValue\"": 9223372036854775807\n        },\n        {\n          \""name\"": \""b\"",\n          \""ndv\"": 1,\n          \""minValue\"": -9223372036854775808,\n          \""maxValue\"": 9223372036854775807\n        },\n        {\n          \""name\"": \""p\"",\n          \""ndv\"": 1\n        }\n      ]\n    },\n    {\n      \""id\"": \""1\"",\n      \""relOp\"": \""org.apache.hadoop.hive.ql.optimizer.calcite.reloperators.HiveFilter\"",\n      \""condition\"": {\n        \""op\"": {\n          \""name\"": \""=\"",\n          \""kind\"": \""EQUALS\"",\n          \""syntax\"": \""BINARY\""\n        },\n        \""operands\"": [\n          {\n            \""input\"": 2,\n            \""name\"": \""$2\""\n          },\n          {\n            \""literal\"": \""odd\"",\n            \""type\"": {\n              \""type\"": \""VARCHAR\"",\n              \""nullable\"": false,\n              \""precision\"": 2147483647\n            }\n          }\n        ]\n      },\n      \""rowCount\"": 2.0\n    },\n    {\n      \""id\"": \""2\"",\n      \""relOp\"": \""org.apache.hadoop.hive.ql.optimizer.calcite.reloperators.HiveProject\"",\n      \""fields\"": [\n        \""a\"",\n        \""b\""\n      ],\n      \""exprs\"": [\n        {\n          \""input\"": 0,\n          \""name\"": \""$0\""\n        },\n        {\n          \""input\"": 1,\n          \""name\"": \""$1\""\n        }\n      ],\n      \""rowCount\"": 2.0\n    }\n  ]\n}"",""optimizedSQL"":""SELECT `a`, `b`\nFROM `default`.`nonacidpart`\nWHERE `p` = 'odd'"",""cboInfo"":""Plan optimized by CBO."",""STAGE DEPENDENCIES"":{""Stage-1"":{""ROOT STAGE"":""TRUE""},""Stage-7"":{""DEPENDENT STAGES"":""Stage-1"",""CONDITIONAL CHILD TASKS"":""Stage-4, Stage-3, Stage-5""},""Stage-4"":{},""Stage-0"":{""DEPENDENT STAGES"":""Stage-4, Stage-3, Stage-6""},""Stage-2"":{""DEPENDENT STAGES"":""Stage-0""},""Stage-3"":{},""Stage-5"":{},""Stage-6"":{""DEPENDENT STAGES"":""Stage-5""}},""STAGE PLANS"":{""Stage-1"":{""Map Reduce"":{""Map Operator Tree:"":[{""TableScan"":{""alias:"":""nonacidpart"",""columns:"":[""a"",""b""],""database:"":""default"",""filterExpr:"":""(p = 'odd') (type: boolean)"",""Statistics:"":""Num rows: 2 Data size: 16 Basic stats: COMPLETE Column stats: NONE"",""table:"":""nonacidpart"",""isTempTable:"":""false"",""OperatorId:"":""TS_0"",""children"":{""Select Operator"":{""expressions:"":""a (type: int), b (type: int)"",""columnExprMap:"":{""_col0"":""a"",""_col1"":""b""},""outputColumnNames:"":[""_col0"",""_col1""],""Statistics:"":""Num rows: 2 Data size: 16 Basic stats: COMPLETE Column stats: NONE"",""OperatorId:"":""SEL_7"",""children"":{""File Output Operator"":{""compressed:"":""false"",""Statistics:"":""Num rows: 2 Data size: 16 Basic stats: COMPLETE Column stats: NONE"",""table:"":{""input format:"":""org.apache.hadoop.mapred.TextInputFormat"",""output format:"":""org.apache.hadoop.hive.ql.io.HiveIgnoreKeyTextOutputFormat"",""serde:"":""org.apache.hadoop.hive.serde2.lazy.LazySimpleSerDe"",""name:"":""default.mmtblpart""},""Write Type:"":""INSERT"",""OperatorId:"":""FS_8""}}}}}}],""Execution mode:"":""vectorized""}},""Stage-7"":{""Conditional Operator"":{}},""Stage-4"":{""Dependency Collection"":{}},""Stage-0"":{""Move Operator"":{""tables:"":{""partition:"":{""p"":""odd""},""replace:"":""false"",""table:"":{""input format:"":""org.apache.hadoop.mapred.TextInputFormat"",""output format:"":""org.apache.hadoop.hive.ql.io.HiveIgnoreKeyTextOutputFormat"",""serde:"":""org.apache.hadoop.hive.serde2.lazy.LazySimpleSerDe"",""name:"":""default.mmtblpart""},""Write Type:"":""INSERT"",""micromanaged table:"":""true""}}},""Stage-2"":{""Stats Work"":{}},""Stage-3"":{""Map Reduce"":{""Map Operator Tree:"":[{""TableScan"":{""columns:"":[""a"",""b""],""OperatorId:"":""TS_5"",""children"":{""File Output Operator"":{""compressed:"":""false"",""table:"":{""input format:"":""org.apache.hadoop.mapred.TextInputFormat"",""output format:"":""org.apache.hadoop.hive.ql.io.HiveIgnoreKeyTextOutputFormat"",""serde:"":""org.apache.hadoop.hive.serde2.lazy.LazySimpleSerDe"",""name:"":""default.mmtblpart""},""OperatorId:"":""FS_6""}}}}]}},""Stage-5"":{""Map Reduce"":{""Map Operator Tree:"":[{""TableScan"":{""columns:"":[""a"",""b""],""OperatorId:"":""TS_5"",""children"":{""File Output Operator"":{""compressed:"":""false"",""table:"":{""input format:"":""org.apache.hadoop.mapred.TextInputFormat"",""output format:"":""org.apache.hadoop.hive.ql.io.HiveIgnoreKeyTextOutputFormat"",""serde:"":""org.apache.hadoop.hive.serde2.lazy.LazySimpleSerDe"",""name:"":""default.mmtblpart""},""OperatorId:"":""FS_6""}}}}]}},""Stage-6"":{""Dependency Collection"":{}}}}]"
37256,hadoop-trunk,/Users/holen/DegreeProject/mstracker-RQ3/hadoop-trunk/hadoop-mapreduce-project/hadoop-mapreduce-client/hadoop-mapreduce-client-hs/target/surefire-reports/org.apache.hadoop.mapreduce.v2.hs.TestJobHistoryEvents-output.txt,274,"2021-01-27 20:38:31,253 INFO  [Listener at 0.0.0.0/46761] hs.TestJobHistoryEvents (TestJobHistoryEvents.java:testHistoryEvents(61)) - JOBID is job_0_0000"
17030,activemq-master,/Users/holen/DegreeProject/mstracker-RQ3/activemq-master/activemq-unit-tests/target/surefire-reports/org.apache.activemq.ZeroPrefetchConsumerTest-output.txt,97,"2020-12-10 14:38:58,601 [main           ] - INFO  ZeroPrefetchConsumerTest       - Received expected exception : javax.jms.JMSException: Illegal prefetch size of zero. This setting is not supported for asynchronous consumers please set a value of at least 1"
17050,activemq-master,/Users/holen/DegreeProject/mstracker-RQ3/activemq-master/activemq-unit-tests/target/surefire-reports/org.apache.activemq.bugs.AMQ6815Test-output.txt,10,"2020-12-10 16:40:55,469 [me-limited test] - INFO  AMQ6815Test                    - Mem in use: 1640K"
16692,activemq-master,/Users/holen/DegreeProject/mstracker-RQ3/activemq-master/activemq-unit-tests/target/surefire-reports/org.apache.activemq.store.kahadb.MKahaDBIndexLocationTest-output.txt,14,"2020-12-10 17:45:37,398 [main           ] - INFO  MKahaDBIndexLocationTest       - Testing log filename: db-1.log"
43569,hadoop-trunk,/Users/holen/DegreeProject/mstracker-RQ3/hadoop-trunk/hadoop-hdfs-project/hadoop-hdfs/target/surefire-reports/org.apache.hadoop.hdfs.server.namenode.ha.TestObserverNode-output.txt,4345,"2021-01-27 12:37:12,528 [Listener at localhost/42843] INFO  ha.TestObserverNode (TestObserverNode.java:testFsckWithObserver(376)) - result=FSCK started by hzhang (auth:SIMPLE) from /127.0.0.1 for path / at Wed Jan 27 12:37:12 EST 2021"
82019,hadoop-trunk,/Users/holen/DegreeProject/mstracker-RQ3/hadoop-trunk/hadoop-hdfs-project/hadoop-hdfs/target/surefire-reports/org.apache.hadoop.hdfs.server.datanode.fsdataset.impl.TestSpaceReservation-output.txt,343394,"2021-01-27 11:49:48,922 [Listener at localhost/39103] INFO  impl.TestSpaceReservation (TestSpaceReservation.java:get(662)) - dn 127.0.0.1:42965 space : 1048576"
626606,hbase-master,/Users/holen/DegreeProject/mstracker-RQ3/hbase-master/hbase-server/target/surefire-reports/org.apache.hadoop.hbase.io.hfile.TestChecksum-output.txt,20,"2021-03-01 22:24:43,586 INFO  [Time-limited test] hfile.TestChecksum(352): testChecksumChunks: pread=false, bytesPerChecksum=50, fileSize=5369, dataSize=4936, expectedChunks=100, compression=NONE"
628237,hive-master,/Users/holen/DegreeProject/mstracker-RQ3/hive-master/hcatalog/core/target/surefire-reports/org.apache.hive.hcatalog.mapreduce.TestMultiOutputFormat-output.txt,680,"2021-01-27T13:04:52,851  INFO [main] mapreduce.TestMultiOutputFormat: Verifying file contents"
636272,zookeeper-master,/Users/holen/DegreeProject/mstracker-RQ3/zookeeper-master/zookeeper-server/target/surefire-reports/org.apache.zookeeper.test.HierarchicalQuorumTest-output.txt,71,"2021-03-02 00:39:34,315 [myid:] - INFO  [main:HierarchicalQuorumTest@170] - creating QuorumPeer 2 port 11235"
626453,hbase-master,/Users/holen/DegreeProject/mstracker-RQ3/hbase-master/hbase-server/target/surefire-reports/org.apache.hadoop.hbase.errorhandling.TestTimeoutExceptionInjector-output.txt,28,"2021-03-01 22:19:35,642 DEBUG [Time-limited test] errorhandling.TestTimeoutExceptionInjector(104): Correctly failed timer: Timer already cancelled."
